<?xml version="1.0" encoding="UTF-8"?>
<coverage generated="1774196302101" clover="3.2.0">
  <project timestamp="1774196302101" name="All files">
    <metrics statements="414" coveredstatements="202" conditionals="245" coveredconditionals="93" methods="30" coveredmethods="14" elements="689" coveredelements="309" complexity="0" loc="414" ncloc="414" packages="1" files="1" classes="1"/>
    <file name="server.js" path="/Users/erdosizsombor/Library/Mobile Documents/com~apple~CloudDocs/Betonlogisztika/backend/server.js">
      <metrics statements="414" coveredstatements="202" conditionals="245" coveredconditionals="93" methods="30" coveredmethods="14"/>
      <line num="1" count="7" type="stmt"/>
      <line num="2" count="7" type="stmt"/>
      <line num="3" count="7" type="stmt"/>
      <line num="4" count="7" type="stmt"/>
      <line num="5" count="7" type="stmt"/>
      <line num="6" count="7" type="stmt"/>
      <line num="8" count="7" type="stmt"/>
      <line num="9" count="7" type="cond" truecount="1" falsecount="1"/>
      <line num="11" count="7" type="stmt"/>
      <line num="12" count="7" type="stmt"/>
      <line num="14" count="7" type="stmt"/>
      <line num="15" count="38" type="stmt"/>
      <line num="16" count="38" type="cond" truecount="2" falsecount="0"/>
      <line num="18" count="38" type="cond" truecount="2" falsecount="0"/>
      <line num="19" count="5" type="stmt"/>
      <line num="22" count="33" type="cond" truecount="1" falsecount="1"/>
      <line num="23" count="33" type="cond" truecount="2" falsecount="0"/>
      <line num="24" count="2" type="stmt"/>
      <line num="26" count="31" type="stmt"/>
      <line num="27" count="31" type="stmt"/>
      <line num="31" count="7" type="stmt"/>
      <line num="41" count="7" type="stmt"/>
      <line num="42" count="7" type="stmt"/>
      <line num="43" count="7" type="stmt"/>
      <line num="44" count="7" type="stmt"/>
      <line num="46" count="7" type="stmt"/>
      <line num="47" count="56" type="stmt"/>
      <line num="49" count="7" type="stmt"/>
      <line num="51" count="0" type="stmt"/>
      <line num="55" count="7" type="stmt"/>
      <line num="56" count="0" type="stmt"/>
      <line num="59" count="7" type="stmt"/>
      <line num="60" count="14" type="stmt"/>
      <line num="61" count="14" type="stmt"/>
      <line num="63" count="14" type="cond" truecount="6" falsecount="0"/>
      <line num="64" count="1" type="stmt"/>
      <line num="70" count="13" type="stmt"/>
      <line num="71" count="13" type="cond" truecount="1" falsecount="1"/>
      <line num="72" count="0" type="stmt"/>
      <line num="78" count="13" type="cond" truecount="1" falsecount="1"/>
      <line num="79" count="0" type="stmt"/>
      <line num="85" count="13" type="stmt"/>
      <line num="90" count="13" type="cond" truecount="2" falsecount="0"/>
      <line num="91" count="1" type="stmt"/>
      <line num="97" count="12" type="stmt"/>
      <line num="99" count="12" type="stmt"/>
      <line num="105" count="12" type="stmt"/>
      <line num="111" count="12" type="stmt"/>
      <line num="126" count="0" type="stmt"/>
      <line num="127" count="0" type="stmt"/>
      <line num="131" count="7" type="stmt"/>
      <line num="132" count="0" type="stmt"/>
      <line num="133" count="0" type="stmt"/>
      <line num="134" count="0" type="cond" truecount="0" falsecount="4"/>
      <line num="135" count="0" type="stmt"/>
      <line num="138" count="0" type="stmt"/>
      <line num="151" count="0" type="stmt"/>
      <line num="153" count="0" type="stmt"/>
      <line num="154" count="0" type="stmt"/>
      <line num="158" count="7" type="stmt"/>
      <line num="159" count="0" type="stmt"/>
      <line num="160" count="0" type="stmt"/>
      <line num="161" count="0" type="stmt"/>
      <line num="162" count="0" type="stmt"/>
      <line num="163" count="0" type="cond" truecount="0" falsecount="4"/>
      <line num="164" count="0" type="stmt"/>
      <line num="167" count="0" type="stmt"/>
      <line num="168" count="0" type="cond" truecount="0" falsecount="2"/>
      <line num="169" count="0" type="stmt"/>
      <line num="172" count="0" type="cond" truecount="0" falsecount="2"/>
      <line num="173" count="0" type="stmt"/>
      <line num="177" count="0" type="cond" truecount="0" falsecount="2"/>
      <line num="178" count="0" type="stmt"/>
      <line num="182" count="0" type="stmt"/>
      <line num="189" count="0" type="stmt"/>
      <line num="191" count="0" type="stmt"/>
      <line num="192" count="0" type="stmt"/>
      <line num="196" count="7" type="stmt"/>
      <line num="197" count="0" type="stmt"/>
      <line num="198" count="0" type="stmt"/>
      <line num="200" count="0" type="stmt"/>
      <line num="201" count="0" type="cond" truecount="0" falsecount="4"/>
      <line num="202" count="0" type="stmt"/>
      <line num="205" count="0" type="cond" truecount="0" falsecount="2"/>
      <line num="206" count="0" type="stmt"/>
      <line num="209" count="0" type="stmt"/>
      <line num="210" count="0" type="stmt"/>
      <line num="212" count="0" type="cond" truecount="0" falsecount="4"/>
      <line num="213" count="0" type="stmt"/>
      <line num="219" count="0" type="stmt"/>
      <line num="221" count="0" type="stmt"/>
      <line num="223" count="0" type="stmt"/>
      <line num="224" count="0" type="stmt"/>
      <line num="228" count="7" type="stmt"/>
      <line num="229" count="0" type="stmt"/>
      <line num="230" count="0" type="stmt"/>
      <line num="231" count="0" type="stmt"/>
      <line num="232" count="0" type="cond" truecount="0" falsecount="4"/>
      <line num="233" count="0" type="stmt"/>
      <line num="236" count="0" type="cond" truecount="0" falsecount="6"/>
      <line num="237" count="0" type="stmt"/>
      <line num="240" count="0" type="stmt"/>
      <line num="241" count="0" type="cond" truecount="0" falsecount="2"/>
      <line num="242" count="0" type="stmt"/>
      <line num="245" count="0" type="cond" truecount="0" falsecount="2"/>
      <line num="246" count="0" type="stmt"/>
      <line num="249" count="0" type="stmt"/>
      <line num="250" count="0" type="cond" truecount="0" falsecount="2"/>
      <line num="251" count="0" type="stmt"/>
      <line num="254" count="0" type="stmt"/>
      <line num="256" count="0" type="stmt"/>
      <line num="262" count="0" type="stmt"/>
      <line num="275" count="0" type="stmt"/>
      <line num="276" count="0" type="stmt"/>
      <line num="280" count="7" type="stmt"/>
      <line num="281" count="17" type="stmt"/>
      <line num="282" count="17" type="stmt"/>
      <line num="284" count="17" type="cond" truecount="4" falsecount="0"/>
      <line num="285" count="1" type="stmt"/>
      <line num="291" count="16" type="stmt"/>
      <line num="296" count="16" type="cond" truecount="2" falsecount="0"/>
      <line num="297" count="1" type="stmt"/>
      <line num="303" count="15" type="stmt"/>
      <line num="304" count="15" type="stmt"/>
      <line num="306" count="15" type="cond" truecount="2" falsecount="0"/>
      <line num="307" count="1" type="stmt"/>
      <line num="313" count="14" type="stmt"/>
      <line num="319" count="14" type="stmt"/>
      <line num="334" count="0" type="stmt"/>
      <line num="335" count="0" type="stmt"/>
      <line num="339" count="7" type="stmt"/>
      <line num="340" count="9" type="stmt"/>
      <line num="341" count="9" type="stmt"/>
      <line num="342" count="9" type="stmt"/>
      <line num="358" count="9" type="stmt"/>
      <line num="360" count="9" type="stmt"/>
      <line num="362" count="9" type="stmt"/>
      <line num="367" count="9" type="cond" truecount="2" falsecount="0"/>
      <line num="368" count="1" type="stmt"/>
      <line num="371" count="8" type="stmt"/>
      <line num="376" count="8" type="cond" truecount="2" falsecount="0"/>
      <line num="377" count="8" type="stmt"/>
      <line num="378" count="8" type="stmt"/>
      <line num="380" count="8" type="cond" truecount="2" falsecount="0"/>
      <line num="381" count="1" type="stmt"/>
      <line num="387" count="7" type="stmt"/>
      <line num="392" count="7" type="cond" truecount="1" falsecount="1"/>
      <line num="393" count="0" type="stmt"/>
      <line num="396" count="7" type="stmt"/>
      <line num="398" count="7" type="stmt"/>
      <line num="399" count="7" type="cond" truecount="3" falsecount="1"/>
      <line num="400" count="0" type="stmt"/>
      <line num="404" count="0" type="cond" truecount="0" falsecount="2"/>
      <line num="405" count="0" type="stmt"/>
      <line num="409" count="7" type="stmt"/>
      <line num="410" count="7" type="stmt"/>
      <line num="411" count="7" type="cond" truecount="2" falsecount="0"/>
      <line num="413" count="7" type="stmt"/>
      <line num="414" count="7" type="cond" truecount="1" falsecount="1"/>
      <line num="415" count="7" type="stmt"/>
      <line num="417" count="0" type="stmt"/>
      <line num="418" count="0" type="stmt"/>
      <line num="419" count="0" type="stmt"/>
      <line num="422" count="7" type="stmt"/>
      <line num="423" count="7" type="stmt"/>
      <line num="424" count="7" type="stmt"/>
      <line num="425" count="7" type="stmt"/>
      <line num="426" count="7" type="stmt"/>
      <line num="434" count="7" type="stmt"/>
      <line num="435" count="7" type="cond" truecount="1" falsecount="1"/>
      <line num="436" count="7" type="stmt"/>
      <line num="437" count="7" type="stmt"/>
      <line num="440" count="7" type="stmt"/>
      <line num="441" count="7" type="stmt"/>
      <line num="443" count="7" type="stmt"/>
      <line num="444" count="7" type="stmt"/>
      <line num="445" count="7" type="stmt"/>
      <line num="447" count="7" type="stmt"/>
      <line num="458" count="7" type="stmt"/>
      <line num="467" count="7" type="stmt"/>
      <line num="469" count="7" type="stmt"/>
      <line num="482" count="0" type="stmt"/>
      <line num="483" count="0" type="stmt"/>
      <line num="490" count="7" type="stmt"/>
      <line num="491" count="3" type="stmt"/>
      <line num="492" count="3" type="stmt"/>
      <line num="494" count="3" type="stmt"/>
      <line num="510" count="3" type="stmt"/>
      <line num="513" count="0" type="stmt"/>
      <line num="514" count="0" type="stmt"/>
      <line num="518" count="7" type="stmt"/>
      <line num="519" count="7" type="stmt"/>
      <line num="520" count="7" type="stmt"/>
      <line num="521" count="7" type="stmt"/>
      <line num="535" count="7" type="stmt"/>
      <line num="537" count="7" type="stmt"/>
      <line num="538" count="7" type="stmt"/>
      <line num="546" count="7" type="cond" truecount="2" falsecount="0"/>
      <line num="547" count="1" type="stmt"/>
      <line num="550" count="6" type="stmt"/>
      <line num="552" count="6" type="stmt"/>
      <line num="553" count="6" type="stmt"/>
      <line num="555" count="6" type="cond" truecount="1" falsecount="1"/>
      <line num="556" count="0" type="stmt"/>
      <line num="559" count="6" type="cond" truecount="2" falsecount="0"/>
      <line num="560" count="2" type="stmt"/>
      <line num="563" count="4" type="stmt"/>
      <line num="568" count="4" type="cond" truecount="1" falsecount="1"/>
      <line num="569" count="4" type="stmt"/>
      <line num="570" count="4" type="stmt"/>
      <line num="571" count="4" type="stmt"/>
      <line num="573" count="4" type="cond" truecount="1" falsecount="1"/>
      <line num="574" count="0" type="stmt"/>
      <line num="580" count="4" type="stmt"/>
      <line num="587" count="4" type="stmt"/>
      <line num="589" count="4" type="stmt"/>
      <line num="597" count="4" type="stmt"/>
      <line num="598" count="4" type="cond" truecount="1" falsecount="1"/>
      <line num="599" count="4" type="stmt"/>
      <line num="600" count="4" type="stmt"/>
      <line num="603" count="4" type="stmt"/>
      <line num="604" count="4" type="stmt"/>
      <line num="606" count="4" type="stmt"/>
      <line num="645" count="4" type="stmt"/>
      <line num="650" count="4" type="stmt"/>
      <line num="661" count="0" type="stmt"/>
      <line num="662" count="0" type="stmt"/>
      <line num="666" count="7" type="stmt"/>
      <line num="667" count="4" type="stmt"/>
      <line num="668" count="4" type="stmt"/>
      <line num="669" count="4" type="stmt"/>
      <line num="671" count="4" type="stmt"/>
      <line num="673" count="4" type="stmt"/>
      <line num="678" count="4" type="cond" truecount="2" falsecount="0"/>
      <line num="679" count="2" type="stmt"/>
      <line num="685" count="2" type="stmt"/>
      <line num="687" count="2" type="cond" truecount="2" falsecount="0"/>
      <line num="688" count="1" type="stmt"/>
      <line num="694" count="1" type="stmt"/>
      <line num="696" count="1" type="stmt"/>
      <line num="698" count="1" type="stmt"/>
      <line num="704" count="0" type="stmt"/>
      <line num="705" count="0" type="stmt"/>
      <line num="712" count="7" type="stmt"/>
      <line num="713" count="0" type="stmt"/>
      <line num="714" count="0" type="stmt"/>
      <line num="715" count="0" type="stmt"/>
      <line num="717" count="0" type="stmt"/>
      <line num="719" count="0" type="stmt"/>
      <line num="724" count="0" type="cond" truecount="0" falsecount="2"/>
      <line num="725" count="0" type="stmt"/>
      <line num="731" count="0" type="stmt"/>
      <line num="733" count="0" type="cond" truecount="0" falsecount="4"/>
      <line num="734" count="0" type="stmt"/>
      <line num="740" count="0" type="stmt"/>
      <line num="742" count="0" type="stmt"/>
      <line num="744" count="0" type="stmt"/>
      <line num="750" count="0" type="stmt"/>
      <line num="751" count="0" type="stmt"/>
      <line num="758" count="7" type="stmt"/>
      <line num="759" count="0" type="stmt"/>
      <line num="760" count="0" type="stmt"/>
      <line num="762" count="0" type="stmt"/>
      <line num="763" count="0" type="cond" truecount="0" falsecount="4"/>
      <line num="764" count="0" type="stmt"/>
      <line num="767" count="0" type="stmt"/>
      <line num="769" count="0" type="stmt"/>
      <line num="771" count="0" type="stmt"/>
      <line num="777" count="0" type="stmt"/>
      <line num="778" count="0" type="stmt"/>
      <line num="785" count="7" type="stmt"/>
      <line num="786" count="3" type="stmt"/>
      <line num="787" count="3" type="stmt"/>
      <line num="789" count="3" type="stmt"/>
      <line num="811" count="3" type="stmt"/>
      <line num="814" count="0" type="stmt"/>
      <line num="815" count="0" type="stmt"/>
      <line num="819" count="7" type="stmt"/>
      <line num="820" count="0" type="stmt"/>
      <line num="821" count="0" type="stmt"/>
      <line num="822" count="0" type="cond" truecount="0" falsecount="4"/>
      <line num="823" count="0" type="stmt"/>
      <line num="826" count="0" type="stmt"/>
      <line num="840" count="0" type="stmt"/>
      <line num="842" count="0" type="stmt"/>
      <line num="843" count="0" type="stmt"/>
      <line num="847" count="7" type="stmt"/>
      <line num="848" count="4" type="stmt"/>
      <line num="849" count="4" type="stmt"/>
      <line num="850" count="4" type="stmt"/>
      <line num="852" count="4" type="stmt"/>
      <line num="853" count="4" type="cond" truecount="3" falsecount="1"/>
      <line num="854" count="0" type="stmt"/>
      <line num="857" count="4" type="stmt"/>
      <line num="858" count="4" type="stmt"/>
      <line num="861" count="0" type="stmt"/>
      <line num="862" count="0" type="stmt"/>
      <line num="866" count="7" type="stmt"/>
      <line num="867" count="0" type="stmt"/>
      <line num="868" count="0" type="stmt"/>
      <line num="870" count="0" type="stmt"/>
      <line num="871" count="0" type="cond" truecount="0" falsecount="4"/>
      <line num="872" count="0" type="stmt"/>
      <line num="875" count="0" type="stmt"/>
      <line num="876" count="0" type="stmt"/>
      <line num="879" count="0" type="stmt"/>
      <line num="880" count="0" type="stmt"/>
      <line num="884" count="7" type="stmt"/>
      <line num="885" count="0" type="stmt"/>
      <line num="886" count="0" type="stmt"/>
      <line num="887" count="0" type="cond" truecount="0" falsecount="4"/>
      <line num="888" count="0" type="stmt"/>
      <line num="891" count="0" type="stmt"/>
      <line num="910" count="0" type="stmt"/>
      <line num="913" count="0" type="stmt"/>
      <line num="914" count="0" type="stmt"/>
      <line num="918" count="7" type="stmt"/>
      <line num="919" count="1" type="stmt"/>
      <line num="920" count="1" type="stmt"/>
      <line num="921" count="1" type="stmt"/>
      <line num="923" count="1" type="stmt"/>
      <line num="924" count="1" type="cond" truecount="3" falsecount="1"/>
      <line num="925" count="0" type="stmt"/>
      <line num="928" count="1" type="stmt"/>
      <line num="936" count="1" type="cond" truecount="1" falsecount="1"/>
      <line num="937" count="0" type="stmt"/>
      <line num="940" count="1" type="stmt"/>
      <line num="941" count="1" type="stmt"/>
      <line num="943" count="1" type="cond" truecount="3" falsecount="1"/>
      <line num="944" count="1" type="stmt"/>
      <line num="946" count="1" type="stmt"/>
      <line num="954" count="1" type="cond" truecount="2" falsecount="2"/>
      <line num="955" count="0" type="stmt"/>
      <line num="961" count="1" type="stmt"/>
      <line num="963" count="1" type="stmt"/>
      <line num="971" count="0" type="stmt"/>
      <line num="972" count="0" type="stmt"/>
      <line num="976" count="7" type="stmt"/>
      <line num="977" count="0" type="stmt"/>
      <line num="978" count="0" type="stmt"/>
      <line num="980" count="0" type="stmt"/>
      <line num="981" count="0" type="cond" truecount="0" falsecount="4"/>
      <line num="982" count="0" type="stmt"/>
      <line num="985" count="0" type="stmt"/>
      <line num="993" count="0" type="cond" truecount="0" falsecount="2"/>
      <line num="994" count="0" type="stmt"/>
      <line num="996" count="0" type="cond" truecount="0" falsecount="2"/>
      <line num="997" count="0" type="stmt"/>
      <line num="1003" count="0" type="stmt"/>
      <line num="1007" count="0" type="stmt"/>
      <line num="1008" count="0" type="stmt"/>
      <line num="1011" count="0" type="stmt"/>
      <line num="1012" count="0" type="stmt"/>
      <line num="1016" count="7" type="stmt"/>
      <line num="1017" count="7" type="stmt"/>
      <line num="1018" count="7" type="stmt"/>
      <line num="1022" count="7" type="cond" truecount="1" falsecount="1"/>
      <line num="1023" count="0" type="stmt"/>
      <line num="1024" count="0" type="stmt"/>
      <line num="1025" count="0" type="stmt"/>
      <line num="1032" count="7" type="stmt"/>
      <line num="1033" count="0" type="stmt"/>
      <line num="1034" count="0" type="stmt"/>
      <line num="1035" count="0" type="cond" truecount="0" falsecount="4"/>
      <line num="1036" count="0" type="stmt"/>
      <line num="1039" count="0" type="stmt"/>
      <line num="1053" count="0" type="stmt"/>
      <line num="1055" count="0" type="stmt"/>
      <line num="1056" count="0" type="stmt"/>
      <line num="1061" count="7" type="stmt"/>
      <line num="1062" count="0" type="stmt"/>
      <line num="1063" count="0" type="stmt"/>
      <line num="1065" count="0" type="stmt"/>
      <line num="1066" count="0" type="cond" truecount="0" falsecount="4"/>
      <line num="1067" count="0" type="stmt"/>
      <line num="1070" count="0" type="cond" truecount="0" falsecount="5"/>
      <line num="1071" count="0" type="stmt"/>
      <line num="1074" count="0" type="stmt"/>
      <line num="1080" count="0" type="stmt"/>
      <line num="1094" count="0" type="stmt"/>
      <line num="1095" count="0" type="stmt"/>
      <line num="1096" count="0" type="stmt"/>
      <line num="1097" count="0" type="stmt"/>
      <line num="1102" count="7" type="stmt"/>
      <line num="1103" count="0" type="stmt"/>
      <line num="1104" count="0" type="stmt"/>
      <line num="1105" count="0" type="stmt"/>
      <line num="1107" count="0" type="stmt"/>
      <line num="1108" count="0" type="cond" truecount="0" falsecount="4"/>
      <line num="1109" count="0" type="stmt"/>
      <line num="1112" count="0" type="stmt"/>
      <line num="1113" count="0" type="cond" truecount="0" falsecount="2"/>
      <line num="1114" count="0" type="stmt"/>
      <line num="1117" count="0" type="stmt"/>
      <line num="1124" count="0" type="stmt"/>
      <line num="1127" count="0" type="stmt"/>
      <line num="1128" count="0" type="stmt"/>
      <line num="1133" count="7" type="stmt"/>
      <line num="1134" count="0" type="stmt"/>
      <line num="1135" count="0" type="stmt"/>
      <line num="1137" count="0" type="stmt"/>
      <line num="1138" count="0" type="cond" truecount="0" falsecount="4"/>
      <line num="1139" count="0" type="stmt"/>
      <line num="1142" count="0" type="stmt"/>
      <line num="1143" count="0" type="cond" truecount="0" falsecount="2"/>
      <line num="1144" count="0" type="stmt"/>
      <line num="1150" count="0" type="stmt"/>
      <line num="1151" count="0" type="cond" truecount="0" falsecount="2"/>
      <line num="1152" count="0" type="stmt"/>
      <line num="1158" count="0" type="stmt"/>
      <line num="1160" count="0" type="stmt"/>
      <line num="1163" count="0" type="stmt"/>
      <line num="1164" count="0" type="stmt"/>
      <line num="1168" count="7" type="stmt"/>
    </file>
  </project>
</coverage>
