{"/Users/erdosizsombor/Documents/GitHub/Vizsgaremek/Betonlogisztika/backend/app.js": {"path":"/Users/erdosizsombor/Documents/GitHub/Vizsgaremek/Betonlogisztika/backend/app.js","statementMap":{"0":{"start":{"line":1,"column":16},"end":{"line":1,"column":34}},"1":{"start":{"line":2,"column":13},"end":{"line":2,"column":28}},"2":{"start":{"line":3,"column":0},"end":{"line":3,"column":27}},"3":{"start":{"line":5,"column":19},"end":{"line":5,"column":49}},"4":{"start":{"line":6,"column":22},"end":{"line":6,"column":55}},"5":{"start":{"line":7,"column":26},"end":{"line":7,"column":63}},"6":{"start":{"line":8,"column":22},"end":{"line":8,"column":55}},"7":{"start":{"line":9,"column":20},"end":{"line":9,"column":51}},"8":{"start":{"line":11,"column":12},"end":{"line":11,"column":21}},"9":{"start":{"line":13,"column":0},"end":{"line":13,"column":16}},"10":{"start":{"line":14,"column":0},"end":{"line":14,"column":24}},"11":{"start":{"line":17,"column":0},"end":{"line":19,"column":3}},"12":{"start":{"line":18,"column":2},"end":{"line":18,"column":42}},"13":{"start":{"line":22,"column":0},"end":{"line":22,"column":28}},"14":{"start":{"line":23,"column":0},"end":{"line":23,"column":31}},"15":{"start":{"line":24,"column":0},"end":{"line":24,"column":35}},"16":{"start":{"line":25,"column":0},"end":{"line":25,"column":31}},"17":{"start":{"line":26,"column":0},"end":{"line":26,"column":29}},"18":{"start":{"line":28,"column":0},"end":{"line":28,"column":21}}},"fnMap":{"0":{"name":"(anonymous_0)","decl":{"start":{"line":17,"column":13},"end":{"line":17,"column":14}},"loc":{"start":{"line":17,"column":27},"end":{"line":19,"column":1}},"line":17}},"branchMap":{},"s":{"0":7,"1":7,"2":7,"3":7,"4":7,"5":7,"6":7,"7":7,"8":7,"9":7,"10":7,"11":7,"12":0,"13":7,"14":7,"15":7,"16":7,"17":7,"18":7},"f":{"0":0},"b":{},"_coverageSchema":"1a1c01bbd47fc00a2c39e90264f33305004495a9","hash":"301bb3fbcee0a4ee5b8ec00aee692c0e3d17bebd"}
,"/Users/erdosizsombor/Documents/GitHub/Vizsgaremek/Betonlogisztika/backend/config/database.js": {"path":"/Users/erdosizsombor/Documents/GitHub/Vizsgaremek/Betonlogisztika/backend/config/database.js","statementMap":{"0":{"start":{"line":2,"column":14},"end":{"line":2,"column":31}},"1":{"start":{"line":3,"column":0},"end":{"line":3,"column":27}},"2":{"start":{"line":5,"column":11},"end":{"line":13,"column":12}},"3":{"start":{"line":16,"column":0},"end":{"line":28,"column":5}},"4":{"start":{"line":17,"column":2},"end":{"line":27,"column":3}},"5":{"start":{"line":18,"column":23},"end":{"line":18,"column":47}},"6":{"start":{"line":19,"column":4},"end":{"line":19,"column":64}},"7":{"start":{"line":21,"column":21},"end":{"line":21,"column":50}},"8":{"start":{"line":22,"column":4},"end":{"line":22,"column":77}},"9":{"start":{"line":22,"column":55},"end":{"line":22,"column":74}},"10":{"start":{"line":24,"column":4},"end":{"line":24,"column":25}},"11":{"start":{"line":26,"column":4},"end":{"line":26,"column":57}},"12":{"start":{"line":30,"column":0},"end":{"line":30,"column":20}}},"fnMap":{"0":{"name":"(anonymous_0)","decl":{"start":{"line":16,"column":1},"end":{"line":16,"column":2}},"loc":{"start":{"line":16,"column":13},"end":{"line":28,"column":1}},"line":16},"1":{"name":"(anonymous_1)","decl":{"start":{"line":22,"column":50},"end":{"line":22,"column":51}},"loc":{"start":{"line":22,"column":55},"end":{"line":22,"column":74}},"line":22}},"branchMap":{"0":{"loc":{"start":{"line":6,"column":8},"end":{"line":6,"column":42}},"type":"binary-expr","locations":[{"start":{"line":6,"column":8},"end":{"line":6,"column":27}},{"start":{"line":6,"column":31},"end":{"line":6,"column":42}}],"line":6},"1":{"loc":{"start":{"line":7,"column":8},"end":{"line":7,"column":37}},"type":"binary-expr","locations":[{"start":{"line":7,"column":8},"end":{"line":7,"column":27}},{"start":{"line":7,"column":31},"end":{"line":7,"column":37}}],"line":7},"2":{"loc":{"start":{"line":8,"column":12},"end":{"line":8,"column":41}},"type":"binary-expr","locations":[{"start":{"line":8,"column":12},"end":{"line":8,"column":35}},{"start":{"line":8,"column":39},"end":{"line":8,"column":41}}],"line":8},"3":{"loc":{"start":{"line":9,"column":12},"end":{"line":9,"column":45}},"type":"binary-expr","locations":[{"start":{"line":9,"column":12},"end":{"line":9,"column":31}},{"start":{"line":9,"column":35},"end":{"line":9,"column":45}}],"line":9}},"s":{"0":7,"1":7,"2":7,"3":7,"4":7,"5":7,"6":7,"7":7,"8":7,"9":56,"10":7,"11":0,"12":7},"f":{"0":7,"1":56},"b":{"0":[7,0],"1":[7,0],"2":[7,0],"3":[7,0]},"_coverageSchema":"1a1c01bbd47fc00a2c39e90264f33305004495a9","hash":"74e1aa95201469d0881d9a72ab361f3529789780"}
,"/Users/erdosizsombor/Documents/GitHub/Vizsgaremek/Betonlogisztika/backend/controllers/adminController.js": {"path":"/Users/erdosizsombor/Documents/GitHub/Vizsgaremek/Betonlogisztika/backend/controllers/adminController.js","statementMap":{"0":{"start":{"line":1,"column":13},"end":{"line":1,"column":38}},"1":{"start":{"line":2,"column":16},"end":{"line":2,"column":44}},"2":{"start":{"line":3,"column":20},"end":{"line":3,"column":52}},"3":{"start":{"line":4,"column":16},"end":{"line":4,"column":44}},"4":{"start":{"line":6,"column":19},"end":{"line":9,"column":1}},"5":{"start":{"line":7,"column":15},"end":{"line":7,"column":42}},"6":{"start":{"line":8,"column":2},"end":{"line":8,"column":46}},"7":{"start":{"line":12,"column":24},"end":{"line":23,"column":1}},"8":{"start":{"line":13,"column":2},"end":{"line":22,"column":3}},"9":{"start":{"line":14,"column":4},"end":{"line":16,"column":5}},"10":{"start":{"line":15,"column":6},"end":{"line":15,"column":87}},"11":{"start":{"line":17,"column":25},"end":{"line":17,"column":45}},"12":{"start":{"line":18,"column":4},"end":{"line":18,"column":46}},"13":{"start":{"line":20,"column":4},"end":{"line":20,"column":55}},"14":{"start":{"line":21,"column":4},"end":{"line":21,"column":70}},"15":{"start":{"line":25,"column":26},"end":{"line":49,"column":1}},"16":{"start":{"line":26,"column":2},"end":{"line":48,"column":3}},"17":{"start":{"line":27,"column":19},"end":{"line":27,"column":29}},"18":{"start":{"line":28,"column":57},"end":{"line":28,"column":65}},"19":{"start":{"line":30,"column":4},"end":{"line":32,"column":5}},"20":{"start":{"line":31,"column":6},"end":{"line":31,"column":87}},"21":{"start":{"line":34,"column":17},"end":{"line":34,"column":40}},"22":{"start":{"line":35,"column":4},"end":{"line":37,"column":5}},"23":{"start":{"line":36,"column":6},"end":{"line":36,"column":93}},"24":{"start":{"line":39,"column":4},"end":{"line":41,"column":5}},"25":{"start":{"line":40,"column":6},"end":{"line":40,"column":95}},"26":{"start":{"line":43,"column":4},"end":{"line":43,"column":72}},"27":{"start":{"line":44,"column":4},"end":{"line":44,"column":74}},"28":{"start":{"line":46,"column":4},"end":{"line":46,"column":59}},"29":{"start":{"line":47,"column":4},"end":{"line":47,"column":70}},"30":{"start":{"line":51,"column":26},"end":{"line":76,"column":1}},"31":{"start":{"line":52,"column":2},"end":{"line":75,"column":3}},"32":{"start":{"line":53,"column":19},"end":{"line":53,"column":29}},"33":{"start":{"line":55,"column":4},"end":{"line":57,"column":5}},"34":{"start":{"line":56,"column":6},"end":{"line":56,"column":87}},"35":{"start":{"line":59,"column":4},"end":{"line":61,"column":5}},"36":{"start":{"line":60,"column":6},"end":{"line":60,"column":94}},"37":{"start":{"line":63,"column":4},"end":{"line":68,"column":5}},"38":{"start":{"line":64,"column":6},"end":{"line":67,"column":9}},"39":{"start":{"line":70,"column":4},"end":{"line":70,"column":26}},"40":{"start":{"line":71,"column":4},"end":{"line":71,"column":75}},"41":{"start":{"line":73,"column":4},"end":{"line":73,"column":56}},"42":{"start":{"line":74,"column":4},"end":{"line":74,"column":70}},"43":{"start":{"line":78,"column":26},"end":{"line":113,"column":1}},"44":{"start":{"line":79,"column":2},"end":{"line":112,"column":3}},"45":{"start":{"line":80,"column":65},"end":{"line":80,"column":73}},"46":{"start":{"line":82,"column":4},"end":{"line":84,"column":5}},"47":{"start":{"line":83,"column":6},"end":{"line":83,"column":87}},"48":{"start":{"line":86,"column":4},"end":{"line":88,"column":5}},"49":{"start":{"line":87,"column":6},"end":{"line":87,"column":105}},"50":{"start":{"line":90,"column":25},"end":{"line":90,"column":54}},"51":{"start":{"line":91,"column":4},"end":{"line":93,"column":5}},"52":{"start":{"line":92,"column":6},"end":{"line":92,"column":104}},"53":{"start":{"line":95,"column":19},"end":{"line":95,"column":113}},"54":{"start":{"line":97,"column":4},"end":{"line":108,"column":7}},"55":{"start":{"line":110,"column":4},"end":{"line":110,"column":60}},"56":{"start":{"line":111,"column":4},"end":{"line":111,"column":70}},"57":{"start":{"line":116,"column":26},"end":{"line":127,"column":1}},"58":{"start":{"line":117,"column":2},"end":{"line":126,"column":3}},"59":{"start":{"line":118,"column":4},"end":{"line":120,"column":5}},"60":{"start":{"line":119,"column":6},"end":{"line":119,"column":87}},"61":{"start":{"line":121,"column":22},"end":{"line":121,"column":50}},"62":{"start":{"line":122,"column":4},"end":{"line":122,"column":43}},"63":{"start":{"line":124,"column":4},"end":{"line":124,"column":52}},"64":{"start":{"line":125,"column":4},"end":{"line":125,"column":70}},"65":{"start":{"line":129,"column":28},"end":{"line":144,"column":1}},"66":{"start":{"line":130,"column":2},"end":{"line":143,"column":3}},"67":{"start":{"line":131,"column":19},"end":{"line":131,"column":29}},"68":{"start":{"line":132,"column":24},"end":{"line":132,"column":32}},"69":{"start":{"line":134,"column":4},"end":{"line":136,"column":5}},"70":{"start":{"line":135,"column":6},"end":{"line":135,"column":87}},"71":{"start":{"line":138,"column":4},"end":{"line":138,"column":44}},"72":{"start":{"line":139,"column":4},"end":{"line":139,"column":63}},"73":{"start":{"line":141,"column":4},"end":{"line":141,"column":55}},"74":{"start":{"line":142,"column":4},"end":{"line":142,"column":70}},"75":{"start":{"line":146,"column":27},"end":{"line":160,"column":1}},"76":{"start":{"line":147,"column":2},"end":{"line":159,"column":3}},"77":{"start":{"line":148,"column":19},"end":{"line":148,"column":29}},"78":{"start":{"line":150,"column":4},"end":{"line":152,"column":5}},"79":{"start":{"line":151,"column":6},"end":{"line":151,"column":87}},"80":{"start":{"line":154,"column":4},"end":{"line":154,"column":29}},"81":{"start":{"line":155,"column":4},"end":{"line":155,"column":61}},"82":{"start":{"line":157,"column":4},"end":{"line":157,"column":44}},"83":{"start":{"line":158,"column":4},"end":{"line":158,"column":70}},"84":{"start":{"line":163,"column":30},"end":{"line":174,"column":1}},"85":{"start":{"line":164,"column":2},"end":{"line":173,"column":3}},"86":{"start":{"line":165,"column":4},"end":{"line":167,"column":5}},"87":{"start":{"line":166,"column":6},"end":{"line":166,"column":87}},"88":{"start":{"line":168,"column":26},"end":{"line":168,"column":58}},"89":{"start":{"line":169,"column":4},"end":{"line":169,"column":47}},"90":{"start":{"line":171,"column":4},"end":{"line":171,"column":56}},"91":{"start":{"line":172,"column":4},"end":{"line":172,"column":70}},"92":{"start":{"line":176,"column":32},"end":{"line":216,"column":1}},"93":{"start":{"line":177,"column":2},"end":{"line":215,"column":3}},"94":{"start":{"line":178,"column":19},"end":{"line":178,"column":29}},"95":{"start":{"line":179,"column":24},"end":{"line":179,"column":32}},"96":{"start":{"line":181,"column":4},"end":{"line":183,"column":5}},"97":{"start":{"line":182,"column":6},"end":{"line":182,"column":87}},"98":{"start":{"line":185,"column":24},"end":{"line":185,"column":54}},"99":{"start":{"line":186,"column":4},"end":{"line":188,"column":5}},"100":{"start":{"line":187,"column":6},"end":{"line":187,"column":93}},"101":{"start":{"line":190,"column":24},"end":{"line":190,"column":43}},"102":{"start":{"line":192,"column":4},"end":{"line":195,"column":5}},"103":{"start":{"line":193,"column":6},"end":{"line":193,"column":153}},"104":{"start":{"line":194,"column":6},"end":{"line":194,"column":121}},"105":{"start":{"line":197,"column":4},"end":{"line":202,"column":5}},"106":{"start":{"line":198,"column":6},"end":{"line":201,"column":9}},"107":{"start":{"line":204,"column":4},"end":{"line":204,"column":48}},"108":{"start":{"line":206,"column":4},"end":{"line":211,"column":7}},"109":{"start":{"line":213,"column":4},"end":{"line":213,"column":55}},"110":{"start":{"line":214,"column":4},"end":{"line":214,"column":70}},"111":{"start":{"line":218,"column":31},"end":{"line":238,"column":1}},"112":{"start":{"line":219,"column":2},"end":{"line":237,"column":3}},"113":{"start":{"line":220,"column":19},"end":{"line":220,"column":29}},"114":{"start":{"line":222,"column":4},"end":{"line":224,"column":5}},"115":{"start":{"line":223,"column":6},"end":{"line":223,"column":87}},"116":{"start":{"line":226,"column":24},"end":{"line":226,"column":54}},"117":{"start":{"line":227,"column":4},"end":{"line":230,"column":5}},"118":{"start":{"line":228,"column":6},"end":{"line":228,"column":121}},"119":{"start":{"line":229,"column":6},"end":{"line":229,"column":89}},"120":{"start":{"line":232,"column":4},"end":{"line":232,"column":33}},"121":{"start":{"line":233,"column":4},"end":{"line":233,"column":65}},"122":{"start":{"line":235,"column":4},"end":{"line":235,"column":44}},"123":{"start":{"line":236,"column":4},"end":{"line":236,"column":70}},"124":{"start":{"line":241,"column":21},"end":{"line":252,"column":1}},"125":{"start":{"line":242,"column":2},"end":{"line":251,"column":3}},"126":{"start":{"line":243,"column":4},"end":{"line":245,"column":5}},"127":{"start":{"line":244,"column":6},"end":{"line":244,"column":87}},"128":{"start":{"line":246,"column":22},"end":{"line":246,"column":45}},"129":{"start":{"line":247,"column":4},"end":{"line":247,"column":43}},"130":{"start":{"line":249,"column":4},"end":{"line":249,"column":52}},"131":{"start":{"line":250,"column":4},"end":{"line":250,"column":70}},"132":{"start":{"line":254,"column":22},"end":{"line":284,"column":1}},"133":{"start":{"line":255,"column":2},"end":{"line":283,"column":3}},"134":{"start":{"line":256,"column":70},"end":{"line":256,"column":78}},"135":{"start":{"line":258,"column":4},"end":{"line":260,"column":5}},"136":{"start":{"line":259,"column":6},"end":{"line":259,"column":87}},"137":{"start":{"line":262,"column":4},"end":{"line":264,"column":5}},"138":{"start":{"line":263,"column":6},"end":{"line":263,"column":105}},"139":{"start":{"line":266,"column":22},"end":{"line":266,"column":101}},"140":{"start":{"line":268,"column":4},"end":{"line":279,"column":7}},"141":{"start":{"line":281,"column":4},"end":{"line":281,"column":56}},"142":{"start":{"line":282,"column":4},"end":{"line":282,"column":88}},"143":{"start":{"line":286,"column":22},"end":{"line":306,"column":1}},"144":{"start":{"line":287,"column":2},"end":{"line":305,"column":3}},"145":{"start":{"line":288,"column":19},"end":{"line":288,"column":29}},"146":{"start":{"line":289,"column":70},"end":{"line":289,"column":78}},"147":{"start":{"line":291,"column":4},"end":{"line":293,"column":5}},"148":{"start":{"line":292,"column":6},"end":{"line":292,"column":87}},"149":{"start":{"line":295,"column":20},"end":{"line":295,"column":46}},"150":{"start":{"line":296,"column":4},"end":{"line":298,"column":5}},"151":{"start":{"line":297,"column":6},"end":{"line":297,"column":89}},"152":{"start":{"line":300,"column":4},"end":{"line":300,"column":88}},"153":{"start":{"line":301,"column":4},"end":{"line":301,"column":70}},"154":{"start":{"line":303,"column":4},"end":{"line":303,"column":55}},"155":{"start":{"line":304,"column":4},"end":{"line":304,"column":70}},"156":{"start":{"line":308,"column":22},"end":{"line":336,"column":1}},"157":{"start":{"line":309,"column":2},"end":{"line":335,"column":3}},"158":{"start":{"line":310,"column":19},"end":{"line":310,"column":29}},"159":{"start":{"line":312,"column":4},"end":{"line":314,"column":5}},"160":{"start":{"line":313,"column":6},"end":{"line":313,"column":87}},"161":{"start":{"line":316,"column":4},"end":{"line":321,"column":5}},"162":{"start":{"line":317,"column":6},"end":{"line":320,"column":9}},"163":{"start":{"line":323,"column":4},"end":{"line":328,"column":5}},"164":{"start":{"line":324,"column":6},"end":{"line":327,"column":9}},"165":{"start":{"line":330,"column":4},"end":{"line":330,"column":29}},"166":{"start":{"line":331,"column":4},"end":{"line":331,"column":71}},"167":{"start":{"line":333,"column":4},"end":{"line":333,"column":52}},"168":{"start":{"line":334,"column":4},"end":{"line":334,"column":70}},"169":{"start":{"line":338,"column":0},"end":{"line":353,"column":2}}},"fnMap":{"0":{"name":"(anonymous_0)","decl":{"start":{"line":6,"column":19},"end":{"line":6,"column":20}},"loc":{"start":{"line":6,"column":37},"end":{"line":9,"column":1}},"line":6},"1":{"name":"(anonymous_1)","decl":{"start":{"line":12,"column":24},"end":{"line":12,"column":25}},"loc":{"start":{"line":12,"column":44},"end":{"line":23,"column":1}},"line":12},"2":{"name":"(anonymous_2)","decl":{"start":{"line":25,"column":26},"end":{"line":25,"column":27}},"loc":{"start":{"line":25,"column":46},"end":{"line":49,"column":1}},"line":25},"3":{"name":"(anonymous_3)","decl":{"start":{"line":51,"column":26},"end":{"line":51,"column":27}},"loc":{"start":{"line":51,"column":46},"end":{"line":76,"column":1}},"line":51},"4":{"name":"(anonymous_4)","decl":{"start":{"line":78,"column":26},"end":{"line":78,"column":27}},"loc":{"start":{"line":78,"column":46},"end":{"line":113,"column":1}},"line":78},"5":{"name":"(anonymous_5)","decl":{"start":{"line":116,"column":26},"end":{"line":116,"column":27}},"loc":{"start":{"line":116,"column":46},"end":{"line":127,"column":1}},"line":116},"6":{"name":"(anonymous_6)","decl":{"start":{"line":129,"column":28},"end":{"line":129,"column":29}},"loc":{"start":{"line":129,"column":48},"end":{"line":144,"column":1}},"line":129},"7":{"name":"(anonymous_7)","decl":{"start":{"line":146,"column":27},"end":{"line":146,"column":28}},"loc":{"start":{"line":146,"column":47},"end":{"line":160,"column":1}},"line":146},"8":{"name":"(anonymous_8)","decl":{"start":{"line":163,"column":30},"end":{"line":163,"column":31}},"loc":{"start":{"line":163,"column":50},"end":{"line":174,"column":1}},"line":163},"9":{"name":"(anonymous_9)","decl":{"start":{"line":176,"column":32},"end":{"line":176,"column":33}},"loc":{"start":{"line":176,"column":52},"end":{"line":216,"column":1}},"line":176},"10":{"name":"(anonymous_10)","decl":{"start":{"line":218,"column":31},"end":{"line":218,"column":32}},"loc":{"start":{"line":218,"column":51},"end":{"line":238,"column":1}},"line":218},"11":{"name":"(anonymous_11)","decl":{"start":{"line":241,"column":21},"end":{"line":241,"column":22}},"loc":{"start":{"line":241,"column":41},"end":{"line":252,"column":1}},"line":241},"12":{"name":"(anonymous_12)","decl":{"start":{"line":254,"column":22},"end":{"line":254,"column":23}},"loc":{"start":{"line":254,"column":42},"end":{"line":284,"column":1}},"line":254},"13":{"name":"(anonymous_13)","decl":{"start":{"line":286,"column":22},"end":{"line":286,"column":23}},"loc":{"start":{"line":286,"column":42},"end":{"line":306,"column":1}},"line":286},"14":{"name":"(anonymous_14)","decl":{"start":{"line":308,"column":22},"end":{"line":308,"column":23}},"loc":{"start":{"line":308,"column":42},"end":{"line":336,"column":1}},"line":308}},"branchMap":{"0":{"loc":{"start":{"line":8,"column":9},"end":{"line":8,"column":45}},"type":"binary-expr","locations":[{"start":{"line":8,"column":9},"end":{"line":8,"column":13}},{"start":{"line":8,"column":17},"end":{"line":8,"column":45}}],"line":8},"1":{"loc":{"start":{"line":14,"column":4},"end":{"line":16,"column":5}},"type":"if","locations":[{"start":{"line":14,"column":4},"end":{"line":16,"column":5}},{"start":{},"end":{}}],"line":14},"2":{"loc":{"start":{"line":30,"column":4},"end":{"line":32,"column":5}},"type":"if","locations":[{"start":{"line":30,"column":4},"end":{"line":32,"column":5}},{"start":{},"end":{}}],"line":30},"3":{"loc":{"start":{"line":35,"column":4},"end":{"line":37,"column":5}},"type":"if","locations":[{"start":{"line":35,"column":4},"end":{"line":37,"column":5}},{"start":{},"end":{}}],"line":35},"4":{"loc":{"start":{"line":39,"column":4},"end":{"line":41,"column":5}},"type":"if","locations":[{"start":{"line":39,"column":4},"end":{"line":41,"column":5}},{"start":{},"end":{}}],"line":39},"5":{"loc":{"start":{"line":39,"column":8},"end":{"line":39,"column":55}},"type":"binary-expr","locations":[{"start":{"line":39,"column":8},"end":{"line":39,"column":13}},{"start":{"line":39,"column":17},"end":{"line":39,"column":55}}],"line":39},"6":{"loc":{"start":{"line":55,"column":4},"end":{"line":57,"column":5}},"type":"if","locations":[{"start":{"line":55,"column":4},"end":{"line":57,"column":5}},{"start":{},"end":{}}],"line":55},"7":{"loc":{"start":{"line":59,"column":4},"end":{"line":61,"column":5}},"type":"if","locations":[{"start":{"line":59,"column":4},"end":{"line":61,"column":5}},{"start":{},"end":{}}],"line":59},"8":{"loc":{"start":{"line":63,"column":4},"end":{"line":68,"column":5}},"type":"if","locations":[{"start":{"line":63,"column":4},"end":{"line":68,"column":5}},{"start":{},"end":{}}],"line":63},"9":{"loc":{"start":{"line":82,"column":4},"end":{"line":84,"column":5}},"type":"if","locations":[{"start":{"line":82,"column":4},"end":{"line":84,"column":5}},{"start":{},"end":{}}],"line":82},"10":{"loc":{"start":{"line":86,"column":4},"end":{"line":88,"column":5}},"type":"if","locations":[{"start":{"line":86,"column":4},"end":{"line":88,"column":5}},{"start":{},"end":{}}],"line":86},"11":{"loc":{"start":{"line":86,"column":8},"end":{"line":86,"column":45}},"type":"binary-expr","locations":[{"start":{"line":86,"column":8},"end":{"line":86,"column":12}},{"start":{"line":86,"column":16},"end":{"line":86,"column":22}},{"start":{"line":86,"column":26},"end":{"line":86,"column":33}},{"start":{"line":86,"column":37},"end":{"line":86,"column":45}}],"line":86},"12":{"loc":{"start":{"line":91,"column":4},"end":{"line":93,"column":5}},"type":"if","locations":[{"start":{"line":91,"column":4},"end":{"line":93,"column":5}},{"start":{},"end":{}}],"line":91},"13":{"loc":{"start":{"line":95,"column":89},"end":{"line":95,"column":110}},"type":"binary-expr","locations":[{"start":{"line":95,"column":89},"end":{"line":95,"column":100}},{"start":{"line":95,"column":104},"end":{"line":95,"column":110}}],"line":95},"14":{"loc":{"start":{"line":104,"column":16},"end":{"line":104,"column":30}},"type":"binary-expr","locations":[{"start":{"line":104,"column":16},"end":{"line":104,"column":22}},{"start":{"line":104,"column":26},"end":{"line":104,"column":30}}],"line":104},"15":{"loc":{"start":{"line":106,"column":21},"end":{"line":106,"column":42}},"type":"binary-expr","locations":[{"start":{"line":106,"column":21},"end":{"line":106,"column":32}},{"start":{"line":106,"column":36},"end":{"line":106,"column":42}}],"line":106},"16":{"loc":{"start":{"line":118,"column":4},"end":{"line":120,"column":5}},"type":"if","locations":[{"start":{"line":118,"column":4},"end":{"line":120,"column":5}},{"start":{},"end":{}}],"line":118},"17":{"loc":{"start":{"line":134,"column":4},"end":{"line":136,"column":5}},"type":"if","locations":[{"start":{"line":134,"column":4},"end":{"line":136,"column":5}},{"start":{},"end":{}}],"line":134},"18":{"loc":{"start":{"line":150,"column":4},"end":{"line":152,"column":5}},"type":"if","locations":[{"start":{"line":150,"column":4},"end":{"line":152,"column":5}},{"start":{},"end":{}}],"line":150},"19":{"loc":{"start":{"line":165,"column":4},"end":{"line":167,"column":5}},"type":"if","locations":[{"start":{"line":165,"column":4},"end":{"line":167,"column":5}},{"start":{},"end":{}}],"line":165},"20":{"loc":{"start":{"line":181,"column":4},"end":{"line":183,"column":5}},"type":"if","locations":[{"start":{"line":181,"column":4},"end":{"line":183,"column":5}},{"start":{},"end":{}}],"line":181},"21":{"loc":{"start":{"line":186,"column":4},"end":{"line":188,"column":5}},"type":"if","locations":[{"start":{"line":186,"column":4},"end":{"line":188,"column":5}},{"start":{},"end":{}}],"line":186},"22":{"loc":{"start":{"line":192,"column":4},"end":{"line":195,"column":5}},"type":"if","locations":[{"start":{"line":192,"column":4},"end":{"line":195,"column":5}},{"start":{},"end":{}}],"line":192},"23":{"loc":{"start":{"line":192,"column":8},"end":{"line":192,"column":64}},"type":"binary-expr","locations":[{"start":{"line":192,"column":8},"end":{"line":192,"column":32}},{"start":{"line":192,"column":36},"end":{"line":192,"column":64}}],"line":192},"24":{"loc":{"start":{"line":197,"column":4},"end":{"line":202,"column":5}},"type":"if","locations":[{"start":{"line":197,"column":4},"end":{"line":202,"column":5}},{"start":{},"end":{}}],"line":197},"25":{"loc":{"start":{"line":197,"column":8},"end":{"line":197,"column":64}},"type":"binary-expr","locations":[{"start":{"line":197,"column":8},"end":{"line":197,"column":36}},{"start":{"line":197,"column":40},"end":{"line":197,"column":64}}],"line":197},"26":{"loc":{"start":{"line":208,"column":15},"end":{"line":210,"column":30}},"type":"cond-expr","locations":[{"start":{"line":209,"column":10},"end":{"line":209,"column":59}},{"start":{"line":210,"column":10},"end":{"line":210,"column":30}}],"line":208},"27":{"loc":{"start":{"line":208,"column":15},"end":{"line":208,"column":71}},"type":"binary-expr","locations":[{"start":{"line":208,"column":15},"end":{"line":208,"column":43}},{"start":{"line":208,"column":47},"end":{"line":208,"column":71}}],"line":208},"28":{"loc":{"start":{"line":222,"column":4},"end":{"line":224,"column":5}},"type":"if","locations":[{"start":{"line":222,"column":4},"end":{"line":224,"column":5}},{"start":{},"end":{}}],"line":222},"29":{"loc":{"start":{"line":227,"column":4},"end":{"line":230,"column":5}},"type":"if","locations":[{"start":{"line":227,"column":4},"end":{"line":230,"column":5}},{"start":{},"end":{}}],"line":227},"30":{"loc":{"start":{"line":227,"column":8},"end":{"line":227,"column":59}},"type":"binary-expr","locations":[{"start":{"line":227,"column":8},"end":{"line":227,"column":19}},{"start":{"line":227,"column":23},"end":{"line":227,"column":59}}],"line":227},"31":{"loc":{"start":{"line":243,"column":4},"end":{"line":245,"column":5}},"type":"if","locations":[{"start":{"line":243,"column":4},"end":{"line":245,"column":5}},{"start":{},"end":{}}],"line":243},"32":{"loc":{"start":{"line":258,"column":4},"end":{"line":260,"column":5}},"type":"if","locations":[{"start":{"line":258,"column":4},"end":{"line":260,"column":5}},{"start":{},"end":{}}],"line":258},"33":{"loc":{"start":{"line":262,"column":4},"end":{"line":264,"column":5}},"type":"if","locations":[{"start":{"line":262,"column":4},"end":{"line":264,"column":5}},{"start":{},"end":{}}],"line":262},"34":{"loc":{"start":{"line":262,"column":8},"end":{"line":262,"column":49}},"type":"binary-expr","locations":[{"start":{"line":262,"column":8},"end":{"line":262,"column":12}},{"start":{"line":262,"column":16},"end":{"line":262,"column":30}},{"start":{"line":262,"column":34},"end":{"line":262,"column":49}}],"line":262},"35":{"loc":{"start":{"line":291,"column":4},"end":{"line":293,"column":5}},"type":"if","locations":[{"start":{"line":291,"column":4},"end":{"line":293,"column":5}},{"start":{},"end":{}}],"line":291},"36":{"loc":{"start":{"line":296,"column":4},"end":{"line":298,"column":5}},"type":"if","locations":[{"start":{"line":296,"column":4},"end":{"line":298,"column":5}},{"start":{},"end":{}}],"line":296},"37":{"loc":{"start":{"line":312,"column":4},"end":{"line":314,"column":5}},"type":"if","locations":[{"start":{"line":312,"column":4},"end":{"line":314,"column":5}},{"start":{},"end":{}}],"line":312},"38":{"loc":{"start":{"line":316,"column":4},"end":{"line":321,"column":5}},"type":"if","locations":[{"start":{"line":316,"column":4},"end":{"line":321,"column":5}},{"start":{},"end":{}}],"line":316},"39":{"loc":{"start":{"line":323,"column":4},"end":{"line":328,"column":5}},"type":"if","locations":[{"start":{"line":323,"column":4},"end":{"line":328,"column":5}},{"start":{},"end":{}}],"line":323}},"s":{"0":7,"1":7,"2":7,"3":7,"4":7,"5":5,"6":5,"7":7,"8":0,"9":0,"10":0,"11":0,"12":0,"13":0,"14":0,"15":7,"16":0,"17":0,"18":0,"19":0,"20":0,"21":0,"22":0,"23":0,"24":0,"25":0,"26":0,"27":0,"28":0,"29":0,"30":7,"31":0,"32":0,"33":0,"34":0,"35":0,"36":0,"37":0,"38":0,"39":0,"40":0,"41":0,"42":0,"43":7,"44":0,"45":0,"46":0,"47":0,"48":0,"49":0,"50":0,"51":0,"52":0,"53":0,"54":0,"55":0,"56":0,"57":7,"58":0,"59":0,"60":0,"61":0,"62":0,"63":0,"64":0,"65":7,"66":4,"67":4,"68":4,"69":4,"70":0,"71":4,"72":4,"73":0,"74":0,"75":7,"76":0,"77":0,"78":0,"79":0,"80":0,"81":0,"82":0,"83":0,"84":7,"85":0,"86":0,"87":0,"88":0,"89":0,"90":0,"91":0,"92":7,"93":1,"94":1,"95":1,"96":1,"97":0,"98":1,"99":1,"100":0,"101":1,"102":1,"103":1,"104":1,"105":1,"106":0,"107":1,"108":1,"109":0,"110":0,"111":7,"112":0,"113":0,"114":0,"115":0,"116":0,"117":0,"118":0,"119":0,"120":0,"121":0,"122":0,"123":0,"124":7,"125":0,"126":0,"127":0,"128":0,"129":0,"130":0,"131":0,"132":7,"133":0,"134":0,"135":0,"136":0,"137":0,"138":0,"139":0,"140":0,"141":0,"142":0,"143":7,"144":0,"145":0,"146":0,"147":0,"148":0,"149":0,"150":0,"151":0,"152":0,"153":0,"154":0,"155":0,"156":7,"157":0,"158":0,"159":0,"160":0,"161":0,"162":0,"163":0,"164":0,"165":0,"166":0,"167":0,"168":0,"169":7},"f":{"0":5,"1":0,"2":0,"3":0,"4":0,"5":0,"6":4,"7":0,"8":0,"9":1,"10":0,"11":0,"12":0,"13":0,"14":0},"b":{"0":[5,5],"1":[0,0],"2":[0,0],"3":[0,0],"4":[0,0],"5":[0,0],"6":[0,0],"7":[0,0],"8":[0,0],"9":[0,0],"10":[0,0],"11":[0,0,0,0],"12":[0,0],"13":[0,0],"14":[0,0],"15":[0,0],"16":[0,0],"17":[0,4],"18":[0,0],"19":[0,0],"20":[0,1],"21":[0,1],"22":[1,0],"23":[1,1],"24":[0,1],"25":[1,0],"26":[1,0],"27":[1,1],"28":[0,0],"29":[0,0],"30":[0,0],"31":[0,0],"32":[0,0],"33":[0,0],"34":[0,0,0],"35":[0,0],"36":[0,0],"37":[0,0],"38":[0,0],"39":[0,0]},"_coverageSchema":"1a1c01bbd47fc00a2c39e90264f33305004495a9","hash":"edafd79044386ddbcfdd6c16af3b611ceac56a08"}
,"/Users/erdosizsombor/Documents/GitHub/Vizsgaremek/Betonlogisztika/backend/controllers/ajanlatController.js": {"path":"/Users/erdosizsombor/Documents/GitHub/Vizsgaremek/Betonlogisztika/backend/controllers/ajanlatController.js","statementMap":{"0":{"start":{"line":1,"column":16},"end":{"line":1,"column":44}},"1":{"start":{"line":2,"column":16},"end":{"line":2,"column":44}},"2":{"start":{"line":3,"column":19},"end":{"line":3,"column":50}},"3":{"start":{"line":4,"column":23},"end":{"line":4,"column":58}},"4":{"start":{"line":5,"column":24},"end":{"line":5,"column":51}},"5":{"start":{"line":7,"column":22},"end":{"line":118,"column":1}},"6":{"start":{"line":8,"column":2},"end":{"line":117,"column":3}},"7":{"start":{"line":9,"column":4},"end":{"line":9,"column":52}},"8":{"start":{"line":10,"column":4},"end":{"line":10,"column":74}},"9":{"start":{"line":26,"column":8},"end":{"line":26,"column":16}},"10":{"start":{"line":28,"column":19},"end":{"line":28,"column":30}},"11":{"start":{"line":30,"column":20},"end":{"line":30,"column":58}},"12":{"start":{"line":31,"column":4},"end":{"line":33,"column":5}},"13":{"start":{"line":32,"column":6},"end":{"line":32,"column":85}},"14":{"start":{"line":35,"column":23},"end":{"line":35,"column":82}},"15":{"start":{"line":36,"column":4},"end":{"line":41,"column":5}},"16":{"start":{"line":37,"column":6},"end":{"line":40,"column":9}},"17":{"start":{"line":43,"column":15},"end":{"line":43,"column":69}},"18":{"start":{"line":44,"column":4},"end":{"line":46,"column":5}},"19":{"start":{"line":45,"column":6},"end":{"line":45,"column":99}},"20":{"start":{"line":48,"column":22},"end":{"line":48,"column":23}},"21":{"start":{"line":49,"column":4},"end":{"line":54,"column":5}},"22":{"start":{"line":50,"column":19},"end":{"line":50,"column":68}},"23":{"start":{"line":51,"column":6},"end":{"line":53,"column":7}},"24":{"start":{"line":52,"column":8},"end":{"line":52,"column":36}},"25":{"start":{"line":56,"column":21},"end":{"line":56,"column":59}},"26":{"start":{"line":58,"column":23},"end":{"line":64,"column":5}},"27":{"start":{"line":66,"column":24},"end":{"line":66,"column":59}},"28":{"start":{"line":67,"column":4},"end":{"line":67,"column":56}},"29":{"start":{"line":69,"column":24},"end":{"line":69,"column":34}},"30":{"start":{"line":70,"column":4},"end":{"line":70,"column":52}},"31":{"start":{"line":71,"column":28},"end":{"line":71,"column":67}},"32":{"start":{"line":73,"column":22},"end":{"line":97,"column":6}},"33":{"start":{"line":99,"column":4},"end":{"line":109,"column":7}},"34":{"start":{"line":112,"column":4},"end":{"line":112,"column":48}},"35":{"start":{"line":113,"column":4},"end":{"line":116,"column":7}},"36":{"start":{"line":120,"column":22},"end":{"line":129,"column":1}},"37":{"start":{"line":121,"column":2},"end":{"line":128,"column":3}},"38":{"start":{"line":122,"column":19},"end":{"line":122,"column":30}},"39":{"start":{"line":123,"column":22},"end":{"line":123,"column":54}},"40":{"start":{"line":124,"column":4},"end":{"line":124,"column":43}},"41":{"start":{"line":126,"column":4},"end":{"line":126,"column":55}},"42":{"start":{"line":127,"column":4},"end":{"line":127,"column":70}},"43":{"start":{"line":131,"column":22},"end":{"line":161,"column":1}},"44":{"start":{"line":132,"column":2},"end":{"line":160,"column":3}},"45":{"start":{"line":133,"column":19},"end":{"line":133,"column":29}},"46":{"start":{"line":134,"column":19},"end":{"line":134,"column":30}},"47":{"start":{"line":136,"column":4},"end":{"line":136,"column":84}},"48":{"start":{"line":138,"column":22},"end":{"line":138,"column":57}},"49":{"start":{"line":139,"column":4},"end":{"line":144,"column":5}},"50":{"start":{"line":140,"column":6},"end":{"line":143,"column":9}},"51":{"start":{"line":146,"column":4},"end":{"line":146,"column":29}},"52":{"start":{"line":147,"column":4},"end":{"line":147,"column":44}},"53":{"start":{"line":149,"column":4},"end":{"line":152,"column":7}},"54":{"start":{"line":155,"column":4},"end":{"line":155,"column":44}},"55":{"start":{"line":156,"column":4},"end":{"line":159,"column":7}},"56":{"start":{"line":163,"column":0},"end":{"line":163,"column":65}}},"fnMap":{"0":{"name":"(anonymous_0)","decl":{"start":{"line":7,"column":22},"end":{"line":7,"column":23}},"loc":{"start":{"line":7,"column":42},"end":{"line":118,"column":1}},"line":7},"1":{"name":"(anonymous_1)","decl":{"start":{"line":120,"column":22},"end":{"line":120,"column":23}},"loc":{"start":{"line":120,"column":42},"end":{"line":129,"column":1}},"line":120},"2":{"name":"(anonymous_2)","decl":{"start":{"line":131,"column":22},"end":{"line":131,"column":23}},"loc":{"start":{"line":131,"column":42},"end":{"line":161,"column":1}},"line":131}},"branchMap":{"0":{"loc":{"start":{"line":31,"column":4},"end":{"line":33,"column":5}},"type":"if","locations":[{"start":{"line":31,"column":4},"end":{"line":33,"column":5}},{"start":{},"end":{}}],"line":31},"1":{"loc":{"start":{"line":36,"column":4},"end":{"line":41,"column":5}},"type":"if","locations":[{"start":{"line":36,"column":4},"end":{"line":41,"column":5}},{"start":{},"end":{}}],"line":36},"2":{"loc":{"start":{"line":44,"column":4},"end":{"line":46,"column":5}},"type":"if","locations":[{"start":{"line":44,"column":4},"end":{"line":46,"column":5}},{"start":{},"end":{}}],"line":44},"3":{"loc":{"start":{"line":49,"column":4},"end":{"line":54,"column":5}},"type":"if","locations":[{"start":{"line":49,"column":4},"end":{"line":54,"column":5}},{"start":{},"end":{}}],"line":49},"4":{"loc":{"start":{"line":49,"column":8},"end":{"line":49,"column":54}},"type":"binary-expr","locations":[{"start":{"line":49,"column":8},"end":{"line":49,"column":26}},{"start":{"line":49,"column":30},"end":{"line":49,"column":54}}],"line":49},"5":{"loc":{"start":{"line":51,"column":6},"end":{"line":53,"column":7}},"type":"if","locations":[{"start":{"line":51,"column":6},"end":{"line":53,"column":7}},{"start":{},"end":{}}],"line":51},"6":{"loc":{"start":{"line":56,"column":21},"end":{"line":56,"column":59}},"type":"binary-expr","locations":[{"start":{"line":56,"column":21},"end":{"line":56,"column":54}},{"start":{"line":56,"column":58},"end":{"line":56,"column":59}}],"line":56},"7":{"loc":{"start":{"line":139,"column":4},"end":{"line":144,"column":5}},"type":"if","locations":[{"start":{"line":139,"column":4},"end":{"line":144,"column":5}},{"start":{},"end":{}}],"line":139}},"s":{"0":7,"1":7,"2":7,"3":7,"4":7,"5":7,"6":9,"7":9,"8":9,"9":9,"10":9,"11":9,"12":9,"13":1,"14":8,"15":8,"16":1,"17":7,"18":7,"19":0,"20":7,"21":7,"22":0,"23":0,"24":0,"25":7,"26":7,"27":7,"28":7,"29":7,"30":7,"31":7,"32":7,"33":7,"34":0,"35":0,"36":7,"37":3,"38":3,"39":3,"40":3,"41":0,"42":0,"43":7,"44":0,"45":0,"46":0,"47":0,"48":0,"49":0,"50":0,"51":0,"52":0,"53":0,"54":0,"55":0,"56":7},"f":{"0":9,"1":3,"2":0},"b":{"0":[1,8],"1":[1,7],"2":[0,7],"3":[0,7],"4":[7,7],"5":[0,0],"6":[7,7],"7":[0,0]},"_coverageSchema":"1a1c01bbd47fc00a2c39e90264f33305004495a9","hash":"f8960cec8034a6942a1f3d12105139edd5bf97f8"}
,"/Users/erdosizsombor/Documents/GitHub/Vizsgaremek/Betonlogisztika/backend/controllers/authController.js": {"path":"/Users/erdosizsombor/Documents/GitHub/Vizsgaremek/Betonlogisztika/backend/controllers/authController.js","statementMap":{"0":{"start":{"line":1,"column":13},"end":{"line":1,"column":38}},"1":{"start":{"line":2,"column":12},"end":{"line":2,"column":35}},"2":{"start":{"line":3,"column":44},"end":{"line":3,"column":71}},"3":{"start":{"line":5,"column":17},"end":{"line":64,"column":1}},"4":{"start":{"line":6,"column":2},"end":{"line":63,"column":3}},"5":{"start":{"line":7,"column":52},"end":{"line":7,"column":60}},"6":{"start":{"line":9,"column":4},"end":{"line":14,"column":5}},"7":{"start":{"line":10,"column":6},"end":{"line":13,"column":9}},"8":{"start":{"line":16,"column":4},"end":{"line":21,"column":5}},"9":{"start":{"line":17,"column":6},"end":{"line":20,"column":9}},"10":{"start":{"line":23,"column":4},"end":{"line":28,"column":5}},"11":{"start":{"line":24,"column":6},"end":{"line":27,"column":9}},"12":{"start":{"line":30,"column":25},"end":{"line":30,"column":54}},"13":{"start":{"line":31,"column":4},"end":{"line":36,"column":5}},"14":{"start":{"line":32,"column":6},"end":{"line":35,"column":9}},"15":{"start":{"line":38,"column":19},"end":{"line":38,"column":77}},"16":{"start":{"line":40,"column":18},"end":{"line":44,"column":5}},"17":{"start":{"line":46,"column":4},"end":{"line":58,"column":7}},"18":{"start":{"line":61,"column":4},"end":{"line":61,"column":50}},"19":{"start":{"line":62,"column":4},"end":{"line":62,"column":70}},"20":{"start":{"line":66,"column":14},"end":{"line":117,"column":1}},"21":{"start":{"line":67,"column":2},"end":{"line":116,"column":3}},"22":{"start":{"line":68,"column":30},"end":{"line":68,"column":38}},"23":{"start":{"line":70,"column":4},"end":{"line":75,"column":5}},"24":{"start":{"line":71,"column":6},"end":{"line":74,"column":9}},"25":{"start":{"line":77,"column":17},"end":{"line":77,"column":46}},"26":{"start":{"line":78,"column":4},"end":{"line":83,"column":5}},"27":{"start":{"line":79,"column":6},"end":{"line":82,"column":9}},"28":{"start":{"line":85,"column":26},"end":{"line":85,"column":65}},"29":{"start":{"line":86,"column":4},"end":{"line":91,"column":5}},"30":{"start":{"line":87,"column":6},"end":{"line":90,"column":9}},"31":{"start":{"line":93,"column":18},"end":{"line":97,"column":5}},"32":{"start":{"line":99,"column":4},"end":{"line":111,"column":7}},"33":{"start":{"line":114,"column":4},"end":{"line":114,"column":51}},"34":{"start":{"line":115,"column":4},"end":{"line":115,"column":70}},"35":{"start":{"line":119,"column":0},"end":{"line":119,"column":37}}},"fnMap":{"0":{"name":"(anonymous_0)","decl":{"start":{"line":5,"column":17},"end":{"line":5,"column":18}},"loc":{"start":{"line":5,"column":37},"end":{"line":64,"column":1}},"line":5},"1":{"name":"(anonymous_1)","decl":{"start":{"line":66,"column":14},"end":{"line":66,"column":15}},"loc":{"start":{"line":66,"column":34},"end":{"line":117,"column":1}},"line":66}},"branchMap":{"0":{"loc":{"start":{"line":9,"column":4},"end":{"line":14,"column":5}},"type":"if","locations":[{"start":{"line":9,"column":4},"end":{"line":14,"column":5}},{"start":{},"end":{}}],"line":9},"1":{"loc":{"start":{"line":9,"column":8},"end":{"line":9,"column":45}},"type":"binary-expr","locations":[{"start":{"line":9,"column":8},"end":{"line":9,"column":12}},{"start":{"line":9,"column":16},"end":{"line":9,"column":22}},{"start":{"line":9,"column":26},"end":{"line":9,"column":33}},{"start":{"line":9,"column":37},"end":{"line":9,"column":45}}],"line":9},"2":{"loc":{"start":{"line":16,"column":4},"end":{"line":21,"column":5}},"type":"if","locations":[{"start":{"line":16,"column":4},"end":{"line":21,"column":5}},{"start":{},"end":{}}],"line":16},"3":{"loc":{"start":{"line":23,"column":4},"end":{"line":28,"column":5}},"type":"if","locations":[{"start":{"line":23,"column":4},"end":{"line":28,"column":5}},{"start":{},"end":{}}],"line":23},"4":{"loc":{"start":{"line":31,"column":4},"end":{"line":36,"column":5}},"type":"if","locations":[{"start":{"line":31,"column":4},"end":{"line":36,"column":5}},{"start":{},"end":{}}],"line":31},"5":{"loc":{"start":{"line":42,"column":6},"end":{"line":42,"column":59}},"type":"binary-expr","locations":[{"start":{"line":42,"column":6},"end":{"line":42,"column":28}},{"start":{"line":42,"column":32},"end":{"line":42,"column":59}}],"line":42},"6":{"loc":{"start":{"line":54,"column":16},"end":{"line":54,"column":30}},"type":"binary-expr","locations":[{"start":{"line":54,"column":16},"end":{"line":54,"column":22}},{"start":{"line":54,"column":26},"end":{"line":54,"column":30}}],"line":54},"7":{"loc":{"start":{"line":70,"column":4},"end":{"line":75,"column":5}},"type":"if","locations":[{"start":{"line":70,"column":4},"end":{"line":75,"column":5}},{"start":{},"end":{}}],"line":70},"8":{"loc":{"start":{"line":70,"column":8},"end":{"line":70,"column":25}},"type":"binary-expr","locations":[{"start":{"line":70,"column":8},"end":{"line":70,"column":14}},{"start":{"line":70,"column":18},"end":{"line":70,"column":25}}],"line":70},"9":{"loc":{"start":{"line":78,"column":4},"end":{"line":83,"column":5}},"type":"if","locations":[{"start":{"line":78,"column":4},"end":{"line":83,"column":5}},{"start":{},"end":{}}],"line":78},"10":{"loc":{"start":{"line":86,"column":4},"end":{"line":91,"column":5}},"type":"if","locations":[{"start":{"line":86,"column":4},"end":{"line":91,"column":5}},{"start":{},"end":{}}],"line":86},"11":{"loc":{"start":{"line":94,"column":53},"end":{"line":94,"column":79}},"type":"binary-expr","locations":[{"start":{"line":94,"column":53},"end":{"line":94,"column":69}},{"start":{"line":94,"column":73},"end":{"line":94,"column":79}}],"line":94},"12":{"loc":{"start":{"line":95,"column":6},"end":{"line":95,"column":59}},"type":"binary-expr","locations":[{"start":{"line":95,"column":6},"end":{"line":95,"column":28}},{"start":{"line":95,"column":32},"end":{"line":95,"column":59}}],"line":95},"13":{"loc":{"start":{"line":109,"column":21},"end":{"line":109,"column":47}},"type":"binary-expr","locations":[{"start":{"line":109,"column":21},"end":{"line":109,"column":37}},{"start":{"line":109,"column":41},"end":{"line":109,"column":47}}],"line":109}},"s":{"0":7,"1":7,"2":7,"3":7,"4":14,"5":14,"6":14,"7":1,"8":13,"9":0,"10":13,"11":0,"12":13,"13":13,"14":1,"15":12,"16":12,"17":12,"18":0,"19":0,"20":7,"21":17,"22":17,"23":17,"24":1,"25":16,"26":16,"27":1,"28":15,"29":15,"30":1,"31":14,"32":14,"33":0,"34":0,"35":7},"f":{"0":14,"1":17},"b":{"0":[1,13],"1":[14,13,13,13],"2":[0,13],"3":[0,13],"4":[1,12],"5":[12,0],"6":[12,8],"7":[1,16],"8":[17,17],"9":[1,15],"10":[1,14],"11":[14,0],"12":[14,0],"13":[14,0]},"_coverageSchema":"1a1c01bbd47fc00a2c39e90264f33305004495a9","hash":"76fbafc0d5698ba973a270239cab7de36ed06ed1"}
,"/Users/erdosizsombor/Documents/GitHub/Vizsgaremek/Betonlogisztika/backend/controllers/megrendelesController.js": {"path":"/Users/erdosizsombor/Documents/GitHub/Vizsgaremek/Betonlogisztika/backend/controllers/megrendelesController.js","statementMap":{"0":{"start":{"line":1,"column":11},"end":{"line":1,"column":40}},"1":{"start":{"line":2,"column":20},"end":{"line":2,"column":52}},"2":{"start":{"line":3,"column":16},"end":{"line":3,"column":44}},"3":{"start":{"line":4,"column":16},"end":{"line":4,"column":44}},"4":{"start":{"line":6,"column":26},"end":{"line":92,"column":1}},"5":{"start":{"line":7,"column":2},"end":{"line":91,"column":3}},"6":{"start":{"line":8,"column":4},"end":{"line":8,"column":51}},"7":{"start":{"line":9,"column":4},"end":{"line":9,"column":74}},"8":{"start":{"line":23,"column":8},"end":{"line":23,"column":16}},"9":{"start":{"line":25,"column":19},"end":{"line":25,"column":30}},"10":{"start":{"line":26,"column":20},"end":{"line":26,"column":62}},"11":{"start":{"line":28,"column":4},"end":{"line":30,"column":5}},"12":{"start":{"line":29,"column":6},"end":{"line":29,"column":89}},"13":{"start":{"line":32,"column":15},"end":{"line":32,"column":25}},"14":{"start":{"line":33,"column":23},"end":{"line":33,"column":52}},"15":{"start":{"line":35,"column":4},"end":{"line":37,"column":5}},"16":{"start":{"line":36,"column":6},"end":{"line":36,"column":89}},"17":{"start":{"line":39,"column":4},"end":{"line":41,"column":5}},"18":{"start":{"line":40,"column":6},"end":{"line":40,"column":106}},"19":{"start":{"line":43,"column":23},"end":{"line":43,"column":98}},"20":{"start":{"line":44,"column":22},"end":{"line":44,"column":51}},"21":{"start":{"line":46,"column":4},"end":{"line":51,"column":5}},"22":{"start":{"line":47,"column":6},"end":{"line":50,"column":9}},"23":{"start":{"line":53,"column":4},"end":{"line":53,"column":94}},"24":{"start":{"line":55,"column":28},"end":{"line":55,"column":71}},"25":{"start":{"line":56,"column":4},"end":{"line":56,"column":64}},"26":{"start":{"line":58,"column":26},"end":{"line":74,"column":6}},"27":{"start":{"line":76,"column":4},"end":{"line":76,"column":58}},"28":{"start":{"line":78,"column":4},"end":{"line":86,"column":7}},"29":{"start":{"line":89,"column":4},"end":{"line":89,"column":48}},"30":{"start":{"line":90,"column":4},"end":{"line":90,"column":88}},"31":{"start":{"line":94,"column":24},"end":{"line":103,"column":1}},"32":{"start":{"line":95,"column":2},"end":{"line":102,"column":3}},"33":{"start":{"line":96,"column":19},"end":{"line":96,"column":30}},"34":{"start":{"line":97,"column":26},"end":{"line":97,"column":62}},"35":{"start":{"line":98,"column":4},"end":{"line":98,"column":47}},"36":{"start":{"line":100,"column":4},"end":{"line":100,"column":59}},"37":{"start":{"line":101,"column":4},"end":{"line":101,"column":70}},"38":{"start":{"line":105,"column":26},"end":{"line":149,"column":1}},"39":{"start":{"line":106,"column":2},"end":{"line":148,"column":3}},"40":{"start":{"line":107,"column":19},"end":{"line":107,"column":29}},"41":{"start":{"line":108,"column":19},"end":{"line":108,"column":30}},"42":{"start":{"line":110,"column":4},"end":{"line":110,"column":88}},"43":{"start":{"line":112,"column":26},"end":{"line":115,"column":5}},"44":{"start":{"line":117,"column":4},"end":{"line":122,"column":5}},"45":{"start":{"line":118,"column":6},"end":{"line":121,"column":9}},"46":{"start":{"line":124,"column":18},"end":{"line":124,"column":32}},"47":{"start":{"line":126,"column":4},"end":{"line":131,"column":5}},"48":{"start":{"line":127,"column":6},"end":{"line":130,"column":9}},"49":{"start":{"line":133,"column":4},"end":{"line":133,"column":67}},"50":{"start":{"line":135,"column":4},"end":{"line":135,"column":48}},"51":{"start":{"line":137,"column":4},"end":{"line":140,"column":7}},"52":{"start":{"line":143,"column":4},"end":{"line":143,"column":44}},"53":{"start":{"line":144,"column":4},"end":{"line":147,"column":7}},"54":{"start":{"line":151,"column":0},"end":{"line":151,"column":75}}},"fnMap":{"0":{"name":"(anonymous_0)","decl":{"start":{"line":6,"column":26},"end":{"line":6,"column":27}},"loc":{"start":{"line":6,"column":46},"end":{"line":92,"column":1}},"line":6},"1":{"name":"(anonymous_1)","decl":{"start":{"line":94,"column":24},"end":{"line":94,"column":25}},"loc":{"start":{"line":94,"column":44},"end":{"line":103,"column":1}},"line":94},"2":{"name":"(anonymous_2)","decl":{"start":{"line":105,"column":26},"end":{"line":105,"column":27}},"loc":{"start":{"line":105,"column":46},"end":{"line":149,"column":1}},"line":105}},"branchMap":{"0":{"loc":{"start":{"line":28,"column":4},"end":{"line":30,"column":5}},"type":"if","locations":[{"start":{"line":28,"column":4},"end":{"line":30,"column":5}},{"start":{},"end":{}}],"line":28},"1":{"loc":{"start":{"line":35,"column":4},"end":{"line":37,"column":5}},"type":"if","locations":[{"start":{"line":35,"column":4},"end":{"line":37,"column":5}},{"start":{},"end":{}}],"line":35},"2":{"loc":{"start":{"line":39,"column":4},"end":{"line":41,"column":5}},"type":"if","locations":[{"start":{"line":39,"column":4},"end":{"line":41,"column":5}},{"start":{},"end":{}}],"line":39},"3":{"loc":{"start":{"line":46,"column":4},"end":{"line":51,"column":5}},"type":"if","locations":[{"start":{"line":46,"column":4},"end":{"line":51,"column":5}},{"start":{},"end":{}}],"line":46},"4":{"loc":{"start":{"line":117,"column":4},"end":{"line":122,"column":5}},"type":"if","locations":[{"start":{"line":117,"column":4},"end":{"line":122,"column":5}},{"start":{},"end":{}}],"line":117},"5":{"loc":{"start":{"line":117,"column":8},"end":{"line":117,"column":48}},"type":"binary-expr","locations":[{"start":{"line":117,"column":8},"end":{"line":117,"column":20}},{"start":{"line":117,"column":24},"end":{"line":117,"column":48}}],"line":117},"6":{"loc":{"start":{"line":126,"column":4},"end":{"line":131,"column":5}},"type":"if","locations":[{"start":{"line":126,"column":4},"end":{"line":131,"column":5}},{"start":{},"end":{}}],"line":126}},"s":{"0":7,"1":7,"2":7,"3":7,"4":7,"5":7,"6":7,"7":7,"8":7,"9":7,"10":7,"11":7,"12":1,"13":6,"14":6,"15":6,"16":0,"17":6,"18":2,"19":4,"20":4,"21":4,"22":0,"23":4,"24":4,"25":4,"26":4,"27":4,"28":4,"29":0,"30":0,"31":7,"32":3,"33":3,"34":3,"35":3,"36":0,"37":0,"38":7,"39":4,"40":4,"41":4,"42":4,"43":4,"44":4,"45":2,"46":2,"47":2,"48":1,"49":1,"50":1,"51":1,"52":0,"53":0,"54":7},"f":{"0":7,"1":3,"2":4},"b":{"0":[1,6],"1":[0,6],"2":[2,4],"3":[0,4],"4":[2,2],"5":[4,4],"6":[1,1]},"_coverageSchema":"1a1c01bbd47fc00a2c39e90264f33305004495a9","hash":"daff72226ec4319dbb435b1ab723cadbf25289f5"}
,"/Users/erdosizsombor/Documents/GitHub/Vizsgaremek/Betonlogisztika/backend/controllers/partnerController.js": {"path":"/Users/erdosizsombor/Documents/GitHub/Vizsgaremek/Betonlogisztika/backend/controllers/partnerController.js","statementMap":{"0":{"start":{"line":1,"column":16},"end":{"line":1,"column":44}},"1":{"start":{"line":3,"column":21},"end":{"line":11,"column":1}},"2":{"start":{"line":4,"column":2},"end":{"line":10,"column":3}},"3":{"start":{"line":5,"column":22},"end":{"line":5,"column":45}},"4":{"start":{"line":6,"column":4},"end":{"line":6,"column":43}},"5":{"start":{"line":8,"column":4},"end":{"line":8,"column":55}},"6":{"start":{"line":9,"column":4},"end":{"line":9,"column":70}},"7":{"start":{"line":13,"column":0},"end":{"line":13,"column":34}}},"fnMap":{"0":{"name":"(anonymous_0)","decl":{"start":{"line":3,"column":21},"end":{"line":3,"column":22}},"loc":{"start":{"line":3,"column":41},"end":{"line":11,"column":1}},"line":3}},"branchMap":{},"s":{"0":7,"1":7,"2":0,"3":0,"4":0,"5":0,"6":0,"7":7},"f":{"0":0},"b":{},"_coverageSchema":"1a1c01bbd47fc00a2c39e90264f33305004495a9","hash":"7c64f65911c836a9fabb1c76f7cf70dd3f092404"}
,"/Users/erdosizsombor/Documents/GitHub/Vizsgaremek/Betonlogisztika/backend/middleware/auth.js": {"path":"/Users/erdosizsombor/Documents/GitHub/Vizsgaremek/Betonlogisztika/backend/middleware/auth.js","statementMap":{"0":{"start":{"line":2,"column":12},"end":{"line":2,"column":35}},"1":{"start":{"line":4,"column":26},"end":{"line":19,"column":1}},"2":{"start":{"line":5,"column":21},"end":{"line":5,"column":49}},"3":{"start":{"line":6,"column":16},"end":{"line":6,"column":54}},"4":{"start":{"line":8,"column":2},"end":{"line":10,"column":3}},"5":{"start":{"line":9,"column":4},"end":{"line":9,"column":85}},"6":{"start":{"line":12,"column":2},"end":{"line":18,"column":5}},"7":{"start":{"line":13,"column":4},"end":{"line":15,"column":5}},"8":{"start":{"line":14,"column":6},"end":{"line":14,"column":97}},"9":{"start":{"line":16,"column":4},"end":{"line":16,"column":20}},"10":{"start":{"line":17,"column":4},"end":{"line":17,"column":11}},"11":{"start":{"line":21,"column":0},"end":{"line":21,"column":35}}},"fnMap":{"0":{"name":"(anonymous_0)","decl":{"start":{"line":4,"column":26},"end":{"line":4,"column":27}},"loc":{"start":{"line":4,"column":46},"end":{"line":19,"column":1}},"line":4},"1":{"name":"(anonymous_1)","decl":{"start":{"line":12,"column":75},"end":{"line":12,"column":76}},"loc":{"start":{"line":12,"column":90},"end":{"line":18,"column":3}},"line":12}},"branchMap":{"0":{"loc":{"start":{"line":6,"column":16},"end":{"line":6,"column":54}},"type":"binary-expr","locations":[{"start":{"line":6,"column":16},"end":{"line":6,"column":26}},{"start":{"line":6,"column":30},"end":{"line":6,"column":54}}],"line":6},"1":{"loc":{"start":{"line":8,"column":2},"end":{"line":10,"column":3}},"type":"if","locations":[{"start":{"line":8,"column":2},"end":{"line":10,"column":3}},{"start":{},"end":{}}],"line":8},"2":{"loc":{"start":{"line":12,"column":20},"end":{"line":12,"column":73}},"type":"binary-expr","locations":[{"start":{"line":12,"column":20},"end":{"line":12,"column":42}},{"start":{"line":12,"column":46},"end":{"line":12,"column":73}}],"line":12},"3":{"loc":{"start":{"line":13,"column":4},"end":{"line":15,"column":5}},"type":"if","locations":[{"start":{"line":13,"column":4},"end":{"line":15,"column":5}},{"start":{},"end":{}}],"line":13}},"s":{"0":7,"1":7,"2":38,"3":38,"4":38,"5":5,"6":33,"7":33,"8":2,"9":31,"10":31,"11":7},"f":{"0":38,"1":33},"b":{"0":[38,33],"1":[5,33],"2":[33,0],"3":[2,31]},"_coverageSchema":"1a1c01bbd47fc00a2c39e90264f33305004495a9","hash":"fb8379ce6b75abb13ccc2d7e31a9e81b600e388b"}
,"/Users/erdosizsombor/Documents/GitHub/Vizsgaremek/Betonlogisztika/backend/models/Ajanlat.js": {"path":"/Users/erdosizsombor/Documents/GitHub/Vizsgaremek/Betonlogisztika/backend/models/Ajanlat.js","statementMap":{"0":{"start":{"line":1,"column":11},"end":{"line":1,"column":40}},"1":{"start":{"line":12,"column":8},"end":{"line":12,"column":12}},"2":{"start":{"line":14,"column":22},"end":{"line":17,"column":5}},"3":{"start":{"line":15,"column":6},"end":{"line":15,"column":58}},"4":{"start":{"line":15,"column":49},"end":{"line":15,"column":58}},"5":{"start":{"line":16,"column":6},"end":{"line":16,"column":19}},"6":{"start":{"line":19,"column":21},"end":{"line":35,"column":6}},"7":{"start":{"line":37,"column":4},"end":{"line":37,"column":27}},"8":{"start":{"line":41,"column":24},"end":{"line":50,"column":16}},"9":{"start":{"line":51,"column":4},"end":{"line":51,"column":21}},"10":{"start":{"line":55,"column":16},"end":{"line":60,"column":5}},"11":{"start":{"line":61,"column":17},"end":{"line":61,"column":21}},"12":{"start":{"line":62,"column":4},"end":{"line":65,"column":5}},"13":{"start":{"line":63,"column":6},"end":{"line":63,"column":43}},"14":{"start":{"line":64,"column":6},"end":{"line":64,"column":26}},"15":{"start":{"line":66,"column":21},"end":{"line":66,"column":50}},"16":{"start":{"line":67,"column":4},"end":{"line":67,"column":21}},"17":{"start":{"line":71,"column":24},"end":{"line":79,"column":6}},"18":{"start":{"line":80,"column":4},"end":{"line":80,"column":21}},"19":{"start":{"line":84,"column":4},"end":{"line":84,"column":83}},"20":{"start":{"line":88,"column":4},"end":{"line":88,"column":63}},"21":{"start":{"line":92,"column":22},"end":{"line":95,"column":5}},"22":{"start":{"line":96,"column":4},"end":{"line":96,"column":38}},"23":{"start":{"line":96,"column":25},"end":{"line":96,"column":38}},"24":{"start":{"line":97,"column":4},"end":{"line":97,"column":82}},"25":{"start":{"line":101,"column":17},"end":{"line":101,"column":41}},"26":{"start":{"line":102,"column":19},"end":{"line":108,"column":5}},"27":{"start":{"line":109,"column":18},"end":{"line":109,"column":19}},"28":{"start":{"line":110,"column":4},"end":{"line":113,"column":5}},"29":{"start":{"line":111,"column":22},"end":{"line":111,"column":65}},"30":{"start":{"line":112,"column":6},"end":{"line":112,"column":28}},"31":{"start":{"line":114,"column":4},"end":{"line":114,"column":63}},"32":{"start":{"line":118,"column":0},"end":{"line":118,"column":25}}},"fnMap":{"0":{"name":"(anonymous_0)","decl":{"start":{"line":4,"column":2},"end":{"line":4,"column":3}},"loc":{"start":{"line":4,"column":28},"end":{"line":38,"column":3}},"line":4},"1":{"name":"(anonymous_1)","decl":{"start":{"line":14,"column":22},"end":{"line":14,"column":23}},"loc":{"start":{"line":14,"column":33},"end":{"line":17,"column":5}},"line":14},"2":{"name":"(anonymous_2)","decl":{"start":{"line":40,"column":2},"end":{"line":40,"column":3}},"loc":{"start":{"line":40,"column":34},"end":{"line":52,"column":3}},"line":40},"3":{"name":"(anonymous_3)","decl":{"start":{"line":54,"column":2},"end":{"line":54,"column":3}},"loc":{"start":{"line":54,"column":43},"end":{"line":68,"column":3}},"line":54},"4":{"name":"(anonymous_4)","decl":{"start":{"line":70,"column":2},"end":{"line":70,"column":3}},"loc":{"start":{"line":70,"column":30},"end":{"line":81,"column":3}},"line":70},"5":{"name":"(anonymous_5)","decl":{"start":{"line":83,"column":2},"end":{"line":83,"column":3}},"loc":{"start":{"line":83,"column":41},"end":{"line":85,"column":3}},"line":83},"6":{"name":"(anonymous_6)","decl":{"start":{"line":87,"column":2},"end":{"line":87,"column":3}},"loc":{"start":{"line":87,"column":26},"end":{"line":89,"column":3}},"line":87},"7":{"name":"(anonymous_7)","decl":{"start":{"line":91,"column":2},"end":{"line":91,"column":3}},"loc":{"start":{"line":91,"column":37},"end":{"line":98,"column":3}},"line":91},"8":{"name":"(anonymous_8)","decl":{"start":{"line":100,"column":2},"end":{"line":100,"column":3}},"loc":{"start":{"line":100,"column":37},"end":{"line":115,"column":3}},"line":100}},"branchMap":{"0":{"loc":{"start":{"line":15,"column":6},"end":{"line":15,"column":58}},"type":"if","locations":[{"start":{"line":15,"column":6},"end":{"line":15,"column":58}},{"start":{},"end":{}}],"line":15},"1":{"loc":{"start":{"line":15,"column":10},"end":{"line":15,"column":47}},"type":"binary-expr","locations":[{"start":{"line":15,"column":10},"end":{"line":15,"column":29}},{"start":{"line":15,"column":33},"end":{"line":15,"column":47}}],"line":15},"2":{"loc":{"start":{"line":29,"column":51},"end":{"line":29,"column":77}},"type":"binary-expr","locations":[{"start":{"line":29,"column":51},"end":{"line":29,"column":69}},{"start":{"line":29,"column":73},"end":{"line":29,"column":77}}],"line":29},"3":{"loc":{"start":{"line":30,"column":33},"end":{"line":30,"column":56}},"type":"cond-expr","locations":[{"start":{"line":30,"column":51},"end":{"line":30,"column":52}},{"start":{"line":30,"column":55},"end":{"line":30,"column":56}}],"line":30},"4":{"loc":{"start":{"line":31,"column":46},"end":{"line":31,"column":62}},"type":"binary-expr","locations":[{"start":{"line":31,"column":46},"end":{"line":31,"column":54}},{"start":{"line":31,"column":58},"end":{"line":31,"column":62}}],"line":31},"5":{"loc":{"start":{"line":31,"column":64},"end":{"line":31,"column":81}},"type":"binary-expr","locations":[{"start":{"line":31,"column":64},"end":{"line":31,"column":73}},{"start":{"line":31,"column":77},"end":{"line":31,"column":81}}],"line":31},"6":{"loc":{"start":{"line":32,"column":6},"end":{"line":32,"column":35}},"type":"binary-expr","locations":[{"start":{"line":32,"column":6},"end":{"line":32,"column":27}},{"start":{"line":32,"column":31},"end":{"line":32,"column":35}}],"line":32},"7":{"loc":{"start":{"line":54,"column":28},"end":{"line":54,"column":41}},"type":"default-arg","locations":[{"start":{"line":54,"column":37},"end":{"line":54,"column":41}}],"line":54},"8":{"loc":{"start":{"line":62,"column":4},"end":{"line":65,"column":5}},"type":"if","locations":[{"start":{"line":62,"column":4},"end":{"line":65,"column":5}},{"start":{},"end":{}}],"line":62},"9":{"loc":{"start":{"line":96,"column":4},"end":{"line":96,"column":38}},"type":"if","locations":[{"start":{"line":96,"column":4},"end":{"line":96,"column":38}},{"start":{},"end":{}}],"line":96},"10":{"loc":{"start":{"line":97,"column":11},"end":{"line":97,"column":81}},"type":"binary-expr","locations":[{"start":{"line":97,"column":11},"end":{"line":97,"column":46}},{"start":{"line":97,"column":50},"end":{"line":97,"column":81}}],"line":97},"11":{"loc":{"start":{"line":110,"column":4},"end":{"line":113,"column":5}},"type":"if","locations":[{"start":{"line":110,"column":4},"end":{"line":113,"column":5}},{"start":{},"end":{}}],"line":110}},"s":{"0":7,"1":7,"2":7,"3":49,"4":0,"5":49,"6":7,"7":7,"8":3,"9":3,"10":7,"11":7,"12":7,"13":7,"14":7,"15":7,"16":7,"17":0,"18":0,"19":8,"20":0,"21":0,"22":0,"23":0,"24":0,"25":7,"26":7,"27":7,"28":7,"29":7,"30":7,"31":7,"32":7},"f":{"0":7,"1":49,"2":3,"3":7,"4":0,"5":8,"6":0,"7":0,"8":7},"b":{"0":[0,49],"1":[49,49],"2":[7,0],"3":[1,6],"4":[7,0],"5":[7,0],"6":[7,7],"7":[0],"8":[7,0],"9":[0,0],"10":[0,0],"11":[7,0]},"_coverageSchema":"1a1c01bbd47fc00a2c39e90264f33305004495a9","hash":"708a80f59ce5266059e9c1e2417aec4da9fc52b6"}
,"/Users/erdosizsombor/Documents/GitHub/Vizsgaremek/Betonlogisztika/backend/models/BetonTipus.js": {"path":"/Users/erdosizsombor/Documents/GitHub/Vizsgaremek/Betonlogisztika/backend/models/BetonTipus.js","statementMap":{"0":{"start":{"line":1,"column":11},"end":{"line":1,"column":40}},"1":{"start":{"line":5,"column":22},"end":{"line":5,"column":87}},"2":{"start":{"line":6,"column":4},"end":{"line":6,"column":19}},"3":{"start":{"line":10,"column":21},"end":{"line":10,"column":85}},"4":{"start":{"line":11,"column":4},"end":{"line":11,"column":21}},"5":{"start":{"line":15,"column":19},"end":{"line":18,"column":5}},"6":{"start":{"line":19,"column":4},"end":{"line":19,"column":19}},"7":{"start":{"line":23,"column":0},"end":{"line":23,"column":28}}},"fnMap":{"0":{"name":"(anonymous_0)","decl":{"start":{"line":4,"column":2},"end":{"line":4,"column":3}},"loc":{"start":{"line":4,"column":25},"end":{"line":7,"column":3}},"line":4},"1":{"name":"(anonymous_1)","decl":{"start":{"line":9,"column":2},"end":{"line":9,"column":3}},"loc":{"start":{"line":9,"column":28},"end":{"line":12,"column":3}},"line":9},"2":{"name":"(anonymous_2)","decl":{"start":{"line":14,"column":2},"end":{"line":14,"column":3}},"loc":{"start":{"line":14,"column":42},"end":{"line":20,"column":3}},"line":14}},"branchMap":{},"s":{"0":7,"1":0,"2":0,"3":0,"4":0,"5":7,"6":7,"7":7},"f":{"0":0,"1":0,"2":7},"b":{},"_coverageSchema":"1a1c01bbd47fc00a2c39e90264f33305004495a9","hash":"da51ee0ff5bb6f5e3b1d2b40f56a2cadb7e0c1d2"}
,"/Users/erdosizsombor/Documents/GitHub/Vizsgaremek/Betonlogisztika/backend/models/BetonszalTipus.js": {"path":"/Users/erdosizsombor/Documents/GitHub/Vizsgaremek/Betonlogisztika/backend/models/BetonszalTipus.js","statementMap":{"0":{"start":{"line":1,"column":11},"end":{"line":1,"column":40}},"1":{"start":{"line":5,"column":22},"end":{"line":5,"column":91}},"2":{"start":{"line":6,"column":4},"end":{"line":6,"column":19}},"3":{"start":{"line":10,"column":21},"end":{"line":10,"column":89}},"4":{"start":{"line":11,"column":4},"end":{"line":11,"column":21}},"5":{"start":{"line":15,"column":0},"end":{"line":15,"column":32}}},"fnMap":{"0":{"name":"(anonymous_0)","decl":{"start":{"line":4,"column":2},"end":{"line":4,"column":3}},"loc":{"start":{"line":4,"column":25},"end":{"line":7,"column":3}},"line":4},"1":{"name":"(anonymous_1)","decl":{"start":{"line":9,"column":2},"end":{"line":9,"column":3}},"loc":{"start":{"line":9,"column":28},"end":{"line":12,"column":3}},"line":9}},"branchMap":{},"s":{"0":7,"1":0,"2":0,"3":0,"4":0,"5":7},"f":{"0":0,"1":0},"b":{},"_coverageSchema":"1a1c01bbd47fc00a2c39e90264f33305004495a9","hash":"a6edfd2799b30abc244ea67161aa79b91b532a4e"}
,"/Users/erdosizsombor/Documents/GitHub/Vizsgaremek/Betonlogisztika/backend/models/Megrendeles.js": {"path":"/Users/erdosizsombor/Documents/GitHub/Vizsgaremek/Betonlogisztika/backend/models/Megrendeles.js","statementMap":{"0":{"start":{"line":1,"column":11},"end":{"line":1,"column":40}},"1":{"start":{"line":11,"column":8},"end":{"line":11,"column":12}},"2":{"start":{"line":13,"column":21},"end":{"line":28,"column":6}},"3":{"start":{"line":30,"column":4},"end":{"line":30,"column":27}},"4":{"start":{"line":34,"column":28},"end":{"line":46,"column":16}},"5":{"start":{"line":47,"column":4},"end":{"line":47,"column":25}},"6":{"start":{"line":51,"column":21},"end":{"line":56,"column":12}},"7":{"start":{"line":57,"column":4},"end":{"line":57,"column":21}},"8":{"start":{"line":61,"column":28},"end":{"line":71,"column":6}},"9":{"start":{"line":72,"column":4},"end":{"line":72,"column":25}},"10":{"start":{"line":76,"column":4},"end":{"line":76,"column":87}},"11":{"start":{"line":80,"column":4},"end":{"line":80,"column":67}},"12":{"start":{"line":84,"column":26},"end":{"line":87,"column":5}},"13":{"start":{"line":88,"column":4},"end":{"line":88,"column":42}},"14":{"start":{"line":88,"column":29},"end":{"line":88,"column":42}},"15":{"start":{"line":89,"column":4},"end":{"line":89,"column":51}},"16":{"start":{"line":93,"column":17},"end":{"line":93,"column":41}},"17":{"start":{"line":94,"column":19},"end":{"line":100,"column":5}},"18":{"start":{"line":101,"column":18},"end":{"line":101,"column":19}},"19":{"start":{"line":102,"column":4},"end":{"line":105,"column":5}},"20":{"start":{"line":103,"column":22},"end":{"line":103,"column":70}},"21":{"start":{"line":104,"column":6},"end":{"line":104,"column":28}},"22":{"start":{"line":106,"column":4},"end":{"line":106,"column":64}},"23":{"start":{"line":110,"column":0},"end":{"line":110,"column":29}}},"fnMap":{"0":{"name":"(anonymous_0)","decl":{"start":{"line":4,"column":2},"end":{"line":4,"column":3}},"loc":{"start":{"line":4,"column":28},"end":{"line":31,"column":3}},"line":4},"1":{"name":"(anonymous_1)","decl":{"start":{"line":33,"column":2},"end":{"line":33,"column":3}},"loc":{"start":{"line":33,"column":34},"end":{"line":48,"column":3}},"line":33},"2":{"name":"(anonymous_2)","decl":{"start":{"line":50,"column":2},"end":{"line":50,"column":3}},"loc":{"start":{"line":50,"column":28},"end":{"line":58,"column":3}},"line":50},"3":{"name":"(anonymous_3)","decl":{"start":{"line":60,"column":2},"end":{"line":60,"column":3}},"loc":{"start":{"line":60,"column":30},"end":{"line":73,"column":3}},"line":60},"4":{"name":"(anonymous_4)","decl":{"start":{"line":75,"column":2},"end":{"line":75,"column":3}},"loc":{"start":{"line":75,"column":41},"end":{"line":77,"column":3}},"line":75},"5":{"name":"(anonymous_5)","decl":{"start":{"line":79,"column":2},"end":{"line":79,"column":3}},"loc":{"start":{"line":79,"column":26},"end":{"line":81,"column":3}},"line":79},"6":{"name":"(anonymous_6)","decl":{"start":{"line":83,"column":2},"end":{"line":83,"column":3}},"loc":{"start":{"line":83,"column":37},"end":{"line":90,"column":3}},"line":83},"7":{"name":"(anonymous_7)","decl":{"start":{"line":92,"column":2},"end":{"line":92,"column":3}},"loc":{"start":{"line":92,"column":41},"end":{"line":107,"column":3}},"line":92}},"branchMap":{"0":{"loc":{"start":{"line":22,"column":61},"end":{"line":22,"column":79}},"type":"binary-expr","locations":[{"start":{"line":22,"column":61},"end":{"line":22,"column":71}},{"start":{"line":22,"column":75},"end":{"line":22,"column":79}}],"line":22},"1":{"loc":{"start":{"line":24,"column":6},"end":{"line":24,"column":36}},"type":"binary-expr","locations":[{"start":{"line":24,"column":6},"end":{"line":24,"column":28}},{"start":{"line":24,"column":32},"end":{"line":24,"column":36}}],"line":24},"2":{"loc":{"start":{"line":24,"column":38},"end":{"line":24,"column":65}},"type":"binary-expr","locations":[{"start":{"line":24,"column":38},"end":{"line":24,"column":57}},{"start":{"line":24,"column":61},"end":{"line":24,"column":65}}],"line":24},"3":{"loc":{"start":{"line":25,"column":6},"end":{"line":25,"column":28}},"type":"binary-expr","locations":[{"start":{"line":25,"column":6},"end":{"line":25,"column":20}},{"start":{"line":25,"column":24},"end":{"line":25,"column":28}}],"line":25},"4":{"loc":{"start":{"line":25,"column":30},"end":{"line":25,"column":55}},"type":"binary-expr","locations":[{"start":{"line":25,"column":30},"end":{"line":25,"column":47}},{"start":{"line":25,"column":51},"end":{"line":25,"column":55}}],"line":25},"5":{"loc":{"start":{"line":88,"column":4},"end":{"line":88,"column":42}},"type":"if","locations":[{"start":{"line":88,"column":4},"end":{"line":88,"column":42}},{"start":{},"end":{}}],"line":88},"6":{"loc":{"start":{"line":102,"column":4},"end":{"line":105,"column":5}},"type":"if","locations":[{"start":{"line":102,"column":4},"end":{"line":105,"column":5}},{"start":{},"end":{}}],"line":102}},"s":{"0":7,"1":4,"2":4,"3":4,"4":3,"5":3,"6":1,"7":1,"8":0,"9":0,"10":1,"11":0,"12":0,"13":0,"14":0,"15":0,"16":4,"17":4,"18":4,"19":4,"20":4,"21":4,"22":4,"23":7},"f":{"0":4,"1":3,"2":1,"3":0,"4":1,"5":0,"6":0,"7":4},"b":{"0":[4,3],"1":[4,0],"2":[4,0],"3":[4,0],"4":[4,0],"5":[0,0],"6":[4,0]},"_coverageSchema":"1a1c01bbd47fc00a2c39e90264f33305004495a9","hash":"06ceafdc31871cd0ab5eb6e34cf9f8cbbe96c695"}
,"/Users/erdosizsombor/Documents/GitHub/Vizsgaremek/Betonlogisztika/backend/models/Partner.js": {"path":"/Users/erdosizsombor/Documents/GitHub/Vizsgaremek/Betonlogisztika/backend/models/Partner.js","statementMap":{"0":{"start":{"line":1,"column":11},"end":{"line":1,"column":40}},"1":{"start":{"line":5,"column":24},"end":{"line":10,"column":6}},"2":{"start":{"line":11,"column":4},"end":{"line":11,"column":21}},"3":{"start":{"line":15,"column":21},"end":{"line":15,"column":84}},"4":{"start":{"line":16,"column":4},"end":{"line":16,"column":21}},"5":{"start":{"line":20,"column":70},"end":{"line":20,"column":74}},"6":{"start":{"line":21,"column":21},"end":{"line":25,"column":5}},"7":{"start":{"line":26,"column":4},"end":{"line":26,"column":27}},"8":{"start":{"line":30,"column":70},"end":{"line":30,"column":74}},"9":{"start":{"line":31,"column":4},"end":{"line":36,"column":6}},"10":{"start":{"line":40,"column":4},"end":{"line":40,"column":66}},"11":{"start":{"line":44,"column":21},"end":{"line":44,"column":116}},"12":{"start":{"line":45,"column":4},"end":{"line":45,"column":31}},"13":{"start":{"line":49,"column":21},"end":{"line":49,"column":118}},"14":{"start":{"line":50,"column":4},"end":{"line":50,"column":31}},"15":{"start":{"line":54,"column":18},"end":{"line":54,"column":97}},"16":{"start":{"line":55,"column":4},"end":{"line":55,"column":74}},"17":{"start":{"line":55,"column":21},"end":{"line":55,"column":74}},"18":{"start":{"line":57,"column":23},"end":{"line":60,"column":5}},"19":{"start":{"line":61,"column":22},"end":{"line":61,"column":45}},"20":{"start":{"line":62,"column":26},"end":{"line":62,"column":47}},"21":{"start":{"line":63,"column":4},"end":{"line":63,"column":75}},"22":{"start":{"line":67,"column":4},"end":{"line":72,"column":6}},"23":{"start":{"line":76,"column":4},"end":{"line":81,"column":6}},"24":{"start":{"line":85,"column":0},"end":{"line":85,"column":25}}},"fnMap":{"0":{"name":"(anonymous_0)","decl":{"start":{"line":4,"column":2},"end":{"line":4,"column":3}},"loc":{"start":{"line":4,"column":25},"end":{"line":12,"column":3}},"line":4},"1":{"name":"(anonymous_1)","decl":{"start":{"line":14,"column":2},"end":{"line":14,"column":3}},"loc":{"start":{"line":14,"column":28},"end":{"line":17,"column":3}},"line":14},"2":{"name":"(anonymous_2)","decl":{"start":{"line":19,"column":2},"end":{"line":19,"column":3}},"loc":{"start":{"line":19,"column":28},"end":{"line":27,"column":3}},"line":19},"3":{"name":"(anonymous_3)","decl":{"start":{"line":29,"column":2},"end":{"line":29,"column":3}},"loc":{"start":{"line":29,"column":32},"end":{"line":37,"column":3}},"line":29},"4":{"name":"(anonymous_4)","decl":{"start":{"line":39,"column":2},"end":{"line":39,"column":3}},"loc":{"start":{"line":39,"column":26},"end":{"line":41,"column":3}},"line":39},"5":{"name":"(anonymous_5)","decl":{"start":{"line":43,"column":2},"end":{"line":43,"column":3}},"loc":{"start":{"line":43,"column":27},"end":{"line":46,"column":3}},"line":43},"6":{"name":"(anonymous_6)","decl":{"start":{"line":48,"column":2},"end":{"line":48,"column":3}},"loc":{"start":{"line":48,"column":33},"end":{"line":51,"column":3}},"line":48},"7":{"name":"(anonymous_7)","decl":{"start":{"line":53,"column":2},"end":{"line":53,"column":3}},"loc":{"start":{"line":53,"column":42},"end":{"line":64,"column":3}},"line":53},"8":{"name":"(anonymous_8)","decl":{"start":{"line":66,"column":2},"end":{"line":66,"column":3}},"loc":{"start":{"line":66,"column":56},"end":{"line":73,"column":3}},"line":66},"9":{"name":"(anonymous_9)","decl":{"start":{"line":75,"column":2},"end":{"line":75,"column":3}},"loc":{"start":{"line":75,"column":61},"end":{"line":82,"column":3}},"line":75}},"branchMap":{"0":{"loc":{"start":{"line":24,"column":27},"end":{"line":24,"column":42}},"type":"binary-expr","locations":[{"start":{"line":24,"column":27},"end":{"line":24,"column":34}},{"start":{"line":24,"column":38},"end":{"line":24,"column":42}}],"line":24},"1":{"loc":{"start":{"line":24,"column":44},"end":{"line":24,"column":60}},"type":"binary-expr","locations":[{"start":{"line":24,"column":44},"end":{"line":24,"column":52}},{"start":{"line":24,"column":56},"end":{"line":24,"column":60}}],"line":24},"2":{"loc":{"start":{"line":35,"column":27},"end":{"line":35,"column":42}},"type":"binary-expr","locations":[{"start":{"line":35,"column":27},"end":{"line":35,"column":34}},{"start":{"line":35,"column":38},"end":{"line":35,"column":42}}],"line":35},"3":{"loc":{"start":{"line":35,"column":44},"end":{"line":35,"column":60}},"type":"binary-expr","locations":[{"start":{"line":35,"column":44},"end":{"line":35,"column":52}},{"start":{"line":35,"column":56},"end":{"line":35,"column":60}}],"line":35},"4":{"loc":{"start":{"line":55,"column":4},"end":{"line":55,"column":74}},"type":"if","locations":[{"start":{"line":55,"column":4},"end":{"line":55,"column":74}},{"start":{},"end":{}}],"line":55},"5":{"loc":{"start":{"line":61,"column":22},"end":{"line":61,"column":45}},"type":"binary-expr","locations":[{"start":{"line":61,"column":22},"end":{"line":61,"column":40}},{"start":{"line":61,"column":44},"end":{"line":61,"column":45}}],"line":61}},"s":{"0":7,"1":0,"2":0,"3":9,"4":9,"5":0,"6":0,"7":0,"8":0,"9":0,"10":0,"11":0,"12":0,"13":0,"14":0,"15":12,"16":12,"17":0,"18":12,"19":12,"20":12,"21":12,"22":4,"23":1,"24":7},"f":{"0":0,"1":9,"2":0,"3":0,"4":0,"5":0,"6":0,"7":12,"8":4,"9":1},"b":{"0":[0,0],"1":[0,0],"2":[0,0],"3":[0,0],"4":[0,12],"5":[12,3]},"_coverageSchema":"1a1c01bbd47fc00a2c39e90264f33305004495a9","hash":"609a1d1a96a263ed19220b22e17a88039eb331dd"}
,"/Users/erdosizsombor/Documents/GitHub/Vizsgaremek/Betonlogisztika/backend/models/User.js": {"path":"/Users/erdosizsombor/Documents/GitHub/Vizsgaremek/Betonlogisztika/backend/models/User.js","statementMap":{"0":{"start":{"line":1,"column":11},"end":{"line":1,"column":40}},"1":{"start":{"line":2,"column":15},"end":{"line":2,"column":34}},"2":{"start":{"line":6,"column":20},"end":{"line":6,"column":89}},"3":{"start":{"line":7,"column":4},"end":{"line":7,"column":20}},"4":{"start":{"line":11,"column":20},"end":{"line":11,"column":126}},"5":{"start":{"line":12,"column":4},"end":{"line":12,"column":20}},"6":{"start":{"line":16,"column":74},"end":{"line":16,"column":82}},"7":{"start":{"line":17,"column":27},"end":{"line":17,"column":56}},"8":{"start":{"line":19,"column":21},"end":{"line":23,"column":5}},"9":{"start":{"line":25,"column":4},"end":{"line":25,"column":27}},"10":{"start":{"line":29,"column":4},"end":{"line":29,"column":53}},"11":{"start":{"line":33,"column":27},"end":{"line":37,"column":6}},"12":{"start":{"line":38,"column":4},"end":{"line":38,"column":24}},"13":{"start":{"line":42,"column":57},"end":{"line":42,"column":65}},"14":{"start":{"line":43,"column":4},"end":{"line":46,"column":6}},"15":{"start":{"line":50,"column":4},"end":{"line":50,"column":66}},"16":{"start":{"line":54,"column":24},"end":{"line":54,"column":112}},"17":{"start":{"line":55,"column":28},"end":{"line":55,"column":120}},"18":{"start":{"line":56,"column":4},"end":{"line":56,"column":64}},"19":{"start":{"line":60,"column":16},"end":{"line":60,"column":61}},"20":{"start":{"line":61,"column":17},"end":{"line":61,"column":24}},"21":{"start":{"line":62,"column":4},"end":{"line":65,"column":5}},"22":{"start":{"line":63,"column":6},"end":{"line":63,"column":30}},"23":{"start":{"line":64,"column":6},"end":{"line":64,"column":29}},"24":{"start":{"line":66,"column":21},"end":{"line":66,"column":50}},"25":{"start":{"line":67,"column":4},"end":{"line":67,"column":29}},"26":{"start":{"line":71,"column":0},"end":{"line":71,"column":22}}},"fnMap":{"0":{"name":"(anonymous_0)","decl":{"start":{"line":5,"column":2},"end":{"line":5,"column":3}},"loc":{"start":{"line":5,"column":34},"end":{"line":8,"column":3}},"line":5},"1":{"name":"(anonymous_1)","decl":{"start":{"line":10,"column":2},"end":{"line":10,"column":3}},"loc":{"start":{"line":10,"column":28},"end":{"line":13,"column":3}},"line":10},"2":{"name":"(anonymous_2)","decl":{"start":{"line":15,"column":2},"end":{"line":15,"column":3}},"loc":{"start":{"line":15,"column":32},"end":{"line":26,"column":3}},"line":15},"3":{"name":"(anonymous_3)","decl":{"start":{"line":28,"column":2},"end":{"line":28,"column":3}},"loc":{"start":{"line":28,"column":44},"end":{"line":30,"column":3}},"line":28},"4":{"name":"(anonymous_4)","decl":{"start":{"line":32,"column":2},"end":{"line":32,"column":3}},"loc":{"start":{"line":32,"column":25},"end":{"line":39,"column":3}},"line":32},"5":{"name":"(anonymous_5)","decl":{"start":{"line":41,"column":2},"end":{"line":41,"column":3}},"loc":{"start":{"line":41,"column":36},"end":{"line":47,"column":3}},"line":41},"6":{"name":"(anonymous_6)","decl":{"start":{"line":49,"column":2},"end":{"line":49,"column":3}},"loc":{"start":{"line":49,"column":26},"end":{"line":51,"column":3}},"line":49},"7":{"name":"(anonymous_7)","decl":{"start":{"line":53,"column":2},"end":{"line":53,"column":3}},"loc":{"start":{"line":53,"column":34},"end":{"line":57,"column":3}},"line":53},"8":{"name":"(anonymous_8)","decl":{"start":{"line":59,"column":2},"end":{"line":59,"column":3}},"loc":{"start":{"line":59,"column":57},"end":{"line":68,"column":3}},"line":59}},"branchMap":{"0":{"loc":{"start":{"line":16,"column":49},"end":{"line":16,"column":69}},"type":"default-arg","locations":[{"start":{"line":16,"column":63},"end":{"line":16,"column":69}}],"line":16},"1":{"loc":{"start":{"line":22,"column":35},"end":{"line":22,"column":49}},"type":"binary-expr","locations":[{"start":{"line":22,"column":35},"end":{"line":22,"column":41}},{"start":{"line":22,"column":45},"end":{"line":22,"column":49}}],"line":22},"2":{"loc":{"start":{"line":45,"column":19},"end":{"line":45,"column":33}},"type":"binary-expr","locations":[{"start":{"line":45,"column":19},"end":{"line":45,"column":25}},{"start":{"line":45,"column":29},"end":{"line":45,"column":33}}],"line":45},"3":{"loc":{"start":{"line":56,"column":11},"end":{"line":56,"column":63}},"type":"binary-expr","locations":[{"start":{"line":56,"column":11},"end":{"line":56,"column":33}},{"start":{"line":56,"column":37},"end":{"line":56,"column":63}}],"line":56},"4":{"loc":{"start":{"line":59,"column":39},"end":{"line":59,"column":55}},"type":"default-arg","locations":[{"start":{"line":59,"column":51},"end":{"line":59,"column":55}}],"line":59},"5":{"loc":{"start":{"line":62,"column":4},"end":{"line":65,"column":5}},"type":"if","locations":[{"start":{"line":62,"column":4},"end":{"line":65,"column":5}},{"start":{},"end":{}}],"line":62}},"s":{"0":7,"1":7,"2":29,"3":29,"4":5,"5":5,"6":12,"7":12,"8":12,"9":12,"10":15,"11":0,"12":0,"13":0,"14":0,"15":0,"16":0,"17":0,"18":0,"19":0,"20":0,"21":0,"22":0,"23":0,"24":0,"25":0,"26":7},"f":{"0":29,"1":5,"2":12,"3":15,"4":0,"5":0,"6":0,"7":0,"8":0},"b":{"0":[12],"1":[12,8],"2":[0,0],"3":[0,0],"4":[0],"5":[0,0]},"_coverageSchema":"1a1c01bbd47fc00a2c39e90264f33305004495a9","hash":"62fcbd09e6b6eb0737a534eac51758f068a16c02"}
,"/Users/erdosizsombor/Documents/GitHub/Vizsgaremek/Betonlogisztika/backend/routes/adminRoutes.js": {"path":"/Users/erdosizsombor/Documents/GitHub/Vizsgaremek/Betonlogisztika/backend/routes/adminRoutes.js","statementMap":{"0":{"start":{"line":1,"column":16},"end":{"line":1,"column":34}},"1":{"start":{"line":2,"column":26},"end":{"line":2,"column":55}},"2":{"start":{"line":18,"column":4},"end":{"line":18,"column":45}},"3":{"start":{"line":19,"column":15},"end":{"line":19,"column":31}},"4":{"start":{"line":22,"column":0},"end":{"line":22,"column":70}},"5":{"start":{"line":23,"column":0},"end":{"line":23,"column":76}},"6":{"start":{"line":24,"column":0},"end":{"line":24,"column":79}},"7":{"start":{"line":25,"column":0},"end":{"line":25,"column":73}},"8":{"start":{"line":28,"column":0},"end":{"line":28,"column":69}},"9":{"start":{"line":29,"column":0},"end":{"line":29,"column":82}},"10":{"start":{"line":30,"column":0},"end":{"line":30,"column":77}},"11":{"start":{"line":33,"column":0},"end":{"line":33,"column":77}},"12":{"start":{"line":34,"column":0},"end":{"line":34,"column":90}},"13":{"start":{"line":35,"column":0},"end":{"line":35,"column":85}},"14":{"start":{"line":38,"column":0},"end":{"line":38,"column":64}},"15":{"start":{"line":39,"column":0},"end":{"line":39,"column":66}},"16":{"start":{"line":40,"column":0},"end":{"line":40,"column":69}},"17":{"start":{"line":41,"column":0},"end":{"line":41,"column":72}},"18":{"start":{"line":43,"column":0},"end":{"line":43,"column":24}}},"fnMap":{},"branchMap":{},"s":{"0":7,"1":7,"2":7,"3":7,"4":7,"5":7,"6":7,"7":7,"8":7,"9":7,"10":7,"11":7,"12":7,"13":7,"14":7,"15":7,"16":7,"17":7,"18":7},"f":{},"b":{},"_coverageSchema":"1a1c01bbd47fc00a2c39e90264f33305004495a9","hash":"91d287849137f96c95d0d498a9441e43d989baa9"}
,"/Users/erdosizsombor/Documents/GitHub/Vizsgaremek/Betonlogisztika/backend/routes/ajanlatRoutes.js": {"path":"/Users/erdosizsombor/Documents/GitHub/Vizsgaremek/Betonlogisztika/backend/routes/ajanlatRoutes.js","statementMap":{"0":{"start":{"line":1,"column":16},"end":{"line":1,"column":34}},"1":{"start":{"line":2,"column":56},"end":{"line":2,"column":99}},"2":{"start":{"line":3,"column":26},"end":{"line":3,"column":55}},"3":{"start":{"line":4,"column":15},"end":{"line":4,"column":31}},"4":{"start":{"line":6,"column":0},"end":{"line":6,"column":60}},"5":{"start":{"line":7,"column":0},"end":{"line":7,"column":60}},"6":{"start":{"line":8,"column":0},"end":{"line":8,"column":66}},"7":{"start":{"line":10,"column":0},"end":{"line":10,"column":24}}},"fnMap":{},"branchMap":{},"s":{"0":7,"1":7,"2":7,"3":7,"4":7,"5":7,"6":7,"7":7},"f":{},"b":{},"_coverageSchema":"1a1c01bbd47fc00a2c39e90264f33305004495a9","hash":"58bd817e9f0a85e41477031a01c1f2568684672e"}
,"/Users/erdosizsombor/Documents/GitHub/Vizsgaremek/Betonlogisztika/backend/routes/authRoutes.js": {"path":"/Users/erdosizsombor/Documents/GitHub/Vizsgaremek/Betonlogisztika/backend/routes/authRoutes.js","statementMap":{"0":{"start":{"line":1,"column":16},"end":{"line":1,"column":34}},"1":{"start":{"line":2,"column":28},"end":{"line":2,"column":68}},"2":{"start":{"line":3,"column":15},"end":{"line":3,"column":31}},"3":{"start":{"line":5,"column":0},"end":{"line":5,"column":35}},"4":{"start":{"line":6,"column":0},"end":{"line":6,"column":29}},"5":{"start":{"line":8,"column":0},"end":{"line":8,"column":24}}},"fnMap":{},"branchMap":{},"s":{"0":7,"1":7,"2":7,"3":7,"4":7,"5":7},"f":{},"b":{},"_coverageSchema":"1a1c01bbd47fc00a2c39e90264f33305004495a9","hash":"e6e503b4f58e499260e4ce0111258aac8e1c7205"}
,"/Users/erdosizsombor/Documents/GitHub/Vizsgaremek/Betonlogisztika/backend/routes/megrendelesRoutes.js": {"path":"/Users/erdosizsombor/Documents/GitHub/Vizsgaremek/Betonlogisztika/backend/routes/megrendelesRoutes.js","statementMap":{"0":{"start":{"line":1,"column":16},"end":{"line":1,"column":34}},"1":{"start":{"line":2,"column":66},"end":{"line":2,"column":113}},"2":{"start":{"line":3,"column":26},"end":{"line":3,"column":55}},"3":{"start":{"line":4,"column":15},"end":{"line":4,"column":31}},"4":{"start":{"line":6,"column":0},"end":{"line":6,"column":68}},"5":{"start":{"line":7,"column":0},"end":{"line":7,"column":64}},"6":{"start":{"line":8,"column":0},"end":{"line":8,"column":74}},"7":{"start":{"line":10,"column":0},"end":{"line":10,"column":24}}},"fnMap":{},"branchMap":{},"s":{"0":7,"1":7,"2":7,"3":7,"4":7,"5":7,"6":7,"7":7},"f":{},"b":{},"_coverageSchema":"1a1c01bbd47fc00a2c39e90264f33305004495a9","hash":"e854bb54366fe8164f0717b3b3ec2198293d0fea"}
,"/Users/erdosizsombor/Documents/GitHub/Vizsgaremek/Betonlogisztika/backend/routes/partnerRoutes.js": {"path":"/Users/erdosizsombor/Documents/GitHub/Vizsgaremek/Betonlogisztika/backend/routes/partnerRoutes.js","statementMap":{"0":{"start":{"line":1,"column":16},"end":{"line":1,"column":34}},"1":{"start":{"line":2,"column":25},"end":{"line":2,"column":68}},"2":{"start":{"line":3,"column":26},"end":{"line":3,"column":55}},"3":{"start":{"line":4,"column":15},"end":{"line":4,"column":31}},"4":{"start":{"line":6,"column":0},"end":{"line":6,"column":58}},"5":{"start":{"line":8,"column":0},"end":{"line":8,"column":24}}},"fnMap":{},"branchMap":{},"s":{"0":7,"1":7,"2":7,"3":7,"4":7,"5":7},"f":{},"b":{},"_coverageSchema":"1a1c01bbd47fc00a2c39e90264f33305004495a9","hash":"33638dc8b8baa41582bc2d9aca25ac7ab6cc33dc"}
,"/Users/erdosizsombor/Documents/GitHub/Vizsgaremek/Betonlogisztika/backend/utils/helpers.js": {"path":"/Users/erdosizsombor/Documents/GitHub/Vizsgaremek/Betonlogisztika/backend/utils/helpers.js","statementMap":{"0":{"start":{"line":1,"column":34},"end":{"line":10,"column":1}},"1":{"start":{"line":2,"column":2},"end":{"line":2,"column":40}},"2":{"start":{"line":2,"column":31},"end":{"line":2,"column":40}},"3":{"start":{"line":3,"column":2},"end":{"line":9,"column":3}},"4":{"start":{"line":4,"column":4},"end":{"line":4,"column":28}},"5":{"start":{"line":6,"column":26},"end":{"line":6,"column":39}},"6":{"start":{"line":7,"column":24},"end":{"line":7,"column":52}},"7":{"start":{"line":8,"column":4},"end":{"line":8,"column":64}},"8":{"start":{"line":12,"column":22},"end":{"line":15,"column":1}},"9":{"start":{"line":13,"column":21},"end":{"line":13,"column":49}},"10":{"start":{"line":14,"column":2},"end":{"line":14,"column":32}},"11":{"start":{"line":17,"column":25},"end":{"line":19,"column":1}},"12":{"start":{"line":18,"column":2},"end":{"line":18,"column":38}},"13":{"start":{"line":21,"column":20},"end":{"line":40,"column":1}},"14":{"start":{"line":22,"column":19},"end":{"line":22,"column":45}},"15":{"start":{"line":23,"column":23},"end":{"line":23,"column":60}},"16":{"start":{"line":24,"column":23},"end":{"line":24,"column":49}},"17":{"start":{"line":25,"column":27},"end":{"line":25,"column":55}},"18":{"start":{"line":26,"column":27},"end":{"line":26,"column":77}},"19":{"start":{"line":27,"column":22},"end":{"line":27,"column":87}},"20":{"start":{"line":28,"column":20},"end":{"line":28,"column":50}},"21":{"start":{"line":29,"column":23},"end":{"line":29,"column":46}},"22":{"start":{"line":31,"column":2},"end":{"line":39,"column":4}},"23":{"start":{"line":42,"column":0},"end":{"line":47,"column":2}}},"fnMap":{"0":{"name":"(anonymous_0)","decl":{"start":{"line":1,"column":34},"end":{"line":1,"column":35}},"loc":{"start":{"line":1,"column":59},"end":{"line":10,"column":1}},"line":1},"1":{"name":"(anonymous_1)","decl":{"start":{"line":12,"column":22},"end":{"line":12,"column":23}},"loc":{"start":{"line":12,"column":33},"end":{"line":15,"column":1}},"line":12},"2":{"name":"(anonymous_2)","decl":{"start":{"line":17,"column":25},"end":{"line":17,"column":26}},"loc":{"start":{"line":17,"column":37},"end":{"line":19,"column":1}},"line":17},"3":{"name":"(anonymous_3)","decl":{"start":{"line":21,"column":20},"end":{"line":21,"column":21}},"loc":{"start":{"line":21,"column":83},"end":{"line":40,"column":1}},"line":21}},"branchMap":{"0":{"loc":{"start":{"line":2,"column":2},"end":{"line":2,"column":40}},"type":"if","locations":[{"start":{"line":2,"column":2},"end":{"line":2,"column":40}},{"start":{},"end":{}}],"line":2},"1":{"loc":{"start":{"line":2,"column":6},"end":{"line":2,"column":29}},"type":"binary-expr","locations":[{"start":{"line":2,"column":6},"end":{"line":2,"column":15}},{"start":{"line":2,"column":19},"end":{"line":2,"column":29}}],"line":2},"2":{"loc":{"start":{"line":3,"column":2},"end":{"line":9,"column":3}},"type":"if","locations":[{"start":{"line":3,"column":2},"end":{"line":9,"column":3}},{"start":{"line":5,"column":9},"end":{"line":9,"column":3}}],"line":3},"3":{"loc":{"start":{"line":18,"column":9},"end":{"line":18,"column":37}},"type":"binary-expr","locations":[{"start":{"line":18,"column":9},"end":{"line":18,"column":15}},{"start":{"line":18,"column":19},"end":{"line":18,"column":37}}],"line":18},"4":{"loc":{"start":{"line":22,"column":19},"end":{"line":22,"column":45}},"type":"binary-expr","locations":[{"start":{"line":22,"column":19},"end":{"line":22,"column":40}},{"start":{"line":22,"column":44},"end":{"line":22,"column":45}}],"line":22},"5":{"loc":{"start":{"line":23,"column":24},"end":{"line":23,"column":48}},"type":"binary-expr","locations":[{"start":{"line":23,"column":24},"end":{"line":23,"column":43}},{"start":{"line":23,"column":47},"end":{"line":23,"column":48}}],"line":23},"6":{"loc":{"start":{"line":24,"column":23},"end":{"line":24,"column":49}},"type":"cond-expr","locations":[{"start":{"line":24,"column":40},"end":{"line":24,"column":45}},{"start":{"line":24,"column":48},"end":{"line":24,"column":49}}],"line":24},"7":{"loc":{"start":{"line":25,"column":27},"end":{"line":25,"column":55}},"type":"binary-expr","locations":[{"start":{"line":25,"column":27},"end":{"line":25,"column":50}},{"start":{"line":25,"column":54},"end":{"line":25,"column":55}}],"line":25},"8":{"loc":{"start":{"line":26,"column":53},"end":{"line":26,"column":66}},"type":"binary-expr","locations":[{"start":{"line":26,"column":53},"end":{"line":26,"column":61}},{"start":{"line":26,"column":65},"end":{"line":26,"column":66}}],"line":26}},"s":{"0":7,"1":7,"2":7,"3":0,"4":0,"5":0,"6":0,"7":0,"8":7,"9":13,"10":13,"11":7,"12":13,"13":7,"14":7,"15":7,"16":7,"17":7,"18":7,"19":7,"20":7,"21":7,"22":7,"23":7},"f":{"0":7,"1":13,"2":13,"3":7},"b":{"0":[7,0],"1":[7,0],"2":[0,0],"3":[13,13],"4":[7,0],"5":[7,0],"6":[1,6],"7":[7,7],"8":[7,7]},"_coverageSchema":"1a1c01bbd47fc00a2c39e90264f33305004495a9","hash":"67cc502843cde53df97b8e5c761109c50a9f031a"}
}
