{"/Users/erdosizsombor/Library/Mobile Documents/com~apple~CloudDocs/Betonlogisztika/backend/server.js": {"path":"/Users/erdosizsombor/Library/Mobile Documents/com~apple~CloudDocs/Betonlogisztika/backend/server.js","statementMap":{"0":{"start":{"line":1,"column":16},"end":{"line":1,"column":34}},"1":{"start":{"line":2,"column":14},"end":{"line":2,"column":31}},"2":{"start":{"line":3,"column":13},"end":{"line":3,"column":28}},"3":{"start":{"line":4,"column":15},"end":{"line":4,"column":34}},"4":{"start":{"line":5,"column":12},"end":{"line":5,"column":35}},"5":{"start":{"line":6,"column":0},"end":{"line":6,"column":27}},"6":{"start":{"line":8,"column":12},"end":{"line":8,"column":21}},"7":{"start":{"line":9,"column":13},"end":{"line":9,"column":37}},"8":{"start":{"line":11,"column":0},"end":{"line":11,"column":16}},"9":{"start":{"line":12,"column":0},"end":{"line":12,"column":24}},"10":{"start":{"line":14,"column":26},"end":{"line":29,"column":1}},"11":{"start":{"line":15,"column":21},"end":{"line":15,"column":49}},"12":{"start":{"line":16,"column":16},"end":{"line":16,"column":54}},"13":{"start":{"line":18,"column":2},"end":{"line":20,"column":3}},"14":{"start":{"line":19,"column":4},"end":{"line":19,"column":85}},"15":{"start":{"line":22,"column":2},"end":{"line":28,"column":5}},"16":{"start":{"line":23,"column":4},"end":{"line":25,"column":5}},"17":{"start":{"line":24,"column":6},"end":{"line":24,"column":97}},"18":{"start":{"line":26,"column":4},"end":{"line":26,"column":20}},"19":{"start":{"line":27,"column":4},"end":{"line":27,"column":11}},"20":{"start":{"line":31,"column":11},"end":{"line":39,"column":12}},"21":{"start":{"line":41,"column":0},"end":{"line":53,"column":5}},"22":{"start":{"line":42,"column":2},"end":{"line":52,"column":3}},"23":{"start":{"line":43,"column":23},"end":{"line":43,"column":47}},"24":{"start":{"line":44,"column":4},"end":{"line":44,"column":64}},"25":{"start":{"line":46,"column":21},"end":{"line":46,"column":50}},"26":{"start":{"line":47,"column":4},"end":{"line":47,"column":77}},"27":{"start":{"line":47,"column":55},"end":{"line":47,"column":74}},"28":{"start":{"line":49,"column":4},"end":{"line":49,"column":25}},"29":{"start":{"line":51,"column":4},"end":{"line":51,"column":57}},"30":{"start":{"line":55,"column":0},"end":{"line":57,"column":3}},"31":{"start":{"line":56,"column":2},"end":{"line":56,"column":42}},"32":{"start":{"line":59,"column":0},"end":{"line":129,"column":3}},"33":{"start":{"line":60,"column":2},"end":{"line":128,"column":3}},"34":{"start":{"line":61,"column":52},"end":{"line":61,"column":60}},"35":{"start":{"line":63,"column":4},"end":{"line":68,"column":5}},"36":{"start":{"line":64,"column":6},"end":{"line":67,"column":9}},"37":{"start":{"line":70,"column":23},"end":{"line":70,"column":51}},"38":{"start":{"line":71,"column":4},"end":{"line":76,"column":5}},"39":{"start":{"line":72,"column":6},"end":{"line":75,"column":9}},"40":{"start":{"line":78,"column":4},"end":{"line":83,"column":5}},"41":{"start":{"line":79,"column":6},"end":{"line":82,"column":9}},"42":{"start":{"line":85,"column":28},"end":{"line":88,"column":5}},"43":{"start":{"line":90,"column":4},"end":{"line":95,"column":5}},"44":{"start":{"line":91,"column":6},"end":{"line":94,"column":9}},"45":{"start":{"line":97,"column":27},"end":{"line":97,"column":56}},"46":{"start":{"line":99,"column":21},"end":{"line":103,"column":5}},"47":{"start":{"line":105,"column":18},"end":{"line":109,"column":5}},"48":{"start":{"line":111,"column":4},"end":{"line":123,"column":7}},"49":{"start":{"line":126,"column":4},"end":{"line":126,"column":50}},"50":{"start":{"line":127,"column":4},"end":{"line":127,"column":70}},"51":{"start":{"line":131,"column":0},"end":{"line":156,"column":3}},"52":{"start":{"line":132,"column":2},"end":{"line":155,"column":3}},"53":{"start":{"line":133,"column":19},"end":{"line":133,"column":101}},"54":{"start":{"line":134,"column":4},"end":{"line":136,"column":5}},"55":{"start":{"line":135,"column":6},"end":{"line":135,"column":87}},"56":{"start":{"line":138,"column":27},"end":{"line":149,"column":6}},"57":{"start":{"line":151,"column":4},"end":{"line":151,"column":46}},"58":{"start":{"line":153,"column":4},"end":{"line":153,"column":55}},"59":{"start":{"line":154,"column":4},"end":{"line":154,"column":70}},"60":{"start":{"line":158,"column":0},"end":{"line":194,"column":3}},"61":{"start":{"line":159,"column":2},"end":{"line":193,"column":3}},"62":{"start":{"line":160,"column":19},"end":{"line":160,"column":29}},"63":{"start":{"line":161,"column":57},"end":{"line":161,"column":65}},"64":{"start":{"line":162,"column":19},"end":{"line":162,"column":101}},"65":{"start":{"line":163,"column":4},"end":{"line":165,"column":5}},"66":{"start":{"line":164,"column":6},"end":{"line":164,"column":87}},"67":{"start":{"line":167,"column":27},"end":{"line":167,"column":91}},"68":{"start":{"line":168,"column":4},"end":{"line":170,"column":5}},"69":{"start":{"line":169,"column":6},"end":{"line":169,"column":93}},"70":{"start":{"line":172,"column":4},"end":{"line":180,"column":5}},"71":{"start":{"line":173,"column":27},"end":{"line":176,"column":7}},"72":{"start":{"line":177,"column":6},"end":{"line":179,"column":7}},"73":{"start":{"line":178,"column":8},"end":{"line":178,"column":97}},"74":{"start":{"line":182,"column":4},"end":{"line":187,"column":6}},"75":{"start":{"line":189,"column":4},"end":{"line":189,"column":74}},"76":{"start":{"line":191,"column":4},"end":{"line":191,"column":59}},"77":{"start":{"line":192,"column":4},"end":{"line":192,"column":70}},"78":{"start":{"line":196,"column":0},"end":{"line":226,"column":3}},"79":{"start":{"line":197,"column":2},"end":{"line":225,"column":3}},"80":{"start":{"line":198,"column":19},"end":{"line":198,"column":29}},"81":{"start":{"line":200,"column":19},"end":{"line":200,"column":101}},"82":{"start":{"line":201,"column":4},"end":{"line":203,"column":5}},"83":{"start":{"line":202,"column":6},"end":{"line":202,"column":87}},"84":{"start":{"line":205,"column":4},"end":{"line":207,"column":5}},"85":{"start":{"line":206,"column":6},"end":{"line":206,"column":94}},"86":{"start":{"line":209,"column":24},"end":{"line":209,"column":112}},"87":{"start":{"line":210,"column":28},"end":{"line":210,"column":120}},"88":{"start":{"line":212,"column":4},"end":{"line":217,"column":5}},"89":{"start":{"line":213,"column":6},"end":{"line":216,"column":9}},"90":{"start":{"line":219,"column":4},"end":{"line":219,"column":66}},"91":{"start":{"line":221,"column":4},"end":{"line":221,"column":75}},"92":{"start":{"line":223,"column":4},"end":{"line":223,"column":56}},"93":{"start":{"line":224,"column":4},"end":{"line":224,"column":70}},"94":{"start":{"line":228,"column":0},"end":{"line":278,"column":3}},"95":{"start":{"line":229,"column":2},"end":{"line":277,"column":3}},"96":{"start":{"line":230,"column":65},"end":{"line":230,"column":73}},"97":{"start":{"line":231,"column":19},"end":{"line":231,"column":101}},"98":{"start":{"line":232,"column":4},"end":{"line":234,"column":5}},"99":{"start":{"line":233,"column":6},"end":{"line":233,"column":87}},"100":{"start":{"line":236,"column":4},"end":{"line":238,"column":5}},"101":{"start":{"line":237,"column":6},"end":{"line":237,"column":105}},"102":{"start":{"line":240,"column":23},"end":{"line":240,"column":51}},"103":{"start":{"line":241,"column":4},"end":{"line":243,"column":5}},"104":{"start":{"line":242,"column":6},"end":{"line":242,"column":94}},"105":{"start":{"line":245,"column":4},"end":{"line":247,"column":5}},"106":{"start":{"line":246,"column":6},"end":{"line":246,"column":121}},"107":{"start":{"line":249,"column":28},"end":{"line":249,"column":98}},"108":{"start":{"line":250,"column":4},"end":{"line":252,"column":5}},"109":{"start":{"line":251,"column":6},"end":{"line":251,"column":104}},"110":{"start":{"line":254,"column":27},"end":{"line":254,"column":56}},"111":{"start":{"line":256,"column":21},"end":{"line":260,"column":5}},"112":{"start":{"line":262,"column":4},"end":{"line":273,"column":7}},"113":{"start":{"line":275,"column":4},"end":{"line":275,"column":60}},"114":{"start":{"line":276,"column":4},"end":{"line":276,"column":70}},"115":{"start":{"line":280,"column":0},"end":{"line":337,"column":3}},"116":{"start":{"line":281,"column":2},"end":{"line":336,"column":3}},"117":{"start":{"line":282,"column":30},"end":{"line":282,"column":38}},"118":{"start":{"line":284,"column":4},"end":{"line":289,"column":5}},"119":{"start":{"line":285,"column":6},"end":{"line":288,"column":9}},"120":{"start":{"line":291,"column":20},"end":{"line":294,"column":5}},"121":{"start":{"line":296,"column":4},"end":{"line":301,"column":5}},"122":{"start":{"line":297,"column":6},"end":{"line":300,"column":9}},"123":{"start":{"line":303,"column":17},"end":{"line":303,"column":25}},"124":{"start":{"line":304,"column":26},"end":{"line":304,"column":67}},"125":{"start":{"line":306,"column":4},"end":{"line":311,"column":5}},"126":{"start":{"line":307,"column":6},"end":{"line":310,"column":9}},"127":{"start":{"line":313,"column":18},"end":{"line":317,"column":5}},"128":{"start":{"line":319,"column":4},"end":{"line":331,"column":7}},"129":{"start":{"line":334,"column":4},"end":{"line":334,"column":51}},"130":{"start":{"line":335,"column":4},"end":{"line":335,"column":70}},"131":{"start":{"line":339,"column":0},"end":{"line":488,"column":3}},"132":{"start":{"line":340,"column":2},"end":{"line":487,"column":3}},"133":{"start":{"line":341,"column":4},"end":{"line":341,"column":52}},"134":{"start":{"line":342,"column":4},"end":{"line":342,"column":74}},"135":{"start":{"line":358,"column":8},"end":{"line":358,"column":16}},"136":{"start":{"line":360,"column":19},"end":{"line":360,"column":30}},"137":{"start":{"line":362,"column":18},"end":{"line":365,"column":5}},"138":{"start":{"line":367,"column":4},"end":{"line":369,"column":5}},"139":{"start":{"line":368,"column":6},"end":{"line":368,"column":85}},"140":{"start":{"line":371,"column":23},"end":{"line":374,"column":5}},"141":{"start":{"line":376,"column":22},"end":{"line":376,"column":45}},"142":{"start":{"line":377,"column":26},"end":{"line":377,"column":47}},"143":{"start":{"line":378,"column":28},"end":{"line":378,"column":53}},"144":{"start":{"line":380,"column":4},"end":{"line":385,"column":5}},"145":{"start":{"line":381,"column":6},"end":{"line":384,"column":9}},"146":{"start":{"line":387,"column":19},"end":{"line":390,"column":5}},"147":{"start":{"line":392,"column":4},"end":{"line":394,"column":5}},"148":{"start":{"line":393,"column":6},"end":{"line":393,"column":99}},"149":{"start":{"line":396,"column":20},"end":{"line":396,"column":36}},"150":{"start":{"line":398,"column":27},"end":{"line":398,"column":28}},"151":{"start":{"line":399,"column":4},"end":{"line":407,"column":5}},"152":{"start":{"line":400,"column":23},"end":{"line":403,"column":7}},"153":{"start":{"line":404,"column":6},"end":{"line":406,"column":7}},"154":{"start":{"line":405,"column":8},"end":{"line":405,"column":46}},"155":{"start":{"line":409,"column":21},"end":{"line":409,"column":42}},"156":{"start":{"line":410,"column":25},"end":{"line":410,"column":43}},"157":{"start":{"line":411,"column":25},"end":{"line":411,"column":52}},"158":{"start":{"line":413,"column":27},"end":{"line":413,"column":28}},"159":{"start":{"line":414,"column":4},"end":{"line":420,"column":5}},"160":{"start":{"line":415,"column":6},"end":{"line":415,"column":41}},"161":{"start":{"line":417,"column":28},"end":{"line":417,"column":54}},"162":{"start":{"line":418,"column":26},"end":{"line":418,"column":54}},"163":{"start":{"line":419,"column":6},"end":{"line":419,"column":76}},"164":{"start":{"line":422,"column":24},"end":{"line":422,"column":89}},"165":{"start":{"line":423,"column":22},"end":{"line":423,"column":52}},"166":{"start":{"line":424,"column":25},"end":{"line":424,"column":48}},"167":{"start":{"line":425,"column":17},"end":{"line":425,"column":41}},"168":{"start":{"line":426,"column":19},"end":{"line":432,"column":5}},"169":{"start":{"line":434,"column":18},"end":{"line":434,"column":19}},"170":{"start":{"line":435,"column":4},"end":{"line":438,"column":5}},"171":{"start":{"line":436,"column":22},"end":{"line":436,"column":65}},"172":{"start":{"line":437,"column":6},"end":{"line":437,"column":28}},"173":{"start":{"line":440,"column":24},"end":{"line":440,"column":75}},"174":{"start":{"line":441,"column":4},"end":{"line":441,"column":56}},"175":{"start":{"line":443,"column":24},"end":{"line":443,"column":34}},"176":{"start":{"line":444,"column":4},"end":{"line":444,"column":52}},"177":{"start":{"line":445,"column":28},"end":{"line":445,"column":67}},"178":{"start":{"line":447,"column":24},"end":{"line":456,"column":5}},"179":{"start":{"line":458,"column":19},"end":{"line":465,"column":5}},"180":{"start":{"line":467,"column":21},"end":{"line":467,"column":56}},"181":{"start":{"line":469,"column":4},"end":{"line":479,"column":7}},"182":{"start":{"line":482,"column":4},"end":{"line":482,"column":48}},"183":{"start":{"line":483,"column":4},"end":{"line":486,"column":7}},"184":{"start":{"line":490,"column":0},"end":{"line":516,"column":3}},"185":{"start":{"line":491,"column":2},"end":{"line":515,"column":3}},"186":{"start":{"line":492,"column":19},"end":{"line":492,"column":30}},"187":{"start":{"line":494,"column":24},"end":{"line":508,"column":5}},"188":{"start":{"line":510,"column":4},"end":{"line":510,"column":43}},"189":{"start":{"line":513,"column":4},"end":{"line":513,"column":55}},"190":{"start":{"line":514,"column":4},"end":{"line":514,"column":70}},"191":{"start":{"line":518,"column":0},"end":{"line":664,"column":3}},"192":{"start":{"line":519,"column":2},"end":{"line":663,"column":3}},"193":{"start":{"line":520,"column":4},"end":{"line":520,"column":51}},"194":{"start":{"line":521,"column":4},"end":{"line":521,"column":74}},"195":{"start":{"line":535,"column":8},"end":{"line":535,"column":16}},"196":{"start":{"line":537,"column":19},"end":{"line":537,"column":30}},"197":{"start":{"line":538,"column":22},"end":{"line":544,"column":5}},"198":{"start":{"line":546,"column":4},"end":{"line":548,"column":5}},"199":{"start":{"line":547,"column":6},"end":{"line":547,"column":89}},"200":{"start":{"line":550,"column":24},"end":{"line":550,"column":34}},"201":{"start":{"line":552,"column":15},"end":{"line":552,"column":25}},"202":{"start":{"line":553,"column":23},"end":{"line":553,"column":56}},"203":{"start":{"line":555,"column":4},"end":{"line":557,"column":5}},"204":{"start":{"line":556,"column":6},"end":{"line":556,"column":89}},"205":{"start":{"line":559,"column":4},"end":{"line":561,"column":5}},"206":{"start":{"line":560,"column":6},"end":{"line":560,"column":106}},"207":{"start":{"line":563,"column":23},"end":{"line":566,"column":5}},"208":{"start":{"line":568,"column":22},"end":{"line":568,"column":45}},"209":{"start":{"line":569,"column":26},"end":{"line":569,"column":52}},"210":{"start":{"line":570,"column":28},"end":{"line":570,"column":53}},"211":{"start":{"line":571,"column":22},"end":{"line":571,"column":55}},"212":{"start":{"line":573,"column":4},"end":{"line":578,"column":5}},"213":{"start":{"line":574,"column":6},"end":{"line":577,"column":9}},"214":{"start":{"line":580,"column":4},"end":{"line":585,"column":6}},"215":{"start":{"line":587,"column":17},"end":{"line":587,"column":41}},"216":{"start":{"line":589,"column":19},"end":{"line":595,"column":5}},"217":{"start":{"line":597,"column":18},"end":{"line":597,"column":19}},"218":{"start":{"line":598,"column":4},"end":{"line":601,"column":5}},"219":{"start":{"line":599,"column":22},"end":{"line":599,"column":70}},"220":{"start":{"line":600,"column":6},"end":{"line":600,"column":28}},"221":{"start":{"line":603,"column":28},"end":{"line":603,"column":80}},"222":{"start":{"line":604,"column":4},"end":{"line":604,"column":64}},"223":{"start":{"line":606,"column":21},"end":{"line":643,"column":5}},"224":{"start":{"line":645,"column":4},"end":{"line":648,"column":6}},"225":{"start":{"line":650,"column":4},"end":{"line":658,"column":7}},"226":{"start":{"line":661,"column":4},"end":{"line":661,"column":48}},"227":{"start":{"line":662,"column":4},"end":{"line":662,"column":88}},"228":{"start":{"line":666,"column":0},"end":{"line":710,"column":3}},"229":{"start":{"line":667,"column":2},"end":{"line":709,"column":3}},"230":{"start":{"line":668,"column":19},"end":{"line":668,"column":29}},"231":{"start":{"line":669,"column":19},"end":{"line":669,"column":30}},"232":{"start":{"line":671,"column":4},"end":{"line":671,"column":88}},"233":{"start":{"line":673,"column":26},"end":{"line":676,"column":5}},"234":{"start":{"line":678,"column":4},"end":{"line":683,"column":5}},"235":{"start":{"line":679,"column":6},"end":{"line":682,"column":9}},"236":{"start":{"line":685,"column":18},"end":{"line":685,"column":32}},"237":{"start":{"line":687,"column":4},"end":{"line":692,"column":5}},"238":{"start":{"line":688,"column":6},"end":{"line":691,"column":9}},"239":{"start":{"line":694,"column":4},"end":{"line":694,"column":67}},"240":{"start":{"line":696,"column":4},"end":{"line":696,"column":48}},"241":{"start":{"line":698,"column":4},"end":{"line":701,"column":7}},"242":{"start":{"line":704,"column":4},"end":{"line":704,"column":44}},"243":{"start":{"line":705,"column":4},"end":{"line":708,"column":7}},"244":{"start":{"line":712,"column":0},"end":{"line":756,"column":3}},"245":{"start":{"line":713,"column":2},"end":{"line":755,"column":3}},"246":{"start":{"line":714,"column":19},"end":{"line":714,"column":29}},"247":{"start":{"line":715,"column":19},"end":{"line":715,"column":30}},"248":{"start":{"line":717,"column":4},"end":{"line":717,"column":84}},"249":{"start":{"line":719,"column":22},"end":{"line":722,"column":5}},"250":{"start":{"line":724,"column":4},"end":{"line":729,"column":5}},"251":{"start":{"line":725,"column":6},"end":{"line":728,"column":9}},"252":{"start":{"line":731,"column":18},"end":{"line":731,"column":28}},"253":{"start":{"line":733,"column":4},"end":{"line":738,"column":5}},"254":{"start":{"line":734,"column":6},"end":{"line":737,"column":9}},"255":{"start":{"line":740,"column":4},"end":{"line":740,"column":63}},"256":{"start":{"line":742,"column":4},"end":{"line":742,"column":44}},"257":{"start":{"line":744,"column":4},"end":{"line":747,"column":7}},"258":{"start":{"line":750,"column":4},"end":{"line":750,"column":44}},"259":{"start":{"line":751,"column":4},"end":{"line":754,"column":7}},"260":{"start":{"line":758,"column":0},"end":{"line":783,"column":3}},"261":{"start":{"line":759,"column":2},"end":{"line":782,"column":3}},"262":{"start":{"line":760,"column":19},"end":{"line":760,"column":29}},"263":{"start":{"line":762,"column":19},"end":{"line":762,"column":101}},"264":{"start":{"line":763,"column":4},"end":{"line":765,"column":5}},"265":{"start":{"line":764,"column":6},"end":{"line":764,"column":87}},"266":{"start":{"line":767,"column":4},"end":{"line":767,"column":63}},"267":{"start":{"line":769,"column":4},"end":{"line":769,"column":55}},"268":{"start":{"line":771,"column":4},"end":{"line":774,"column":7}},"269":{"start":{"line":777,"column":4},"end":{"line":777,"column":50}},"270":{"start":{"line":778,"column":4},"end":{"line":781,"column":7}},"271":{"start":{"line":785,"column":0},"end":{"line":817,"column":3}},"272":{"start":{"line":786,"column":2},"end":{"line":816,"column":3}},"273":{"start":{"line":787,"column":19},"end":{"line":787,"column":30}},"274":{"start":{"line":789,"column":28},"end":{"line":809,"column":5}},"275":{"start":{"line":811,"column":4},"end":{"line":811,"column":47}},"276":{"start":{"line":814,"column":4},"end":{"line":814,"column":59}},"277":{"start":{"line":815,"column":4},"end":{"line":815,"column":70}},"278":{"start":{"line":819,"column":0},"end":{"line":845,"column":3}},"279":{"start":{"line":820,"column":2},"end":{"line":844,"column":3}},"280":{"start":{"line":821,"column":19},"end":{"line":821,"column":101}},"281":{"start":{"line":822,"column":4},"end":{"line":824,"column":5}},"282":{"start":{"line":823,"column":6},"end":{"line":823,"column":87}},"283":{"start":{"line":826,"column":24},"end":{"line":838,"column":6}},"284":{"start":{"line":840,"column":4},"end":{"line":840,"column":43}},"285":{"start":{"line":842,"column":4},"end":{"line":842,"column":52}},"286":{"start":{"line":843,"column":4},"end":{"line":843,"column":70}},"287":{"start":{"line":847,"column":0},"end":{"line":864,"column":3}},"288":{"start":{"line":848,"column":2},"end":{"line":863,"column":3}},"289":{"start":{"line":849,"column":19},"end":{"line":849,"column":29}},"290":{"start":{"line":850,"column":24},"end":{"line":850,"column":32}},"291":{"start":{"line":852,"column":19},"end":{"line":852,"column":101}},"292":{"start":{"line":853,"column":4},"end":{"line":855,"column":5}},"293":{"start":{"line":854,"column":6},"end":{"line":854,"column":87}},"294":{"start":{"line":857,"column":4},"end":{"line":857,"column":83}},"295":{"start":{"line":858,"column":4},"end":{"line":858,"column":63}},"296":{"start":{"line":861,"column":4},"end":{"line":861,"column":55}},"297":{"start":{"line":862,"column":4},"end":{"line":862,"column":70}},"298":{"start":{"line":866,"column":0},"end":{"line":882,"column":3}},"299":{"start":{"line":867,"column":2},"end":{"line":881,"column":3}},"300":{"start":{"line":868,"column":19},"end":{"line":868,"column":29}},"301":{"start":{"line":870,"column":19},"end":{"line":870,"column":101}},"302":{"start":{"line":871,"column":4},"end":{"line":873,"column":5}},"303":{"start":{"line":872,"column":6},"end":{"line":872,"column":87}},"304":{"start":{"line":875,"column":4},"end":{"line":875,"column":63}},"305":{"start":{"line":876,"column":4},"end":{"line":876,"column":61}},"306":{"start":{"line":879,"column":4},"end":{"line":879,"column":44}},"307":{"start":{"line":880,"column":4},"end":{"line":880,"column":70}},"308":{"start":{"line":884,"column":0},"end":{"line":916,"column":3}},"309":{"start":{"line":885,"column":2},"end":{"line":915,"column":3}},"310":{"start":{"line":886,"column":19},"end":{"line":886,"column":101}},"311":{"start":{"line":887,"column":4},"end":{"line":889,"column":5}},"312":{"start":{"line":888,"column":6},"end":{"line":888,"column":87}},"313":{"start":{"line":891,"column":28},"end":{"line":908,"column":5}},"314":{"start":{"line":910,"column":4},"end":{"line":910,"column":47}},"315":{"start":{"line":913,"column":4},"end":{"line":913,"column":56}},"316":{"start":{"line":914,"column":4},"end":{"line":914,"column":70}},"317":{"start":{"line":918,"column":0},"end":{"line":974,"column":3}},"318":{"start":{"line":919,"column":2},"end":{"line":973,"column":3}},"319":{"start":{"line":920,"column":19},"end":{"line":920,"column":29}},"320":{"start":{"line":921,"column":24},"end":{"line":921,"column":32}},"321":{"start":{"line":923,"column":19},"end":{"line":923,"column":101}},"322":{"start":{"line":924,"column":4},"end":{"line":926,"column":5}},"323":{"start":{"line":925,"column":6},"end":{"line":925,"column":87}},"324":{"start":{"line":928,"column":26},"end":{"line":934,"column":5}},"325":{"start":{"line":936,"column":4},"end":{"line":938,"column":5}},"326":{"start":{"line":937,"column":6},"end":{"line":937,"column":93}},"327":{"start":{"line":940,"column":18},"end":{"line":940,"column":32}},"328":{"start":{"line":941,"column":24},"end":{"line":941,"column":37}},"329":{"start":{"line":943,"column":4},"end":{"line":952,"column":5}},"330":{"start":{"line":944,"column":6},"end":{"line":944,"column":135}},"331":{"start":{"line":946,"column":6},"end":{"line":951,"column":8}},"332":{"start":{"line":954,"column":4},"end":{"line":959,"column":5}},"333":{"start":{"line":955,"column":6},"end":{"line":958,"column":9}},"334":{"start":{"line":961,"column":4},"end":{"line":961,"column":87}},"335":{"start":{"line":963,"column":4},"end":{"line":968,"column":7}},"336":{"start":{"line":971,"column":4},"end":{"line":971,"column":55}},"337":{"start":{"line":972,"column":4},"end":{"line":972,"column":70}},"338":{"start":{"line":976,"column":0},"end":{"line":1014,"column":3}},"339":{"start":{"line":977,"column":2},"end":{"line":1013,"column":3}},"340":{"start":{"line":978,"column":19},"end":{"line":978,"column":29}},"341":{"start":{"line":980,"column":19},"end":{"line":980,"column":101}},"342":{"start":{"line":981,"column":4},"end":{"line":983,"column":5}},"343":{"start":{"line":982,"column":6},"end":{"line":982,"column":87}},"344":{"start":{"line":985,"column":26},"end":{"line":991,"column":5}},"345":{"start":{"line":993,"column":4},"end":{"line":1005,"column":5}},"346":{"start":{"line":994,"column":20},"end":{"line":994,"column":34}},"347":{"start":{"line":996,"column":6},"end":{"line":1004,"column":7}},"348":{"start":{"line":997,"column":8},"end":{"line":1002,"column":10}},"349":{"start":{"line":1003,"column":8},"end":{"line":1003,"column":85}},"350":{"start":{"line":1007,"column":4},"end":{"line":1007,"column":67}},"351":{"start":{"line":1008,"column":4},"end":{"line":1008,"column":65}},"352":{"start":{"line":1011,"column":4},"end":{"line":1011,"column":44}},"353":{"start":{"line":1012,"column":4},"end":{"line":1012,"column":70}},"354":{"start":{"line":1016,"column":0},"end":{"line":1019,"column":3}},"355":{"start":{"line":1017,"column":2},"end":{"line":1017,"column":54}},"356":{"start":{"line":1018,"column":2},"end":{"line":1018,"column":45}},"357":{"start":{"line":1022,"column":0},"end":{"line":1027,"column":1}},"358":{"start":{"line":1023,"column":2},"end":{"line":1026,"column":5}},"359":{"start":{"line":1024,"column":4},"end":{"line":1024,"column":56}},"360":{"start":{"line":1025,"column":4},"end":{"line":1025,"column":47}},"361":{"start":{"line":1032,"column":0},"end":{"line":1058,"column":3}},"362":{"start":{"line":1033,"column":2},"end":{"line":1057,"column":3}},"363":{"start":{"line":1034,"column":19},"end":{"line":1034,"column":101}},"364":{"start":{"line":1035,"column":4},"end":{"line":1037,"column":5}},"365":{"start":{"line":1036,"column":6},"end":{"line":1036,"column":87}},"366":{"start":{"line":1039,"column":24},"end":{"line":1051,"column":6}},"367":{"start":{"line":1053,"column":4},"end":{"line":1053,"column":43}},"368":{"start":{"line":1055,"column":4},"end":{"line":1055,"column":52}},"369":{"start":{"line":1056,"column":4},"end":{"line":1056,"column":70}},"370":{"start":{"line":1061,"column":0},"end":{"line":1099,"column":3}},"371":{"start":{"line":1062,"column":2},"end":{"line":1098,"column":1}},"372":{"start":{"line":1063,"column":70},"end":{"line":1063,"column":78}},"373":{"start":{"line":1065,"column":19},"end":{"line":1065,"column":101}},"374":{"start":{"line":1066,"column":4},"end":{"line":1068,"column":5}},"375":{"start":{"line":1067,"column":6},"end":{"line":1067,"column":87}},"376":{"start":{"line":1070,"column":4},"end":{"line":1072,"column":5}},"377":{"start":{"line":1071,"column":6},"end":{"line":1071,"column":105}},"378":{"start":{"line":1074,"column":21},"end":{"line":1078,"column":5}},"379":{"start":{"line":1080,"column":4},"end":{"line":1091,"column":7}},"380":{"start":{"line":1094,"column":2},"end":{"line":1094,"column":64}},"381":{"start":{"line":1095,"column":2},"end":{"line":1095,"column":49}},"382":{"start":{"line":1096,"column":2},"end":{"line":1096,"column":46}},"383":{"start":{"line":1097,"column":2},"end":{"line":1097,"column":86}},"384":{"start":{"line":1102,"column":0},"end":{"line":1130,"column":3}},"385":{"start":{"line":1103,"column":2},"end":{"line":1129,"column":3}},"386":{"start":{"line":1104,"column":19},"end":{"line":1104,"column":29}},"387":{"start":{"line":1105,"column":70},"end":{"line":1105,"column":78}},"388":{"start":{"line":1107,"column":19},"end":{"line":1107,"column":101}},"389":{"start":{"line":1108,"column":4},"end":{"line":1110,"column":5}},"390":{"start":{"line":1109,"column":6},"end":{"line":1109,"column":87}},"391":{"start":{"line":1112,"column":23},"end":{"line":1112,"column":87}},"392":{"start":{"line":1113,"column":4},"end":{"line":1115,"column":5}},"393":{"start":{"line":1114,"column":6},"end":{"line":1114,"column":89}},"394":{"start":{"line":1117,"column":4},"end":{"line":1122,"column":6}},"395":{"start":{"line":1124,"column":4},"end":{"line":1124,"column":70}},"396":{"start":{"line":1127,"column":4},"end":{"line":1127,"column":55}},"397":{"start":{"line":1128,"column":4},"end":{"line":1128,"column":70}},"398":{"start":{"line":1133,"column":0},"end":{"line":1166,"column":3}},"399":{"start":{"line":1134,"column":2},"end":{"line":1165,"column":3}},"400":{"start":{"line":1135,"column":19},"end":{"line":1135,"column":29}},"401":{"start":{"line":1137,"column":19},"end":{"line":1137,"column":101}},"402":{"start":{"line":1138,"column":4},"end":{"line":1140,"column":5}},"403":{"start":{"line":1139,"column":6},"end":{"line":1139,"column":87}},"404":{"start":{"line":1142,"column":19},"end":{"line":1142,"column":114}},"405":{"start":{"line":1143,"column":4},"end":{"line":1148,"column":5}},"406":{"start":{"line":1144,"column":6},"end":{"line":1147,"column":9}},"407":{"start":{"line":1150,"column":25},"end":{"line":1150,"column":122}},"408":{"start":{"line":1151,"column":4},"end":{"line":1156,"column":5}},"409":{"start":{"line":1152,"column":6},"end":{"line":1155,"column":9}},"410":{"start":{"line":1158,"column":4},"end":{"line":1158,"column":66}},"411":{"start":{"line":1160,"column":4},"end":{"line":1160,"column":71}},"412":{"start":{"line":1163,"column":4},"end":{"line":1163,"column":52}},"413":{"start":{"line":1164,"column":4},"end":{"line":1164,"column":70}},"414":{"start":{"line":1168,"column":0},"end":{"line":1168,"column":21}}},"fnMap":{"0":{"name":"(anonymous_0)","decl":{"start":{"line":14,"column":26},"end":{"line":14,"column":27}},"loc":{"start":{"line":14,"column":46},"end":{"line":29,"column":1}},"line":14},"1":{"name":"(anonymous_1)","decl":{"start":{"line":22,"column":75},"end":{"line":22,"column":76}},"loc":{"start":{"line":22,"column":90},"end":{"line":28,"column":3}},"line":22},"2":{"name":"(anonymous_2)","decl":{"start":{"line":41,"column":1},"end":{"line":41,"column":2}},"loc":{"start":{"line":41,"column":13},"end":{"line":53,"column":1}},"line":41},"3":{"name":"(anonymous_3)","decl":{"start":{"line":47,"column":50},"end":{"line":47,"column":51}},"loc":{"start":{"line":47,"column":55},"end":{"line":47,"column":74}},"line":47},"4":{"name":"(anonymous_4)","decl":{"start":{"line":55,"column":13},"end":{"line":55,"column":14}},"loc":{"start":{"line":55,"column":27},"end":{"line":57,"column":1}},"line":55},"5":{"name":"(anonymous_5)","decl":{"start":{"line":59,"column":26},"end":{"line":59,"column":27}},"loc":{"start":{"line":59,"column":46},"end":{"line":129,"column":1}},"line":59},"6":{"name":"(anonymous_6)","decl":{"start":{"line":131,"column":54},"end":{"line":131,"column":55}},"loc":{"start":{"line":131,"column":74},"end":{"line":156,"column":1}},"line":131},"7":{"name":"(anonymous_7)","decl":{"start":{"line":158,"column":58},"end":{"line":158,"column":59}},"loc":{"start":{"line":158,"column":78},"end":{"line":194,"column":1}},"line":158},"8":{"name":"(anonymous_8)","decl":{"start":{"line":196,"column":61},"end":{"line":196,"column":62}},"loc":{"start":{"line":196,"column":81},"end":{"line":226,"column":1}},"line":196},"9":{"name":"(anonymous_9)","decl":{"start":{"line":228,"column":55},"end":{"line":228,"column":56}},"loc":{"start":{"line":228,"column":75},"end":{"line":278,"column":1}},"line":228},"10":{"name":"(anonymous_10)","decl":{"start":{"line":280,"column":23},"end":{"line":280,"column":24}},"loc":{"start":{"line":280,"column":43},"end":{"line":337,"column":1}},"line":280},"11":{"name":"(anonymous_11)","decl":{"start":{"line":339,"column":46},"end":{"line":339,"column":47}},"loc":{"start":{"line":339,"column":66},"end":{"line":488,"column":1}},"line":339},"12":{"name":"(anonymous_12)","decl":{"start":{"line":490,"column":46},"end":{"line":490,"column":47}},"loc":{"start":{"line":490,"column":66},"end":{"line":516,"column":1}},"line":490},"13":{"name":"(anonymous_13)","decl":{"start":{"line":518,"column":50},"end":{"line":518,"column":51}},"loc":{"start":{"line":518,"column":70},"end":{"line":664,"column":1}},"line":518},"14":{"name":"(anonymous_14)","decl":{"start":{"line":666,"column":56},"end":{"line":666,"column":57}},"loc":{"start":{"line":666,"column":76},"end":{"line":710,"column":1}},"line":666},"15":{"name":"(anonymous_15)","decl":{"start":{"line":712,"column":52},"end":{"line":712,"column":53}},"loc":{"start":{"line":712,"column":72},"end":{"line":756,"column":1}},"line":712},"16":{"name":"(anonymous_16)","decl":{"start":{"line":758,"column":58},"end":{"line":758,"column":59}},"loc":{"start":{"line":758,"column":78},"end":{"line":783,"column":1}},"line":758},"17":{"name":"(anonymous_17)","decl":{"start":{"line":785,"column":48},"end":{"line":785,"column":49}},"loc":{"start":{"line":785,"column":68},"end":{"line":817,"column":1}},"line":785},"18":{"name":"(anonymous_18)","decl":{"start":{"line":819,"column":51},"end":{"line":819,"column":52}},"loc":{"start":{"line":819,"column":71},"end":{"line":845,"column":1}},"line":819},"19":{"name":"(anonymous_19)","decl":{"start":{"line":847,"column":62},"end":{"line":847,"column":63}},"loc":{"start":{"line":847,"column":82},"end":{"line":864,"column":1}},"line":847},"20":{"name":"(anonymous_20)","decl":{"start":{"line":866,"column":58},"end":{"line":866,"column":59}},"loc":{"start":{"line":866,"column":78},"end":{"line":882,"column":1}},"line":866},"21":{"name":"(anonymous_21)","decl":{"start":{"line":884,"column":55},"end":{"line":884,"column":56}},"loc":{"start":{"line":884,"column":75},"end":{"line":916,"column":1}},"line":884},"22":{"name":"(anonymous_22)","decl":{"start":{"line":918,"column":66},"end":{"line":918,"column":67}},"loc":{"start":{"line":918,"column":86},"end":{"line":974,"column":1}},"line":918},"23":{"name":"(anonymous_23)","decl":{"start":{"line":976,"column":62},"end":{"line":976,"column":63}},"loc":{"start":{"line":976,"column":82},"end":{"line":1014,"column":1}},"line":976},"24":{"name":"(anonymous_24)","decl":{"start":{"line":1016,"column":17},"end":{"line":1016,"column":18}},"loc":{"start":{"line":1016,"column":23},"end":{"line":1019,"column":1}},"line":1016},"25":{"name":"(anonymous_25)","decl":{"start":{"line":1023,"column":19},"end":{"line":1023,"column":20}},"loc":{"start":{"line":1023,"column":25},"end":{"line":1026,"column":3}},"line":1023},"26":{"name":"(anonymous_26)","decl":{"start":{"line":1032,"column":51},"end":{"line":1032,"column":52}},"loc":{"start":{"line":1032,"column":71},"end":{"line":1058,"column":1}},"line":1032},"27":{"name":"(anonymous_27)","decl":{"start":{"line":1061,"column":52},"end":{"line":1061,"column":53}},"loc":{"start":{"line":1061,"column":72},"end":{"line":1099,"column":1}},"line":1061},"28":{"name":"(anonymous_28)","decl":{"start":{"line":1102,"column":55},"end":{"line":1102,"column":56}},"loc":{"start":{"line":1102,"column":75},"end":{"line":1130,"column":1}},"line":1102},"29":{"name":"(anonymous_29)","decl":{"start":{"line":1133,"column":58},"end":{"line":1133,"column":59}},"loc":{"start":{"line":1133,"column":78},"end":{"line":1166,"column":1}},"line":1133}},"branchMap":{"0":{"loc":{"start":{"line":9,"column":13},"end":{"line":9,"column":37}},"type":"binary-expr","locations":[{"start":{"line":9,"column":13},"end":{"line":9,"column":29}},{"start":{"line":9,"column":33},"end":{"line":9,"column":37}}],"line":9},"1":{"loc":{"start":{"line":16,"column":16},"end":{"line":16,"column":54}},"type":"binary-expr","locations":[{"start":{"line":16,"column":16},"end":{"line":16,"column":26}},{"start":{"line":16,"column":30},"end":{"line":16,"column":54}}],"line":16},"2":{"loc":{"start":{"line":18,"column":2},"end":{"line":20,"column":3}},"type":"if","locations":[{"start":{"line":18,"column":2},"end":{"line":20,"column":3}},{"start":{},"end":{}}],"line":18},"3":{"loc":{"start":{"line":22,"column":20},"end":{"line":22,"column":73}},"type":"binary-expr","locations":[{"start":{"line":22,"column":20},"end":{"line":22,"column":42}},{"start":{"line":22,"column":46},"end":{"line":22,"column":73}}],"line":22},"4":{"loc":{"start":{"line":23,"column":4},"end":{"line":25,"column":5}},"type":"if","locations":[{"start":{"line":23,"column":4},"end":{"line":25,"column":5}},{"start":{},"end":{}}],"line":23},"5":{"loc":{"start":{"line":32,"column":8},"end":{"line":32,"column":42}},"type":"binary-expr","locations":[{"start":{"line":32,"column":8},"end":{"line":32,"column":27}},{"start":{"line":32,"column":31},"end":{"line":32,"column":42}}],"line":32},"6":{"loc":{"start":{"line":33,"column":8},"end":{"line":33,"column":37}},"type":"binary-expr","locations":[{"start":{"line":33,"column":8},"end":{"line":33,"column":27}},{"start":{"line":33,"column":31},"end":{"line":33,"column":37}}],"line":33},"7":{"loc":{"start":{"line":34,"column":12},"end":{"line":34,"column":41}},"type":"binary-expr","locations":[{"start":{"line":34,"column":12},"end":{"line":34,"column":35}},{"start":{"line":34,"column":39},"end":{"line":34,"column":41}}],"line":34},"8":{"loc":{"start":{"line":35,"column":12},"end":{"line":35,"column":45}},"type":"binary-expr","locations":[{"start":{"line":35,"column":12},"end":{"line":35,"column":31}},{"start":{"line":35,"column":35},"end":{"line":35,"column":45}}],"line":35},"9":{"loc":{"start":{"line":63,"column":4},"end":{"line":68,"column":5}},"type":"if","locations":[{"start":{"line":63,"column":4},"end":{"line":68,"column":5}},{"start":{},"end":{}}],"line":63},"10":{"loc":{"start":{"line":63,"column":8},"end":{"line":63,"column":45}},"type":"binary-expr","locations":[{"start":{"line":63,"column":8},"end":{"line":63,"column":12}},{"start":{"line":63,"column":16},"end":{"line":63,"column":22}},{"start":{"line":63,"column":26},"end":{"line":63,"column":33}},{"start":{"line":63,"column":37},"end":{"line":63,"column":45}}],"line":63},"11":{"loc":{"start":{"line":71,"column":4},"end":{"line":76,"column":5}},"type":"if","locations":[{"start":{"line":71,"column":4},"end":{"line":76,"column":5}},{"start":{},"end":{}}],"line":71},"12":{"loc":{"start":{"line":78,"column":4},"end":{"line":83,"column":5}},"type":"if","locations":[{"start":{"line":78,"column":4},"end":{"line":83,"column":5}},{"start":{},"end":{}}],"line":78},"13":{"loc":{"start":{"line":90,"column":4},"end":{"line":95,"column":5}},"type":"if","locations":[{"start":{"line":90,"column":4},"end":{"line":95,"column":5}},{"start":{},"end":{}}],"line":90},"14":{"loc":{"start":{"line":102,"column":35},"end":{"line":102,"column":49}},"type":"binary-expr","locations":[{"start":{"line":102,"column":35},"end":{"line":102,"column":41}},{"start":{"line":102,"column":45},"end":{"line":102,"column":49}}],"line":102},"15":{"loc":{"start":{"line":107,"column":6},"end":{"line":107,"column":59}},"type":"binary-expr","locations":[{"start":{"line":107,"column":6},"end":{"line":107,"column":28}},{"start":{"line":107,"column":32},"end":{"line":107,"column":59}}],"line":107},"16":{"loc":{"start":{"line":119,"column":16},"end":{"line":119,"column":30}},"type":"binary-expr","locations":[{"start":{"line":119,"column":16},"end":{"line":119,"column":22}},{"start":{"line":119,"column":26},"end":{"line":119,"column":30}}],"line":119},"17":{"loc":{"start":{"line":134,"column":4},"end":{"line":136,"column":5}},"type":"if","locations":[{"start":{"line":134,"column":4},"end":{"line":136,"column":5}},{"start":{},"end":{}}],"line":134},"18":{"loc":{"start":{"line":134,"column":8},"end":{"line":134,"column":55}},"type":"binary-expr","locations":[{"start":{"line":134,"column":8},"end":{"line":134,"column":20}},{"start":{"line":134,"column":24},"end":{"line":134,"column":55}}],"line":134},"19":{"loc":{"start":{"line":163,"column":4},"end":{"line":165,"column":5}},"type":"if","locations":[{"start":{"line":163,"column":4},"end":{"line":165,"column":5}},{"start":{},"end":{}}],"line":163},"20":{"loc":{"start":{"line":163,"column":8},"end":{"line":163,"column":55}},"type":"binary-expr","locations":[{"start":{"line":163,"column":8},"end":{"line":163,"column":20}},{"start":{"line":163,"column":24},"end":{"line":163,"column":55}}],"line":163},"21":{"loc":{"start":{"line":168,"column":4},"end":{"line":170,"column":5}},"type":"if","locations":[{"start":{"line":168,"column":4},"end":{"line":170,"column":5}},{"start":{},"end":{}}],"line":168},"22":{"loc":{"start":{"line":172,"column":4},"end":{"line":180,"column":5}},"type":"if","locations":[{"start":{"line":172,"column":4},"end":{"line":180,"column":5}},{"start":{},"end":{}}],"line":172},"23":{"loc":{"start":{"line":177,"column":6},"end":{"line":179,"column":7}},"type":"if","locations":[{"start":{"line":177,"column":6},"end":{"line":179,"column":7}},{"start":{},"end":{}}],"line":177},"24":{"loc":{"start":{"line":186,"column":19},"end":{"line":186,"column":33}},"type":"binary-expr","locations":[{"start":{"line":186,"column":19},"end":{"line":186,"column":25}},{"start":{"line":186,"column":29},"end":{"line":186,"column":33}}],"line":186},"25":{"loc":{"start":{"line":201,"column":4},"end":{"line":203,"column":5}},"type":"if","locations":[{"start":{"line":201,"column":4},"end":{"line":203,"column":5}},{"start":{},"end":{}}],"line":201},"26":{"loc":{"start":{"line":201,"column":8},"end":{"line":201,"column":55}},"type":"binary-expr","locations":[{"start":{"line":201,"column":8},"end":{"line":201,"column":20}},{"start":{"line":201,"column":24},"end":{"line":201,"column":55}}],"line":201},"27":{"loc":{"start":{"line":205,"column":4},"end":{"line":207,"column":5}},"type":"if","locations":[{"start":{"line":205,"column":4},"end":{"line":207,"column":5}},{"start":{},"end":{}}],"line":205},"28":{"loc":{"start":{"line":212,"column":4},"end":{"line":217,"column":5}},"type":"if","locations":[{"start":{"line":212,"column":4},"end":{"line":217,"column":5}},{"start":{},"end":{}}],"line":212},"29":{"loc":{"start":{"line":212,"column":8},"end":{"line":212,"column":60}},"type":"binary-expr","locations":[{"start":{"line":212,"column":8},"end":{"line":212,"column":30}},{"start":{"line":212,"column":34},"end":{"line":212,"column":60}}],"line":212},"30":{"loc":{"start":{"line":232,"column":4},"end":{"line":234,"column":5}},"type":"if","locations":[{"start":{"line":232,"column":4},"end":{"line":234,"column":5}},{"start":{},"end":{}}],"line":232},"31":{"loc":{"start":{"line":232,"column":8},"end":{"line":232,"column":55}},"type":"binary-expr","locations":[{"start":{"line":232,"column":8},"end":{"line":232,"column":20}},{"start":{"line":232,"column":24},"end":{"line":232,"column":55}}],"line":232},"32":{"loc":{"start":{"line":236,"column":4},"end":{"line":238,"column":5}},"type":"if","locations":[{"start":{"line":236,"column":4},"end":{"line":238,"column":5}},{"start":{},"end":{}}],"line":236},"33":{"loc":{"start":{"line":236,"column":8},"end":{"line":236,"column":45}},"type":"binary-expr","locations":[{"start":{"line":236,"column":8},"end":{"line":236,"column":12}},{"start":{"line":236,"column":16},"end":{"line":236,"column":22}},{"start":{"line":236,"column":26},"end":{"line":236,"column":33}},{"start":{"line":236,"column":37},"end":{"line":236,"column":45}}],"line":236},"34":{"loc":{"start":{"line":241,"column":4},"end":{"line":243,"column":5}},"type":"if","locations":[{"start":{"line":241,"column":4},"end":{"line":243,"column":5}},{"start":{},"end":{}}],"line":241},"35":{"loc":{"start":{"line":245,"column":4},"end":{"line":247,"column":5}},"type":"if","locations":[{"start":{"line":245,"column":4},"end":{"line":247,"column":5}},{"start":{},"end":{}}],"line":245},"36":{"loc":{"start":{"line":250,"column":4},"end":{"line":252,"column":5}},"type":"if","locations":[{"start":{"line":250,"column":4},"end":{"line":252,"column":5}},{"start":{},"end":{}}],"line":250},"37":{"loc":{"start":{"line":259,"column":35},"end":{"line":259,"column":49}},"type":"binary-expr","locations":[{"start":{"line":259,"column":35},"end":{"line":259,"column":41}},{"start":{"line":259,"column":45},"end":{"line":259,"column":49}}],"line":259},"38":{"loc":{"start":{"line":259,"column":60},"end":{"line":259,"column":81}},"type":"binary-expr","locations":[{"start":{"line":259,"column":60},"end":{"line":259,"column":71}},{"start":{"line":259,"column":75},"end":{"line":259,"column":81}}],"line":259},"39":{"loc":{"start":{"line":269,"column":16},"end":{"line":269,"column":30}},"type":"binary-expr","locations":[{"start":{"line":269,"column":16},"end":{"line":269,"column":22}},{"start":{"line":269,"column":26},"end":{"line":269,"column":30}}],"line":269},"40":{"loc":{"start":{"line":271,"column":21},"end":{"line":271,"column":42}},"type":"binary-expr","locations":[{"start":{"line":271,"column":21},"end":{"line":271,"column":32}},{"start":{"line":271,"column":36},"end":{"line":271,"column":42}}],"line":271},"41":{"loc":{"start":{"line":284,"column":4},"end":{"line":289,"column":5}},"type":"if","locations":[{"start":{"line":284,"column":4},"end":{"line":289,"column":5}},{"start":{},"end":{}}],"line":284},"42":{"loc":{"start":{"line":284,"column":8},"end":{"line":284,"column":25}},"type":"binary-expr","locations":[{"start":{"line":284,"column":8},"end":{"line":284,"column":14}},{"start":{"line":284,"column":18},"end":{"line":284,"column":25}}],"line":284},"43":{"loc":{"start":{"line":296,"column":4},"end":{"line":301,"column":5}},"type":"if","locations":[{"start":{"line":296,"column":4},"end":{"line":301,"column":5}},{"start":{},"end":{}}],"line":296},"44":{"loc":{"start":{"line":306,"column":4},"end":{"line":311,"column":5}},"type":"if","locations":[{"start":{"line":306,"column":4},"end":{"line":311,"column":5}},{"start":{},"end":{}}],"line":306},"45":{"loc":{"start":{"line":314,"column":53},"end":{"line":314,"column":79}},"type":"binary-expr","locations":[{"start":{"line":314,"column":53},"end":{"line":314,"column":69}},{"start":{"line":314,"column":73},"end":{"line":314,"column":79}}],"line":314},"46":{"loc":{"start":{"line":315,"column":6},"end":{"line":315,"column":59}},"type":"binary-expr","locations":[{"start":{"line":315,"column":6},"end":{"line":315,"column":28}},{"start":{"line":315,"column":32},"end":{"line":315,"column":59}}],"line":315},"47":{"loc":{"start":{"line":329,"column":21},"end":{"line":329,"column":47}},"type":"binary-expr","locations":[{"start":{"line":329,"column":21},"end":{"line":329,"column":37}},{"start":{"line":329,"column":41},"end":{"line":329,"column":47}}],"line":329},"48":{"loc":{"start":{"line":367,"column":4},"end":{"line":369,"column":5}},"type":"if","locations":[{"start":{"line":367,"column":4},"end":{"line":369,"column":5}},{"start":{},"end":{}}],"line":367},"49":{"loc":{"start":{"line":376,"column":22},"end":{"line":376,"column":45}},"type":"binary-expr","locations":[{"start":{"line":376,"column":22},"end":{"line":376,"column":40}},{"start":{"line":376,"column":44},"end":{"line":376,"column":45}}],"line":376},"50":{"loc":{"start":{"line":380,"column":4},"end":{"line":385,"column":5}},"type":"if","locations":[{"start":{"line":380,"column":4},"end":{"line":385,"column":5}},{"start":{},"end":{}}],"line":380},"51":{"loc":{"start":{"line":392,"column":4},"end":{"line":394,"column":5}},"type":"if","locations":[{"start":{"line":392,"column":4},"end":{"line":394,"column":5}},{"start":{},"end":{}}],"line":392},"52":{"loc":{"start":{"line":399,"column":4},"end":{"line":407,"column":5}},"type":"if","locations":[{"start":{"line":399,"column":4},"end":{"line":407,"column":5}},{"start":{},"end":{}}],"line":399},"53":{"loc":{"start":{"line":399,"column":8},"end":{"line":399,"column":54}},"type":"binary-expr","locations":[{"start":{"line":399,"column":8},"end":{"line":399,"column":26}},{"start":{"line":399,"column":30},"end":{"line":399,"column":54}}],"line":399},"54":{"loc":{"start":{"line":404,"column":6},"end":{"line":406,"column":7}},"type":"if","locations":[{"start":{"line":404,"column":6},"end":{"line":406,"column":7}},{"start":{},"end":{}}],"line":404},"55":{"loc":{"start":{"line":411,"column":25},"end":{"line":411,"column":52}},"type":"cond-expr","locations":[{"start":{"line":411,"column":43},"end":{"line":411,"column":48}},{"start":{"line":411,"column":51},"end":{"line":411,"column":52}}],"line":411},"56":{"loc":{"start":{"line":414,"column":4},"end":{"line":420,"column":5}},"type":"if","locations":[{"start":{"line":414,"column":4},"end":{"line":420,"column":5}},{"start":{"line":416,"column":11},"end":{"line":420,"column":5}}],"line":414},"57":{"loc":{"start":{"line":435,"column":4},"end":{"line":438,"column":5}},"type":"if","locations":[{"start":{"line":435,"column":4},"end":{"line":438,"column":5}},{"start":{},"end":{}}],"line":435},"58":{"loc":{"start":{"line":459,"column":43},"end":{"line":459,"column":69}},"type":"binary-expr","locations":[{"start":{"line":459,"column":43},"end":{"line":459,"column":61}},{"start":{"line":459,"column":65},"end":{"line":459,"column":69}}],"line":459},"59":{"loc":{"start":{"line":460,"column":33},"end":{"line":460,"column":56}},"type":"cond-expr","locations":[{"start":{"line":460,"column":51},"end":{"line":460,"column":52}},{"start":{"line":460,"column":55},"end":{"line":460,"column":56}}],"line":460},"60":{"loc":{"start":{"line":462,"column":6},"end":{"line":462,"column":22}},"type":"binary-expr","locations":[{"start":{"line":462,"column":6},"end":{"line":462,"column":14}},{"start":{"line":462,"column":18},"end":{"line":462,"column":22}}],"line":462},"61":{"loc":{"start":{"line":462,"column":24},"end":{"line":462,"column":41}},"type":"binary-expr","locations":[{"start":{"line":462,"column":24},"end":{"line":462,"column":33}},{"start":{"line":462,"column":37},"end":{"line":462,"column":41}}],"line":462},"62":{"loc":{"start":{"line":462,"column":43},"end":{"line":462,"column":72}},"type":"binary-expr","locations":[{"start":{"line":462,"column":43},"end":{"line":462,"column":64}},{"start":{"line":462,"column":68},"end":{"line":462,"column":72}}],"line":462},"63":{"loc":{"start":{"line":546,"column":4},"end":{"line":548,"column":5}},"type":"if","locations":[{"start":{"line":546,"column":4},"end":{"line":548,"column":5}},{"start":{},"end":{}}],"line":546},"64":{"loc":{"start":{"line":555,"column":4},"end":{"line":557,"column":5}},"type":"if","locations":[{"start":{"line":555,"column":4},"end":{"line":557,"column":5}},{"start":{},"end":{}}],"line":555},"65":{"loc":{"start":{"line":559,"column":4},"end":{"line":561,"column":5}},"type":"if","locations":[{"start":{"line":559,"column":4},"end":{"line":561,"column":5}},{"start":{},"end":{}}],"line":559},"66":{"loc":{"start":{"line":568,"column":22},"end":{"line":568,"column":45}},"type":"binary-expr","locations":[{"start":{"line":568,"column":22},"end":{"line":568,"column":40}},{"start":{"line":568,"column":44},"end":{"line":568,"column":45}}],"line":568},"67":{"loc":{"start":{"line":573,"column":4},"end":{"line":578,"column":5}},"type":"if","locations":[{"start":{"line":573,"column":4},"end":{"line":578,"column":5}},{"start":{},"end":{}}],"line":573},"68":{"loc":{"start":{"line":598,"column":4},"end":{"line":601,"column":5}},"type":"if","locations":[{"start":{"line":598,"column":4},"end":{"line":601,"column":5}},{"start":{},"end":{}}],"line":598},"69":{"loc":{"start":{"line":630,"column":8},"end":{"line":630,"column":26}},"type":"binary-expr","locations":[{"start":{"line":630,"column":8},"end":{"line":630,"column":18}},{"start":{"line":630,"column":22},"end":{"line":630,"column":26}}],"line":630},"70":{"loc":{"start":{"line":634,"column":8},"end":{"line":634,"column":38}},"type":"binary-expr","locations":[{"start":{"line":634,"column":8},"end":{"line":634,"column":30}},{"start":{"line":634,"column":34},"end":{"line":634,"column":38}}],"line":634},"71":{"loc":{"start":{"line":635,"column":8},"end":{"line":635,"column":35}},"type":"binary-expr","locations":[{"start":{"line":635,"column":8},"end":{"line":635,"column":27}},{"start":{"line":635,"column":31},"end":{"line":635,"column":35}}],"line":635},"72":{"loc":{"start":{"line":636,"column":8},"end":{"line":636,"column":30}},"type":"binary-expr","locations":[{"start":{"line":636,"column":8},"end":{"line":636,"column":22}},{"start":{"line":636,"column":26},"end":{"line":636,"column":30}}],"line":636},"73":{"loc":{"start":{"line":637,"column":8},"end":{"line":637,"column":33}},"type":"binary-expr","locations":[{"start":{"line":637,"column":8},"end":{"line":637,"column":25}},{"start":{"line":637,"column":29},"end":{"line":637,"column":33}}],"line":637},"74":{"loc":{"start":{"line":678,"column":4},"end":{"line":683,"column":5}},"type":"if","locations":[{"start":{"line":678,"column":4},"end":{"line":683,"column":5}},{"start":{},"end":{}}],"line":678},"75":{"loc":{"start":{"line":687,"column":4},"end":{"line":692,"column":5}},"type":"if","locations":[{"start":{"line":687,"column":4},"end":{"line":692,"column":5}},{"start":{},"end":{}}],"line":687},"76":{"loc":{"start":{"line":724,"column":4},"end":{"line":729,"column":5}},"type":"if","locations":[{"start":{"line":724,"column":4},"end":{"line":729,"column":5}},{"start":{},"end":{}}],"line":724},"77":{"loc":{"start":{"line":733,"column":4},"end":{"line":738,"column":5}},"type":"if","locations":[{"start":{"line":733,"column":4},"end":{"line":738,"column":5}},{"start":{},"end":{}}],"line":733},"78":{"loc":{"start":{"line":733,"column":8},"end":{"line":733,"column":68}},"type":"binary-expr","locations":[{"start":{"line":733,"column":8},"end":{"line":733,"column":38}},{"start":{"line":733,"column":42},"end":{"line":733,"column":68}}],"line":733},"79":{"loc":{"start":{"line":763,"column":4},"end":{"line":765,"column":5}},"type":"if","locations":[{"start":{"line":763,"column":4},"end":{"line":765,"column":5}},{"start":{},"end":{}}],"line":763},"80":{"loc":{"start":{"line":763,"column":8},"end":{"line":763,"column":55}},"type":"binary-expr","locations":[{"start":{"line":763,"column":8},"end":{"line":763,"column":20}},{"start":{"line":763,"column":24},"end":{"line":763,"column":55}}],"line":763},"81":{"loc":{"start":{"line":822,"column":4},"end":{"line":824,"column":5}},"type":"if","locations":[{"start":{"line":822,"column":4},"end":{"line":824,"column":5}},{"start":{},"end":{}}],"line":822},"82":{"loc":{"start":{"line":822,"column":8},"end":{"line":822,"column":55}},"type":"binary-expr","locations":[{"start":{"line":822,"column":8},"end":{"line":822,"column":20}},{"start":{"line":822,"column":24},"end":{"line":822,"column":55}}],"line":822},"83":{"loc":{"start":{"line":853,"column":4},"end":{"line":855,"column":5}},"type":"if","locations":[{"start":{"line":853,"column":4},"end":{"line":855,"column":5}},{"start":{},"end":{}}],"line":853},"84":{"loc":{"start":{"line":853,"column":8},"end":{"line":853,"column":55}},"type":"binary-expr","locations":[{"start":{"line":853,"column":8},"end":{"line":853,"column":20}},{"start":{"line":853,"column":24},"end":{"line":853,"column":55}}],"line":853},"85":{"loc":{"start":{"line":871,"column":4},"end":{"line":873,"column":5}},"type":"if","locations":[{"start":{"line":871,"column":4},"end":{"line":873,"column":5}},{"start":{},"end":{}}],"line":871},"86":{"loc":{"start":{"line":871,"column":8},"end":{"line":871,"column":55}},"type":"binary-expr","locations":[{"start":{"line":871,"column":8},"end":{"line":871,"column":20}},{"start":{"line":871,"column":24},"end":{"line":871,"column":55}}],"line":871},"87":{"loc":{"start":{"line":887,"column":4},"end":{"line":889,"column":5}},"type":"if","locations":[{"start":{"line":887,"column":4},"end":{"line":889,"column":5}},{"start":{},"end":{}}],"line":887},"88":{"loc":{"start":{"line":887,"column":8},"end":{"line":887,"column":55}},"type":"binary-expr","locations":[{"start":{"line":887,"column":8},"end":{"line":887,"column":20}},{"start":{"line":887,"column":24},"end":{"line":887,"column":55}}],"line":887},"89":{"loc":{"start":{"line":924,"column":4},"end":{"line":926,"column":5}},"type":"if","locations":[{"start":{"line":924,"column":4},"end":{"line":926,"column":5}},{"start":{},"end":{}}],"line":924},"90":{"loc":{"start":{"line":924,"column":8},"end":{"line":924,"column":55}},"type":"binary-expr","locations":[{"start":{"line":924,"column":8},"end":{"line":924,"column":20}},{"start":{"line":924,"column":24},"end":{"line":924,"column":55}}],"line":924},"91":{"loc":{"start":{"line":936,"column":4},"end":{"line":938,"column":5}},"type":"if","locations":[{"start":{"line":936,"column":4},"end":{"line":938,"column":5}},{"start":{},"end":{}}],"line":936},"92":{"loc":{"start":{"line":943,"column":4},"end":{"line":952,"column":5}},"type":"if","locations":[{"start":{"line":943,"column":4},"end":{"line":952,"column":5}},{"start":{},"end":{}}],"line":943},"93":{"loc":{"start":{"line":943,"column":8},"end":{"line":943,"column":64}},"type":"binary-expr","locations":[{"start":{"line":943,"column":8},"end":{"line":943,"column":32}},{"start":{"line":943,"column":36},"end":{"line":943,"column":64}}],"line":943},"94":{"loc":{"start":{"line":954,"column":4},"end":{"line":959,"column":5}},"type":"if","locations":[{"start":{"line":954,"column":4},"end":{"line":959,"column":5}},{"start":{},"end":{}}],"line":954},"95":{"loc":{"start":{"line":954,"column":8},"end":{"line":954,"column":64}},"type":"binary-expr","locations":[{"start":{"line":954,"column":8},"end":{"line":954,"column":36}},{"start":{"line":954,"column":40},"end":{"line":954,"column":64}}],"line":954},"96":{"loc":{"start":{"line":965,"column":15},"end":{"line":967,"column":30}},"type":"cond-expr","locations":[{"start":{"line":966,"column":10},"end":{"line":966,"column":59}},{"start":{"line":967,"column":10},"end":{"line":967,"column":30}}],"line":965},"97":{"loc":{"start":{"line":965,"column":15},"end":{"line":965,"column":71}},"type":"binary-expr","locations":[{"start":{"line":965,"column":15},"end":{"line":965,"column":43}},{"start":{"line":965,"column":47},"end":{"line":965,"column":71}}],"line":965},"98":{"loc":{"start":{"line":981,"column":4},"end":{"line":983,"column":5}},"type":"if","locations":[{"start":{"line":981,"column":4},"end":{"line":983,"column":5}},{"start":{},"end":{}}],"line":981},"99":{"loc":{"start":{"line":981,"column":8},"end":{"line":981,"column":55}},"type":"binary-expr","locations":[{"start":{"line":981,"column":8},"end":{"line":981,"column":20}},{"start":{"line":981,"column":24},"end":{"line":981,"column":55}}],"line":981},"100":{"loc":{"start":{"line":993,"column":4},"end":{"line":1005,"column":5}},"type":"if","locations":[{"start":{"line":993,"column":4},"end":{"line":1005,"column":5}},{"start":{},"end":{}}],"line":993},"101":{"loc":{"start":{"line":996,"column":6},"end":{"line":1004,"column":7}},"type":"if","locations":[{"start":{"line":996,"column":6},"end":{"line":1004,"column":7}},{"start":{},"end":{}}],"line":996},"102":{"loc":{"start":{"line":1022,"column":0},"end":{"line":1027,"column":1}},"type":"if","locations":[{"start":{"line":1022,"column":0},"end":{"line":1027,"column":1}},{"start":{},"end":{}}],"line":1022},"103":{"loc":{"start":{"line":1035,"column":4},"end":{"line":1037,"column":5}},"type":"if","locations":[{"start":{"line":1035,"column":4},"end":{"line":1037,"column":5}},{"start":{},"end":{}}],"line":1035},"104":{"loc":{"start":{"line":1035,"column":8},"end":{"line":1035,"column":55}},"type":"binary-expr","locations":[{"start":{"line":1035,"column":8},"end":{"line":1035,"column":20}},{"start":{"line":1035,"column":24},"end":{"line":1035,"column":55}}],"line":1035},"105":{"loc":{"start":{"line":1066,"column":4},"end":{"line":1068,"column":5}},"type":"if","locations":[{"start":{"line":1066,"column":4},"end":{"line":1068,"column":5}},{"start":{},"end":{}}],"line":1066},"106":{"loc":{"start":{"line":1066,"column":8},"end":{"line":1066,"column":55}},"type":"binary-expr","locations":[{"start":{"line":1066,"column":8},"end":{"line":1066,"column":20}},{"start":{"line":1066,"column":24},"end":{"line":1066,"column":55}}],"line":1066},"107":{"loc":{"start":{"line":1070,"column":4},"end":{"line":1072,"column":5}},"type":"if","locations":[{"start":{"line":1070,"column":4},"end":{"line":1072,"column":5}},{"start":{},"end":{}}],"line":1070},"108":{"loc":{"start":{"line":1070,"column":8},"end":{"line":1070,"column":49}},"type":"binary-expr","locations":[{"start":{"line":1070,"column":8},"end":{"line":1070,"column":12}},{"start":{"line":1070,"column":16},"end":{"line":1070,"column":30}},{"start":{"line":1070,"column":34},"end":{"line":1070,"column":49}}],"line":1070},"109":{"loc":{"start":{"line":1077,"column":27},"end":{"line":1077,"column":42}},"type":"binary-expr","locations":[{"start":{"line":1077,"column":27},"end":{"line":1077,"column":34}},{"start":{"line":1077,"column":38},"end":{"line":1077,"column":42}}],"line":1077},"110":{"loc":{"start":{"line":1077,"column":44},"end":{"line":1077,"column":60}},"type":"binary-expr","locations":[{"start":{"line":1077,"column":44},"end":{"line":1077,"column":52}},{"start":{"line":1077,"column":56},"end":{"line":1077,"column":60}}],"line":1077},"111":{"loc":{"start":{"line":1108,"column":4},"end":{"line":1110,"column":5}},"type":"if","locations":[{"start":{"line":1108,"column":4},"end":{"line":1110,"column":5}},{"start":{},"end":{}}],"line":1108},"112":{"loc":{"start":{"line":1108,"column":8},"end":{"line":1108,"column":55}},"type":"binary-expr","locations":[{"start":{"line":1108,"column":8},"end":{"line":1108,"column":20}},{"start":{"line":1108,"column":24},"end":{"line":1108,"column":55}}],"line":1108},"113":{"loc":{"start":{"line":1113,"column":4},"end":{"line":1115,"column":5}},"type":"if","locations":[{"start":{"line":1113,"column":4},"end":{"line":1115,"column":5}},{"start":{},"end":{}}],"line":1113},"114":{"loc":{"start":{"line":1121,"column":27},"end":{"line":1121,"column":43}},"type":"binary-expr","locations":[{"start":{"line":1121,"column":27},"end":{"line":1121,"column":35}},{"start":{"line":1121,"column":39},"end":{"line":1121,"column":43}}],"line":1121},"115":{"loc":{"start":{"line":1121,"column":45},"end":{"line":1121,"column":62}},"type":"binary-expr","locations":[{"start":{"line":1121,"column":45},"end":{"line":1121,"column":54}},{"start":{"line":1121,"column":58},"end":{"line":1121,"column":62}}],"line":1121},"116":{"loc":{"start":{"line":1138,"column":4},"end":{"line":1140,"column":5}},"type":"if","locations":[{"start":{"line":1138,"column":4},"end":{"line":1140,"column":5}},{"start":{},"end":{}}],"line":1138},"117":{"loc":{"start":{"line":1138,"column":8},"end":{"line":1138,"column":55}},"type":"binary-expr","locations":[{"start":{"line":1138,"column":8},"end":{"line":1138,"column":20}},{"start":{"line":1138,"column":24},"end":{"line":1138,"column":55}}],"line":1138},"118":{"loc":{"start":{"line":1143,"column":4},"end":{"line":1148,"column":5}},"type":"if","locations":[{"start":{"line":1143,"column":4},"end":{"line":1148,"column":5}},{"start":{},"end":{}}],"line":1143},"119":{"loc":{"start":{"line":1151,"column":4},"end":{"line":1156,"column":5}},"type":"if","locations":[{"start":{"line":1151,"column":4},"end":{"line":1156,"column":5}},{"start":{},"end":{}}],"line":1151}},"s":{"0":7,"1":7,"2":7,"3":7,"4":7,"5":7,"6":7,"7":7,"8":7,"9":7,"10":7,"11":38,"12":38,"13":38,"14":5,"15":33,"16":33,"17":2,"18":31,"19":31,"20":7,"21":7,"22":7,"23":7,"24":7,"25":7,"26":7,"27":56,"28":7,"29":0,"30":7,"31":0,"32":7,"33":14,"34":14,"35":14,"36":1,"37":13,"38":13,"39":0,"40":13,"41":0,"42":13,"43":13,"44":1,"45":12,"46":12,"47":12,"48":12,"49":0,"50":0,"51":7,"52":0,"53":0,"54":0,"55":0,"56":0,"57":0,"58":0,"59":0,"60":7,"61":0,"62":0,"63":0,"64":0,"65":0,"66":0,"67":0,"68":0,"69":0,"70":0,"71":0,"72":0,"73":0,"74":0,"75":0,"76":0,"77":0,"78":7,"79":0,"80":0,"81":0,"82":0,"83":0,"84":0,"85":0,"86":0,"87":0,"88":0,"89":0,"90":0,"91":0,"92":0,"93":0,"94":7,"95":0,"96":0,"97":0,"98":0,"99":0,"100":0,"101":0,"102":0,"103":0,"104":0,"105":0,"106":0,"107":0,"108":0,"109":0,"110":0,"111":0,"112":0,"113":0,"114":0,"115":7,"116":17,"117":17,"118":17,"119":1,"120":16,"121":16,"122":1,"123":15,"124":15,"125":15,"126":1,"127":14,"128":14,"129":0,"130":0,"131":7,"132":9,"133":9,"134":9,"135":9,"136":9,"137":9,"138":9,"139":1,"140":8,"141":8,"142":8,"143":8,"144":8,"145":1,"146":7,"147":7,"148":0,"149":7,"150":7,"151":7,"152":0,"153":0,"154":0,"155":7,"156":7,"157":7,"158":7,"159":7,"160":7,"161":0,"162":0,"163":0,"164":7,"165":7,"166":7,"167":7,"168":7,"169":7,"170":7,"171":7,"172":7,"173":7,"174":7,"175":7,"176":7,"177":7,"178":7,"179":7,"180":7,"181":7,"182":0,"183":0,"184":7,"185":3,"186":3,"187":3,"188":3,"189":0,"190":0,"191":7,"192":7,"193":7,"194":7,"195":7,"196":7,"197":7,"198":7,"199":1,"200":6,"201":6,"202":6,"203":6,"204":0,"205":6,"206":2,"207":4,"208":4,"209":4,"210":4,"211":4,"212":4,"213":0,"214":4,"215":4,"216":4,"217":4,"218":4,"219":4,"220":4,"221":4,"222":4,"223":4,"224":4,"225":4,"226":0,"227":0,"228":7,"229":4,"230":4,"231":4,"232":4,"233":4,"234":4,"235":2,"236":2,"237":2,"238":1,"239":1,"240":1,"241":1,"242":0,"243":0,"244":7,"245":0,"246":0,"247":0,"248":0,"249":0,"250":0,"251":0,"252":0,"253":0,"254":0,"255":0,"256":0,"257":0,"258":0,"259":0,"260":7,"261":0,"262":0,"263":0,"264":0,"265":0,"266":0,"267":0,"268":0,"269":0,"270":0,"271":7,"272":3,"273":3,"274":3,"275":3,"276":0,"277":0,"278":7,"279":0,"280":0,"281":0,"282":0,"283":0,"284":0,"285":0,"286":0,"287":7,"288":4,"289":4,"290":4,"291":4,"292":4,"293":0,"294":4,"295":4,"296":0,"297":0,"298":7,"299":0,"300":0,"301":0,"302":0,"303":0,"304":0,"305":0,"306":0,"307":0,"308":7,"309":0,"310":0,"311":0,"312":0,"313":0,"314":0,"315":0,"316":0,"317":7,"318":1,"319":1,"320":1,"321":1,"322":1,"323":0,"324":1,"325":1,"326":0,"327":1,"328":1,"329":1,"330":1,"331":1,"332":1,"333":0,"334":1,"335":1,"336":0,"337":0,"338":7,"339":0,"340":0,"341":0,"342":0,"343":0,"344":0,"345":0,"346":0,"347":0,"348":0,"349":0,"350":0,"351":0,"352":0,"353":0,"354":7,"355":7,"356":7,"357":7,"358":0,"359":0,"360":0,"361":7,"362":0,"363":0,"364":0,"365":0,"366":0,"367":0,"368":0,"369":0,"370":7,"371":0,"372":0,"373":0,"374":0,"375":0,"376":0,"377":0,"378":0,"379":0,"380":0,"381":0,"382":0,"383":0,"384":7,"385":0,"386":0,"387":0,"388":0,"389":0,"390":0,"391":0,"392":0,"393":0,"394":0,"395":0,"396":0,"397":0,"398":7,"399":0,"400":0,"401":0,"402":0,"403":0,"404":0,"405":0,"406":0,"407":0,"408":0,"409":0,"410":0,"411":0,"412":0,"413":0,"414":7},"f":{"0":38,"1":33,"2":7,"3":56,"4":0,"5":14,"6":0,"7":0,"8":0,"9":0,"10":17,"11":9,"12":3,"13":7,"14":4,"15":0,"16":0,"17":3,"18":0,"19":4,"20":0,"21":0,"22":1,"23":0,"24":7,"25":0,"26":0,"27":0,"28":0,"29":0},"b":{"0":[7,0],"1":[38,33],"2":[5,33],"3":[33,0],"4":[2,31],"5":[7,0],"6":[7,0],"7":[7,0],"8":[7,0],"9":[1,13],"10":[14,13,13,13],"11":[0,13],"12":[0,13],"13":[1,12],"14":[12,8],"15":[12,0],"16":[12,8],"17":[0,0],"18":[0,0],"19":[0,0],"20":[0,0],"21":[0,0],"22":[0,0],"23":[0,0],"24":[0,0],"25":[0,0],"26":[0,0],"27":[0,0],"28":[0,0],"29":[0,0],"30":[0,0],"31":[0,0],"32":[0,0],"33":[0,0,0,0],"34":[0,0],"35":[0,0],"36":[0,0],"37":[0,0],"38":[0,0],"39":[0,0],"40":[0,0],"41":[1,16],"42":[17,17],"43":[1,15],"44":[1,14],"45":[14,0],"46":[14,0],"47":[14,0],"48":[1,8],"49":[8,2],"50":[1,7],"51":[0,7],"52":[0,7],"53":[7,7],"54":[0,0],"55":[1,6],"56":[7,0],"57":[7,0],"58":[7,0],"59":[1,6],"60":[7,0],"61":[7,0],"62":[7,7],"63":[1,6],"64":[0,6],"65":[2,4],"66":[4,0],"67":[0,4],"68":[4,0],"69":[4,3],"70":[4,0],"71":[4,0],"72":[4,0],"73":[4,0],"74":[2,2],"75":[1,1],"76":[0,0],"77":[0,0],"78":[0,0],"79":[0,0],"80":[0,0],"81":[0,0],"82":[0,0],"83":[0,4],"84":[4,4],"85":[0,0],"86":[0,0],"87":[0,0],"88":[0,0],"89":[0,1],"90":[1,1],"91":[0,1],"92":[1,0],"93":[1,1],"94":[0,1],"95":[1,0],"96":[1,0],"97":[1,1],"98":[0,0],"99":[0,0],"100":[0,0],"101":[0,0],"102":[0,7],"103":[0,0],"104":[0,0],"105":[0,0],"106":[0,0],"107":[0,0],"108":[0,0,0],"109":[0,0],"110":[0,0],"111":[0,0],"112":[0,0],"113":[0,0],"114":[0,0],"115":[0,0],"116":[0,0],"117":[0,0],"118":[0,0],"119":[0,0]},"_coverageSchema":"1a1c01bbd47fc00a2c39e90264f33305004495a9","hash":"2a3916d21888bd2349e5c5ff1f5e6a92a46f7dac"}
}
