TN:
SF:app.js
FN:17,(anonymous_0)
FNF:1
FNH:0
FNDA:0,(anonymous_0)
DA:1,7
DA:2,7
DA:3,7
DA:5,7
DA:6,7
DA:7,7
DA:8,7
DA:9,7
DA:11,7
DA:13,7
DA:14,7
DA:17,7
DA:18,0
DA:22,7
DA:23,7
DA:24,7
DA:25,7
DA:26,7
DA:28,7
LF:19
LH:18
BRF:0
BRH:0
end_of_record
TN:
SF:config/database.js
FN:16,(anonymous_0)
FN:22,(anonymous_1)
FNF:2
FNH:2
FNDA:7,(anonymous_0)
FNDA:56,(anonymous_1)
DA:2,7
DA:3,7
DA:5,7
DA:16,7
DA:17,7
DA:18,7
DA:19,7
DA:21,7
DA:22,56
DA:24,7
DA:26,0
DA:30,7
LF:12
LH:11
BRDA:6,0,0,7
BRDA:6,0,1,0
BRDA:7,1,0,7
BRDA:7,1,1,0
BRDA:8,2,0,7
BRDA:8,2,1,0
BRDA:9,3,0,7
BRDA:9,3,1,0
BRF:8
BRH:4
end_of_record
TN:
SF:controllers/adminController.js
FN:6,(anonymous_0)
FN:12,(anonymous_1)
FN:25,(anonymous_2)
FN:51,(anonymous_3)
FN:78,(anonymous_4)
FN:116,(anonymous_5)
FN:129,(anonymous_6)
FN:146,(anonymous_7)
FN:163,(anonymous_8)
FN:176,(anonymous_9)
FN:218,(anonymous_10)
FN:241,(anonymous_11)
FN:254,(anonymous_12)
FN:286,(anonymous_13)
FN:308,(anonymous_14)
FNF:15
FNH:3
FNDA:5,(anonymous_0)
FNDA:0,(anonymous_1)
FNDA:0,(anonymous_2)
FNDA:0,(anonymous_3)
FNDA:0,(anonymous_4)
FNDA:0,(anonymous_5)
FNDA:4,(anonymous_6)
FNDA:0,(anonymous_7)
FNDA:0,(anonymous_8)
FNDA:1,(anonymous_9)
FNDA:0,(anonymous_10)
FNDA:0,(anonymous_11)
FNDA:0,(anonymous_12)
FNDA:0,(anonymous_13)
FNDA:0,(anonymous_14)
DA:1,7
DA:2,7
DA:3,7
DA:4,7
DA:6,7
DA:7,5
DA:8,5
DA:12,7
DA:13,0
DA:14,0
DA:15,0
DA:17,0
DA:18,0
DA:20,0
DA:21,0
DA:25,7
DA:26,0
DA:27,0
DA:28,0
DA:30,0
DA:31,0
DA:34,0
DA:35,0
DA:36,0
DA:39,0
DA:40,0
DA:43,0
DA:44,0
DA:46,0
DA:47,0
DA:51,7
DA:52,0
DA:53,0
DA:55,0
DA:56,0
DA:59,0
DA:60,0
DA:63,0
DA:64,0
DA:70,0
DA:71,0
DA:73,0
DA:74,0
DA:78,7
DA:79,0
DA:80,0
DA:82,0
DA:83,0
DA:86,0
DA:87,0
DA:90,0
DA:91,0
DA:92,0
DA:95,0
DA:97,0
DA:110,0
DA:111,0
DA:116,7
DA:117,0
DA:118,0
DA:119,0
DA:121,0
DA:122,0
DA:124,0
DA:125,0
DA:129,7
DA:130,4
DA:131,4
DA:132,4
DA:134,4
DA:135,0
DA:138,4
DA:139,4
DA:141,0
DA:142,0
DA:146,7
DA:147,0
DA:148,0
DA:150,0
DA:151,0
DA:154,0
DA:155,0
DA:157,0
DA:158,0
DA:163,7
DA:164,0
DA:165,0
DA:166,0
DA:168,0
DA:169,0
DA:171,0
DA:172,0
DA:176,7
DA:177,1
DA:178,1
DA:179,1
DA:181,1
DA:182,0
DA:185,1
DA:186,1
DA:187,0
DA:190,1
DA:192,1
DA:193,1
DA:194,1
DA:197,1
DA:198,0
DA:204,1
DA:206,1
DA:213,0
DA:214,0
DA:218,7
DA:219,0
DA:220,0
DA:222,0
DA:223,0
DA:226,0
DA:227,0
DA:228,0
DA:229,0
DA:232,0
DA:233,0
DA:235,0
DA:236,0
DA:241,7
DA:242,0
DA:243,0
DA:244,0
DA:246,0
DA:247,0
DA:249,0
DA:250,0
DA:254,7
DA:255,0
DA:256,0
DA:258,0
DA:259,0
DA:262,0
DA:263,0
DA:266,0
DA:268,0
DA:281,0
DA:282,0
DA:286,7
DA:287,0
DA:288,0
DA:289,0
DA:291,0
DA:292,0
DA:295,0
DA:296,0
DA:297,0
DA:300,0
DA:301,0
DA:303,0
DA:304,0
DA:308,7
DA:309,0
DA:310,0
DA:312,0
DA:313,0
DA:316,0
DA:317,0
DA:323,0
DA:324,0
DA:330,0
DA:331,0
DA:333,0
DA:334,0
DA:338,7
LF:170
LH:41
BRDA:8,0,0,5
BRDA:8,0,1,5
BRDA:14,1,0,0
BRDA:14,1,1,0
BRDA:30,2,0,0
BRDA:30,2,1,0
BRDA:35,3,0,0
BRDA:35,3,1,0
BRDA:39,4,0,0
BRDA:39,4,1,0
BRDA:39,5,0,0
BRDA:39,5,1,0
BRDA:55,6,0,0
BRDA:55,6,1,0
BRDA:59,7,0,0
BRDA:59,7,1,0
BRDA:63,8,0,0
BRDA:63,8,1,0
BRDA:82,9,0,0
BRDA:82,9,1,0
BRDA:86,10,0,0
BRDA:86,10,1,0
BRDA:86,11,0,0
BRDA:86,11,1,0
BRDA:86,11,2,0
BRDA:86,11,3,0
BRDA:91,12,0,0
BRDA:91,12,1,0
BRDA:95,13,0,0
BRDA:95,13,1,0
BRDA:104,14,0,0
BRDA:104,14,1,0
BRDA:106,15,0,0
BRDA:106,15,1,0
BRDA:118,16,0,0
BRDA:118,16,1,0
BRDA:134,17,0,0
BRDA:134,17,1,4
BRDA:150,18,0,0
BRDA:150,18,1,0
BRDA:165,19,0,0
BRDA:165,19,1,0
BRDA:181,20,0,0
BRDA:181,20,1,1
BRDA:186,21,0,0
BRDA:186,21,1,1
BRDA:192,22,0,1
BRDA:192,22,1,0
BRDA:192,23,0,1
BRDA:192,23,1,1
BRDA:197,24,0,0
BRDA:197,24,1,1
BRDA:197,25,0,1
BRDA:197,25,1,0
BRDA:208,26,0,1
BRDA:208,26,1,0
BRDA:208,27,0,1
BRDA:208,27,1,1
BRDA:222,28,0,0
BRDA:222,28,1,0
BRDA:227,29,0,0
BRDA:227,29,1,0
BRDA:227,30,0,0
BRDA:227,30,1,0
BRDA:243,31,0,0
BRDA:243,31,1,0
BRDA:258,32,0,0
BRDA:258,32,1,0
BRDA:262,33,0,0
BRDA:262,33,1,0
BRDA:262,34,0,0
BRDA:262,34,1,0
BRDA:262,34,2,0
BRDA:291,35,0,0
BRDA:291,35,1,0
BRDA:296,36,0,0
BRDA:296,36,1,0
BRDA:312,37,0,0
BRDA:312,37,1,0
BRDA:316,38,0,0
BRDA:316,38,1,0
BRDA:323,39,0,0
BRDA:323,39,1,0
BRF:83
BRH:13
end_of_record
TN:
SF:controllers/ajanlatController.js
FN:7,(anonymous_0)
FN:120,(anonymous_1)
FN:131,(anonymous_2)
FNF:3
FNH:2
FNDA:9,(anonymous_0)
FNDA:3,(anonymous_1)
FNDA:0,(anonymous_2)
DA:1,7
DA:2,7
DA:3,7
DA:4,7
DA:5,7
DA:7,7
DA:8,9
DA:9,9
DA:10,9
DA:26,9
DA:28,9
DA:30,9
DA:31,9
DA:32,1
DA:35,8
DA:36,8
DA:37,1
DA:43,7
DA:44,7
DA:45,0
DA:48,7
DA:49,7
DA:50,0
DA:51,0
DA:52,0
DA:56,7
DA:58,7
DA:66,7
DA:67,7
DA:69,7
DA:70,7
DA:71,7
DA:73,7
DA:99,7
DA:112,0
DA:113,0
DA:120,7
DA:121,3
DA:122,3
DA:123,3
DA:124,3
DA:126,0
DA:127,0
DA:131,7
DA:132,0
DA:133,0
DA:134,0
DA:136,0
DA:138,0
DA:139,0
DA:140,0
DA:146,0
DA:147,0
DA:149,0
DA:155,0
DA:156,0
DA:163,7
LF:57
LH:37
BRDA:31,0,0,1
BRDA:31,0,1,8
BRDA:36,1,0,1
BRDA:36,1,1,7
BRDA:44,2,0,0
BRDA:44,2,1,7
BRDA:49,3,0,0
BRDA:49,3,1,7
BRDA:49,4,0,7
BRDA:49,4,1,7
BRDA:51,5,0,0
BRDA:51,5,1,0
BRDA:56,6,0,7
BRDA:56,6,1,7
BRDA:139,7,0,0
BRDA:139,7,1,0
BRF:16
BRH:10
end_of_record
TN:
SF:controllers/authController.js
FN:5,(anonymous_0)
FN:66,(anonymous_1)
FNF:2
FNH:2
FNDA:14,(anonymous_0)
FNDA:17,(anonymous_1)
DA:1,7
DA:2,7
DA:3,7
DA:5,7
DA:6,14
DA:7,14
DA:9,14
DA:10,1
DA:16,13
DA:17,0
DA:23,13
DA:24,0
DA:30,13
DA:31,13
DA:32,1
DA:38,12
DA:40,12
DA:46,12
DA:61,0
DA:62,0
DA:66,7
DA:67,17
DA:68,17
DA:70,17
DA:71,1
DA:77,16
DA:78,16
DA:79,1
DA:85,15
DA:86,15
DA:87,1
DA:93,14
DA:99,14
DA:114,0
DA:115,0
DA:119,7
LF:36
LH:30
BRDA:9,0,0,1
BRDA:9,0,1,13
BRDA:9,1,0,14
BRDA:9,1,1,13
BRDA:9,1,2,13
BRDA:9,1,3,13
BRDA:16,2,0,0
BRDA:16,2,1,13
BRDA:23,3,0,0
BRDA:23,3,1,13
BRDA:31,4,0,1
BRDA:31,4,1,12
BRDA:42,5,0,12
BRDA:42,5,1,0
BRDA:54,6,0,12
BRDA:54,6,1,8
BRDA:70,7,0,1
BRDA:70,7,1,16
BRDA:70,8,0,17
BRDA:70,8,1,17
BRDA:78,9,0,1
BRDA:78,9,1,15
BRDA:86,10,0,1
BRDA:86,10,1,14
BRDA:94,11,0,14
BRDA:94,11,1,0
BRDA:95,12,0,14
BRDA:95,12,1,0
BRDA:109,13,0,14
BRDA:109,13,1,0
BRF:30
BRH:24
end_of_record
TN:
SF:controllers/megrendelesController.js
FN:6,(anonymous_0)
FN:94,(anonymous_1)
FN:105,(anonymous_2)
FNF:3
FNH:3
FNDA:7,(anonymous_0)
FNDA:3,(anonymous_1)
FNDA:4,(anonymous_2)
DA:1,7
DA:2,7
DA:3,7
DA:4,7
DA:6,7
DA:7,7
DA:8,7
DA:9,7
DA:23,7
DA:25,7
DA:26,7
DA:28,7
DA:29,1
DA:32,6
DA:33,6
DA:35,6
DA:36,0
DA:39,6
DA:40,2
DA:43,4
DA:44,4
DA:46,4
DA:47,0
DA:53,4
DA:55,4
DA:56,4
DA:58,4
DA:76,4
DA:78,4
DA:89,0
DA:90,0
DA:94,7
DA:95,3
DA:96,3
DA:97,3
DA:98,3
DA:100,0
DA:101,0
DA:105,7
DA:106,4
DA:107,4
DA:108,4
DA:110,4
DA:112,4
DA:117,4
DA:118,2
DA:124,2
DA:126,2
DA:127,1
DA:133,1
DA:135,1
DA:137,1
DA:143,0
DA:144,0
DA:151,7
LF:55
LH:47
BRDA:28,0,0,1
BRDA:28,0,1,6
BRDA:35,1,0,0
BRDA:35,1,1,6
BRDA:39,2,0,2
BRDA:39,2,1,4
BRDA:46,3,0,0
BRDA:46,3,1,4
BRDA:117,4,0,2
BRDA:117,4,1,2
BRDA:117,5,0,4
BRDA:117,5,1,4
BRDA:126,6,0,1
BRDA:126,6,1,1
BRF:14
BRH:12
end_of_record
TN:
SF:controllers/partnerController.js
FN:3,(anonymous_0)
FNF:1
FNH:0
FNDA:0,(anonymous_0)
DA:1,7
DA:3,7
DA:4,0
DA:5,0
DA:6,0
DA:8,0
DA:9,0
DA:13,7
LF:8
LH:3
BRF:0
BRH:0
end_of_record
TN:
SF:middleware/auth.js
FN:4,(anonymous_0)
FN:12,(anonymous_1)
FNF:2
FNH:2
FNDA:38,(anonymous_0)
FNDA:33,(anonymous_1)
DA:2,7
DA:4,7
DA:5,38
DA:6,38
DA:8,38
DA:9,5
DA:12,33
DA:13,33
DA:14,2
DA:16,31
DA:17,31
DA:21,7
LF:12
LH:12
BRDA:6,0,0,38
BRDA:6,0,1,33
BRDA:8,1,0,5
BRDA:8,1,1,33
BRDA:12,2,0,33
BRDA:12,2,1,0
BRDA:13,3,0,2
BRDA:13,3,1,31
BRF:8
BRH:7
end_of_record
TN:
SF:models/Ajanlat.js
FN:4,(anonymous_0)
FN:14,(anonymous_1)
FN:40,(anonymous_2)
FN:54,(anonymous_3)
FN:70,(anonymous_4)
FN:83,(anonymous_5)
FN:87,(anonymous_6)
FN:91,(anonymous_7)
FN:100,(anonymous_8)
FNF:9
FNH:6
FNDA:7,(anonymous_0)
FNDA:49,(anonymous_1)
FNDA:3,(anonymous_2)
FNDA:7,(anonymous_3)
FNDA:0,(anonymous_4)
FNDA:8,(anonymous_5)
FNDA:0,(anonymous_6)
FNDA:0,(anonymous_7)
FNDA:7,(anonymous_8)
DA:1,7
DA:12,7
DA:14,7
DA:15,49
DA:16,49
DA:19,7
DA:37,7
DA:41,3
DA:51,3
DA:55,7
DA:61,7
DA:62,7
DA:63,7
DA:64,7
DA:66,7
DA:67,7
DA:71,0
DA:80,0
DA:84,8
DA:88,0
DA:92,0
DA:96,0
DA:97,0
DA:101,7
DA:102,7
DA:109,7
DA:110,7
DA:111,7
DA:112,7
DA:114,7
DA:118,7
LF:31
LH:25
BRDA:15,0,0,0
BRDA:15,0,1,49
BRDA:15,1,0,49
BRDA:15,1,1,49
BRDA:29,2,0,7
BRDA:29,2,1,0
BRDA:30,3,0,1
BRDA:30,3,1,6
BRDA:31,4,0,7
BRDA:31,4,1,0
BRDA:31,5,0,7
BRDA:31,5,1,0
BRDA:32,6,0,7
BRDA:32,6,1,7
BRDA:54,7,0,0
BRDA:62,8,0,7
BRDA:62,8,1,0
BRDA:96,9,0,0
BRDA:96,9,1,0
BRDA:97,10,0,0
BRDA:97,10,1,0
BRDA:110,11,0,7
BRDA:110,11,1,0
BRF:23
BRH:12
end_of_record
TN:
SF:models/BetonTipus.js
FN:4,(anonymous_0)
FN:9,(anonymous_1)
FN:14,(anonymous_2)
FNF:3
FNH:1
FNDA:0,(anonymous_0)
FNDA:0,(anonymous_1)
FNDA:7,(anonymous_2)
DA:1,7
DA:5,0
DA:6,0
DA:10,0
DA:11,0
DA:15,7
DA:19,7
DA:23,7
LF:8
LH:4
BRF:0
BRH:0
end_of_record
TN:
SF:models/BetonszalTipus.js
FN:4,(anonymous_0)
FN:9,(anonymous_1)
FNF:2
FNH:0
FNDA:0,(anonymous_0)
FNDA:0,(anonymous_1)
DA:1,7
DA:5,0
DA:6,0
DA:10,0
DA:11,0
DA:15,7
LF:6
LH:2
BRF:0
BRH:0
end_of_record
TN:
SF:models/Megrendeles.js
FN:4,(anonymous_0)
FN:33,(anonymous_1)
FN:50,(anonymous_2)
FN:60,(anonymous_3)
FN:75,(anonymous_4)
FN:79,(anonymous_5)
FN:83,(anonymous_6)
FN:92,(anonymous_7)
FNF:8
FNH:5
FNDA:4,(anonymous_0)
FNDA:3,(anonymous_1)
FNDA:1,(anonymous_2)
FNDA:0,(anonymous_3)
FNDA:1,(anonymous_4)
FNDA:0,(anonymous_5)
FNDA:0,(anonymous_6)
FNDA:4,(anonymous_7)
DA:1,7
DA:11,4
DA:13,4
DA:30,4
DA:34,3
DA:47,3
DA:51,1
DA:57,1
DA:61,0
DA:72,0
DA:76,1
DA:80,0
DA:84,0
DA:88,0
DA:89,0
DA:93,4
DA:94,4
DA:101,4
DA:102,4
DA:103,4
DA:104,4
DA:106,4
DA:110,7
LF:23
LH:17
BRDA:22,0,0,4
BRDA:22,0,1,3
BRDA:24,1,0,4
BRDA:24,1,1,0
BRDA:24,2,0,4
BRDA:24,2,1,0
BRDA:25,3,0,4
BRDA:25,3,1,0
BRDA:25,4,0,4
BRDA:25,4,1,0
BRDA:88,5,0,0
BRDA:88,5,1,0
BRDA:102,6,0,4
BRDA:102,6,1,0
BRF:14
BRH:7
end_of_record
TN:
SF:models/Partner.js
FN:4,(anonymous_0)
FN:14,(anonymous_1)
FN:19,(anonymous_2)
FN:29,(anonymous_3)
FN:39,(anonymous_4)
FN:43,(anonymous_5)
FN:48,(anonymous_6)
FN:53,(anonymous_7)
FN:66,(anonymous_8)
FN:75,(anonymous_9)
FNF:10
FNH:4
FNDA:0,(anonymous_0)
FNDA:9,(anonymous_1)
FNDA:0,(anonymous_2)
FNDA:0,(anonymous_3)
FNDA:0,(anonymous_4)
FNDA:0,(anonymous_5)
FNDA:0,(anonymous_6)
FNDA:12,(anonymous_7)
FNDA:4,(anonymous_8)
FNDA:1,(anonymous_9)
DA:1,7
DA:5,0
DA:11,0
DA:15,9
DA:16,9
DA:20,0
DA:21,0
DA:26,0
DA:30,0
DA:31,0
DA:40,0
DA:44,0
DA:45,0
DA:49,0
DA:50,0
DA:54,12
DA:55,12
DA:57,12
DA:61,12
DA:62,12
DA:63,12
DA:67,4
DA:76,1
DA:85,7
LF:24
LH:12
BRDA:24,0,0,0
BRDA:24,0,1,0
BRDA:24,1,0,0
BRDA:24,1,1,0
BRDA:35,2,0,0
BRDA:35,2,1,0
BRDA:35,3,0,0
BRDA:35,3,1,0
BRDA:55,4,0,0
BRDA:55,4,1,12
BRDA:61,5,0,12
BRDA:61,5,1,2
BRF:12
BRH:3
end_of_record
TN:
SF:models/User.js
FN:5,(anonymous_0)
FN:10,(anonymous_1)
FN:15,(anonymous_2)
FN:28,(anonymous_3)
FN:32,(anonymous_4)
FN:41,(anonymous_5)
FN:49,(anonymous_6)
FN:53,(anonymous_7)
FN:59,(anonymous_8)
FNF:9
FNH:4
FNDA:29,(anonymous_0)
FNDA:5,(anonymous_1)
FNDA:12,(anonymous_2)
FNDA:15,(anonymous_3)
FNDA:0,(anonymous_4)
FNDA:0,(anonymous_5)
FNDA:0,(anonymous_6)
FNDA:0,(anonymous_7)
FNDA:0,(anonymous_8)
DA:1,7
DA:2,7
DA:6,29
DA:7,29
DA:11,5
DA:12,5
DA:16,12
DA:17,12
DA:19,12
DA:25,12
DA:29,15
DA:33,0
DA:38,0
DA:42,0
DA:43,0
DA:50,0
DA:54,0
DA:55,0
DA:56,0
DA:60,0
DA:61,0
DA:62,0
DA:63,0
DA:64,0
DA:66,0
DA:67,0
DA:71,7
LF:27
LH:12
BRDA:16,0,0,12
BRDA:22,1,0,12
BRDA:22,1,1,8
BRDA:45,2,0,0
BRDA:45,2,1,0
BRDA:56,3,0,0
BRDA:56,3,1,0
BRDA:59,4,0,0
BRDA:62,5,0,0
BRDA:62,5,1,0
BRF:10
BRH:3
end_of_record
TN:
SF:routes/adminRoutes.js
FNF:0
FNH:0
DA:1,7
DA:2,7
DA:18,7
DA:19,7
DA:22,7
DA:23,7
DA:24,7
DA:25,7
DA:28,7
DA:29,7
DA:30,7
DA:33,7
DA:34,7
DA:35,7
DA:38,7
DA:39,7
DA:40,7
DA:41,7
DA:43,7
LF:19
LH:19
BRF:0
BRH:0
end_of_record
TN:
SF:routes/ajanlatRoutes.js
FNF:0
FNH:0
DA:1,7
DA:2,7
DA:3,7
DA:4,7
DA:6,7
DA:7,7
DA:8,7
DA:10,7
LF:8
LH:8
BRF:0
BRH:0
end_of_record
TN:
SF:routes/authRoutes.js
FNF:0
FNH:0
DA:1,7
DA:2,7
DA:3,7
DA:5,7
DA:6,7
DA:8,7
LF:6
LH:6
BRF:0
BRH:0
end_of_record
TN:
SF:routes/megrendelesRoutes.js
FNF:0
FNH:0
DA:1,7
DA:2,7
DA:3,7
DA:4,7
DA:6,7
DA:7,7
DA:8,7
DA:10,7
LF:8
LH:8
BRF:0
BRH:0
end_of_record
TN:
SF:routes/partnerRoutes.js
FNF:0
FNH:0
DA:1,7
DA:2,7
DA:3,7
DA:4,7
DA:6,7
DA:8,7
LF:6
LH:6
BRF:0
BRH:0
end_of_record
TN:
SF:utils/helpers.js
FN:1,(anonymous_0)
FN:12,(anonymous_1)
FN:17,(anonymous_2)
FN:21,(anonymous_3)
FNF:4
FNH:4
FNDA:7,(anonymous_0)
FNDA:13,(anonymous_1)
FNDA:13,(anonymous_2)
FNDA:7,(anonymous_3)
DA:1,7
DA:2,7
DA:3,0
DA:4,0
DA:6,0
DA:7,0
DA:8,0
DA:12,7
DA:13,13
DA:14,13
DA:17,7
DA:18,13
DA:21,7
DA:22,7
DA:23,7
DA:24,7
DA:25,7
DA:26,7
DA:27,7
DA:28,7
DA:29,7
DA:31,7
DA:42,7
LF:23
LH:18
BRDA:2,0,0,7
BRDA:2,0,1,0
BRDA:2,1,0,7
BRDA:2,1,1,0
BRDA:3,2,0,0
BRDA:3,2,1,0
BRDA:18,3,0,13
BRDA:18,3,1,13
BRDA:22,4,0,7
BRDA:22,4,1,0
BRDA:23,5,0,7
BRDA:23,5,1,0
BRDA:24,6,0,1
BRDA:24,6,1,6
BRDA:25,7,0,7
BRDA:25,7,1,7
BRDA:26,8,0,7
BRDA:26,8,1,7
BRF:18
BRH:12
end_of_record
