TN:
SF:server.js
FN:14,(anonymous_0)
FN:22,(anonymous_1)
FN:41,(anonymous_2)
FN:47,(anonymous_3)
FN:55,(anonymous_4)
FN:59,(anonymous_5)
FN:131,(anonymous_6)
FN:158,(anonymous_7)
FN:196,(anonymous_8)
FN:228,(anonymous_9)
FN:280,(anonymous_10)
FN:339,(anonymous_11)
FN:490,(anonymous_12)
FN:518,(anonymous_13)
FN:666,(anonymous_14)
FN:712,(anonymous_15)
FN:758,(anonymous_16)
FN:785,(anonymous_17)
FN:819,(anonymous_18)
FN:847,(anonymous_19)
FN:866,(anonymous_20)
FN:884,(anonymous_21)
FN:918,(anonymous_22)
FN:976,(anonymous_23)
FN:1016,(anonymous_24)
FN:1023,(anonymous_25)
FN:1032,(anonymous_26)
FN:1061,(anonymous_27)
FN:1102,(anonymous_28)
FN:1133,(anonymous_29)
FNF:30
FNH:14
FNDA:38,(anonymous_0)
FNDA:33,(anonymous_1)
FNDA:7,(anonymous_2)
FNDA:56,(anonymous_3)
FNDA:0,(anonymous_4)
FNDA:14,(anonymous_5)
FNDA:0,(anonymous_6)
FNDA:0,(anonymous_7)
FNDA:0,(anonymous_8)
FNDA:0,(anonymous_9)
FNDA:17,(anonymous_10)
FNDA:9,(anonymous_11)
FNDA:3,(anonymous_12)
FNDA:7,(anonymous_13)
FNDA:4,(anonymous_14)
FNDA:0,(anonymous_15)
FNDA:0,(anonymous_16)
FNDA:3,(anonymous_17)
FNDA:0,(anonymous_18)
FNDA:4,(anonymous_19)
FNDA:0,(anonymous_20)
FNDA:0,(anonymous_21)
FNDA:1,(anonymous_22)
FNDA:0,(anonymous_23)
FNDA:7,(anonymous_24)
FNDA:0,(anonymous_25)
FNDA:0,(anonymous_26)
FNDA:0,(anonymous_27)
FNDA:0,(anonymous_28)
FNDA:0,(anonymous_29)
DA:1,7
DA:2,7
DA:3,7
DA:4,7
DA:5,7
DA:6,7
DA:8,7
DA:9,7
DA:11,7
DA:12,7
DA:14,7
DA:15,38
DA:16,38
DA:18,38
DA:19,5
DA:22,33
DA:23,33
DA:24,2
DA:26,31
DA:27,31
DA:31,7
DA:41,7
DA:42,7
DA:43,7
DA:44,7
DA:46,7
DA:47,56
DA:49,7
DA:51,0
DA:55,7
DA:56,0
DA:59,7
DA:60,14
DA:61,14
DA:63,14
DA:64,1
DA:70,13
DA:71,13
DA:72,0
DA:78,13
DA:79,0
DA:85,13
DA:90,13
DA:91,1
DA:97,12
DA:99,12
DA:105,12
DA:111,12
DA:126,0
DA:127,0
DA:131,7
DA:132,0
DA:133,0
DA:134,0
DA:135,0
DA:138,0
DA:151,0
DA:153,0
DA:154,0
DA:158,7
DA:159,0
DA:160,0
DA:161,0
DA:162,0
DA:163,0
DA:164,0
DA:167,0
DA:168,0
DA:169,0
DA:172,0
DA:173,0
DA:177,0
DA:178,0
DA:182,0
DA:189,0
DA:191,0
DA:192,0
DA:196,7
DA:197,0
DA:198,0
DA:200,0
DA:201,0
DA:202,0
DA:205,0
DA:206,0
DA:209,0
DA:210,0
DA:212,0
DA:213,0
DA:219,0
DA:221,0
DA:223,0
DA:224,0
DA:228,7
DA:229,0
DA:230,0
DA:231,0
DA:232,0
DA:233,0
DA:236,0
DA:237,0
DA:240,0
DA:241,0
DA:242,0
DA:245,0
DA:246,0
DA:249,0
DA:250,0
DA:251,0
DA:254,0
DA:256,0
DA:262,0
DA:275,0
DA:276,0
DA:280,7
DA:281,17
DA:282,17
DA:284,17
DA:285,1
DA:291,16
DA:296,16
DA:297,1
DA:303,15
DA:304,15
DA:306,15
DA:307,1
DA:313,14
DA:319,14
DA:334,0
DA:335,0
DA:339,7
DA:340,9
DA:341,9
DA:342,9
DA:358,9
DA:360,9
DA:362,9
DA:367,9
DA:368,1
DA:371,8
DA:376,8
DA:377,8
DA:378,8
DA:380,8
DA:381,1
DA:387,7
DA:392,7
DA:393,0
DA:396,7
DA:398,7
DA:399,7
DA:400,0
DA:404,0
DA:405,0
DA:409,7
DA:410,7
DA:411,7
DA:413,7
DA:414,7
DA:415,7
DA:417,0
DA:418,0
DA:419,0
DA:422,7
DA:423,7
DA:424,7
DA:425,7
DA:426,7
DA:434,7
DA:435,7
DA:436,7
DA:437,7
DA:440,7
DA:441,7
DA:443,7
DA:444,7
DA:445,7
DA:447,7
DA:458,7
DA:467,7
DA:469,7
DA:482,0
DA:483,0
DA:490,7
DA:491,3
DA:492,3
DA:494,3
DA:510,3
DA:513,0
DA:514,0
DA:518,7
DA:519,7
DA:520,7
DA:521,7
DA:535,7
DA:537,7
DA:538,7
DA:546,7
DA:547,1
DA:550,6
DA:552,6
DA:553,6
DA:555,6
DA:556,0
DA:559,6
DA:560,2
DA:563,4
DA:568,4
DA:569,4
DA:570,4
DA:571,4
DA:573,4
DA:574,0
DA:580,4
DA:587,4
DA:589,4
DA:597,4
DA:598,4
DA:599,4
DA:600,4
DA:603,4
DA:604,4
DA:606,4
DA:645,4
DA:650,4
DA:661,0
DA:662,0
DA:666,7
DA:667,4
DA:668,4
DA:669,4
DA:671,4
DA:673,4
DA:678,4
DA:679,2
DA:685,2
DA:687,2
DA:688,1
DA:694,1
DA:696,1
DA:698,1
DA:704,0
DA:705,0
DA:712,7
DA:713,0
DA:714,0
DA:715,0
DA:717,0
DA:719,0
DA:724,0
DA:725,0
DA:731,0
DA:733,0
DA:734,0
DA:740,0
DA:742,0
DA:744,0
DA:750,0
DA:751,0
DA:758,7
DA:759,0
DA:760,0
DA:762,0
DA:763,0
DA:764,0
DA:767,0
DA:769,0
DA:771,0
DA:777,0
DA:778,0
DA:785,7
DA:786,3
DA:787,3
DA:789,3
DA:811,3
DA:814,0
DA:815,0
DA:819,7
DA:820,0
DA:821,0
DA:822,0
DA:823,0
DA:826,0
DA:840,0
DA:842,0
DA:843,0
DA:847,7
DA:848,4
DA:849,4
DA:850,4
DA:852,4
DA:853,4
DA:854,0
DA:857,4
DA:858,4
DA:861,0
DA:862,0
DA:866,7
DA:867,0
DA:868,0
DA:870,0
DA:871,0
DA:872,0
DA:875,0
DA:876,0
DA:879,0
DA:880,0
DA:884,7
DA:885,0
DA:886,0
DA:887,0
DA:888,0
DA:891,0
DA:910,0
DA:913,0
DA:914,0
DA:918,7
DA:919,1
DA:920,1
DA:921,1
DA:923,1
DA:924,1
DA:925,0
DA:928,1
DA:936,1
DA:937,0
DA:940,1
DA:941,1
DA:943,1
DA:944,1
DA:946,1
DA:954,1
DA:955,0
DA:961,1
DA:963,1
DA:971,0
DA:972,0
DA:976,7
DA:977,0
DA:978,0
DA:980,0
DA:981,0
DA:982,0
DA:985,0
DA:993,0
DA:994,0
DA:996,0
DA:997,0
DA:1003,0
DA:1007,0
DA:1008,0
DA:1011,0
DA:1012,0
DA:1016,7
DA:1017,7
DA:1018,7
DA:1022,7
DA:1023,0
DA:1024,0
DA:1025,0
DA:1032,7
DA:1033,0
DA:1034,0
DA:1035,0
DA:1036,0
DA:1039,0
DA:1053,0
DA:1055,0
DA:1056,0
DA:1061,7
DA:1062,0
DA:1063,0
DA:1065,0
DA:1066,0
DA:1067,0
DA:1070,0
DA:1071,0
DA:1074,0
DA:1080,0
DA:1094,0
DA:1095,0
DA:1096,0
DA:1097,0
DA:1102,7
DA:1103,0
DA:1104,0
DA:1105,0
DA:1107,0
DA:1108,0
DA:1109,0
DA:1112,0
DA:1113,0
DA:1114,0
DA:1117,0
DA:1124,0
DA:1127,0
DA:1128,0
DA:1133,7
DA:1134,0
DA:1135,0
DA:1137,0
DA:1138,0
DA:1139,0
DA:1142,0
DA:1143,0
DA:1144,0
DA:1150,0
DA:1151,0
DA:1152,0
DA:1158,0
DA:1160,0
DA:1163,0
DA:1164,0
DA:1168,7
LF:414
LH:202
BRDA:9,0,0,7
BRDA:9,0,1,0
BRDA:16,1,0,38
BRDA:16,1,1,33
BRDA:18,2,0,5
BRDA:18,2,1,33
BRDA:22,3,0,33
BRDA:22,3,1,0
BRDA:23,4,0,2
BRDA:23,4,1,31
BRDA:32,5,0,7
BRDA:32,5,1,0
BRDA:33,6,0,7
BRDA:33,6,1,0
BRDA:34,7,0,7
BRDA:34,7,1,0
BRDA:35,8,0,7
BRDA:35,8,1,0
BRDA:63,9,0,1
BRDA:63,9,1,13
BRDA:63,10,0,14
BRDA:63,10,1,13
BRDA:63,10,2,13
BRDA:63,10,3,13
BRDA:71,11,0,0
BRDA:71,11,1,13
BRDA:78,12,0,0
BRDA:78,12,1,13
BRDA:90,13,0,1
BRDA:90,13,1,12
BRDA:102,14,0,12
BRDA:102,14,1,8
BRDA:107,15,0,12
BRDA:107,15,1,0
BRDA:119,16,0,12
BRDA:119,16,1,8
BRDA:134,17,0,0
BRDA:134,17,1,0
BRDA:134,18,0,0
BRDA:134,18,1,0
BRDA:163,19,0,0
BRDA:163,19,1,0
BRDA:163,20,0,0
BRDA:163,20,1,0
BRDA:168,21,0,0
BRDA:168,21,1,0
BRDA:172,22,0,0
BRDA:172,22,1,0
BRDA:177,23,0,0
BRDA:177,23,1,0
BRDA:186,24,0,0
BRDA:186,24,1,0
BRDA:201,25,0,0
BRDA:201,25,1,0
BRDA:201,26,0,0
BRDA:201,26,1,0
BRDA:205,27,0,0
BRDA:205,27,1,0
BRDA:212,28,0,0
BRDA:212,28,1,0
BRDA:212,29,0,0
BRDA:212,29,1,0
BRDA:232,30,0,0
BRDA:232,30,1,0
BRDA:232,31,0,0
BRDA:232,31,1,0
BRDA:236,32,0,0
BRDA:236,32,1,0
BRDA:236,33,0,0
BRDA:236,33,1,0
BRDA:236,33,2,0
BRDA:236,33,3,0
BRDA:241,34,0,0
BRDA:241,34,1,0
BRDA:245,35,0,0
BRDA:245,35,1,0
BRDA:250,36,0,0
BRDA:250,36,1,0
BRDA:259,37,0,0
BRDA:259,37,1,0
BRDA:259,38,0,0
BRDA:259,38,1,0
BRDA:269,39,0,0
BRDA:269,39,1,0
BRDA:271,40,0,0
BRDA:271,40,1,0
BRDA:284,41,0,1
BRDA:284,41,1,16
BRDA:284,42,0,17
BRDA:284,42,1,17
BRDA:296,43,0,1
BRDA:296,43,1,15
BRDA:306,44,0,1
BRDA:306,44,1,14
BRDA:314,45,0,14
BRDA:314,45,1,0
BRDA:315,46,0,14
BRDA:315,46,1,0
BRDA:329,47,0,14
BRDA:329,47,1,0
BRDA:367,48,0,1
BRDA:367,48,1,8
BRDA:376,49,0,8
BRDA:376,49,1,2
BRDA:380,50,0,1
BRDA:380,50,1,7
BRDA:392,51,0,0
BRDA:392,51,1,7
BRDA:399,52,0,0
BRDA:399,52,1,7
BRDA:399,53,0,7
BRDA:399,53,1,7
BRDA:404,54,0,0
BRDA:404,54,1,0
BRDA:411,55,0,1
BRDA:411,55,1,6
BRDA:414,56,0,7
BRDA:414,56,1,0
BRDA:435,57,0,7
BRDA:435,57,1,0
BRDA:459,58,0,7
BRDA:459,58,1,0
BRDA:460,59,0,1
BRDA:460,59,1,6
BRDA:462,60,0,7
BRDA:462,60,1,0
BRDA:462,61,0,7
BRDA:462,61,1,0
BRDA:462,62,0,7
BRDA:462,62,1,7
BRDA:546,63,0,1
BRDA:546,63,1,6
BRDA:555,64,0,0
BRDA:555,64,1,6
BRDA:559,65,0,2
BRDA:559,65,1,4
BRDA:568,66,0,4
BRDA:568,66,1,0
BRDA:573,67,0,0
BRDA:573,67,1,4
BRDA:598,68,0,4
BRDA:598,68,1,0
BRDA:630,69,0,4
BRDA:630,69,1,3
BRDA:634,70,0,4
BRDA:634,70,1,0
BRDA:635,71,0,4
BRDA:635,71,1,0
BRDA:636,72,0,4
BRDA:636,72,1,0
BRDA:637,73,0,4
BRDA:637,73,1,0
BRDA:678,74,0,2
BRDA:678,74,1,2
BRDA:687,75,0,1
BRDA:687,75,1,1
BRDA:724,76,0,0
BRDA:724,76,1,0
BRDA:733,77,0,0
BRDA:733,77,1,0
BRDA:733,78,0,0
BRDA:733,78,1,0
BRDA:763,79,0,0
BRDA:763,79,1,0
BRDA:763,80,0,0
BRDA:763,80,1,0
BRDA:822,81,0,0
BRDA:822,81,1,0
BRDA:822,82,0,0
BRDA:822,82,1,0
BRDA:853,83,0,0
BRDA:853,83,1,4
BRDA:853,84,0,4
BRDA:853,84,1,4
BRDA:871,85,0,0
BRDA:871,85,1,0
BRDA:871,86,0,0
BRDA:871,86,1,0
BRDA:887,87,0,0
BRDA:887,87,1,0
BRDA:887,88,0,0
BRDA:887,88,1,0
BRDA:924,89,0,0
BRDA:924,89,1,1
BRDA:924,90,0,1
BRDA:924,90,1,1
BRDA:936,91,0,0
BRDA:936,91,1,1
BRDA:943,92,0,1
BRDA:943,92,1,0
BRDA:943,93,0,1
BRDA:943,93,1,1
BRDA:954,94,0,0
BRDA:954,94,1,1
BRDA:954,95,0,1
BRDA:954,95,1,0
BRDA:965,96,0,1
BRDA:965,96,1,0
BRDA:965,97,0,1
BRDA:965,97,1,1
BRDA:981,98,0,0
BRDA:981,98,1,0
BRDA:981,99,0,0
BRDA:981,99,1,0
BRDA:993,100,0,0
BRDA:993,100,1,0
BRDA:996,101,0,0
BRDA:996,101,1,0
BRDA:1022,102,0,0
BRDA:1022,102,1,7
BRDA:1035,103,0,0
BRDA:1035,103,1,0
BRDA:1035,104,0,0
BRDA:1035,104,1,0
BRDA:1066,105,0,0
BRDA:1066,105,1,0
BRDA:1066,106,0,0
BRDA:1066,106,1,0
BRDA:1070,107,0,0
BRDA:1070,107,1,0
BRDA:1070,108,0,0
BRDA:1070,108,1,0
BRDA:1070,108,2,0
BRDA:1077,109,0,0
BRDA:1077,109,1,0
BRDA:1077,110,0,0
BRDA:1077,110,1,0
BRDA:1108,111,0,0
BRDA:1108,111,1,0
BRDA:1108,112,0,0
BRDA:1108,112,1,0
BRDA:1113,113,0,0
BRDA:1113,113,1,0
BRDA:1121,114,0,0
BRDA:1121,114,1,0
BRDA:1121,115,0,0
BRDA:1121,115,1,0
BRDA:1138,116,0,0
BRDA:1138,116,1,0
BRDA:1138,117,0,0
BRDA:1138,117,1,0
BRDA:1143,118,0,0
BRDA:1143,118,1,0
BRDA:1151,119,0,0
BRDA:1151,119,1,0
BRF:245
BRH:93
end_of_record
